       0    0.00000 -550.52566 -550.52566  -17.20393  -17.20393
       1    0.00726 -550.57748 -550.57022  -17.20555  -17.20532
       2    0.02741 -550.57832 -550.55091  -17.20557  -17.20472
       3    0.01997 -550.54448 -550.52451  -17.20451  -17.20389
       4    0.02270 -550.59952 -550.57682  -17.20623  -17.20553
       5    0.02164 -550.56073 -550.53909  -17.20502  -17.20435
       6    0.01456 -550.52543 -550.51087  -17.20392  -17.20346
       7    0.02385 -550.57299 -550.54914  -17.20541  -17.20466
       8    0.02282 -550.55560 -550.53278  -17.20486  -17.20415
       9    0.01682 -550.54256 -550.52574  -17.20446  -17.20393
      10    0.02133 -550.55780 -550.53647  -17.20493  -17.20426
      11    0.02565 -550.56015 -550.53450  -17.20500  -17.20420
      12    0.02237 -550.54469 -550.52232  -17.20452  -17.20382
      13    0.01811 -550.53777 -550.51966  -17.20431  -17.20374
      14    0.02128 -550.54650 -550.52522  -17.20458  -17.20391
      15    0.02375 -550.54041 -550.51666  -17.20439  -17.20365
      16    0.02137 -550.53560 -550.51423  -17.20424  -17.20357
      17    0.01994 -550.52548 -550.50554  -17.20392  -17.20330
      18    0.02178 -550.53279 -550.51101  -17.20415  -17.20347
      19    0.01923 -550.53472 -550.51549  -17.20421  -17.20361
      20    0.02452 -550.54508 -550.52056  -17.20453  -17.20377
      21    0.02267 -550.54861 -550.52594  -17.20464  -17.20394
      22    0.02404 -550.54424 -550.52020  -17.20451  -17.20376
      23    0.02028 -550.54986 -550.52958  -17.20468  -17.20405
      24    0.02018 -550.54560 -550.52542  -17.20455  -17.20392
      25    0.02130 -550.53004 -550.50874  -17.20406  -17.20340
      26    0.02332 -550.55073 -550.52741  -17.20471  -17.20398
      27    0.02054 -550.54150 -550.52096  -17.20442  -17.20378
      28    0.02044 -550.53576 -550.51532  -17.20424  -17.20360
      29    0.02342 -550.52971 -550.50629  -17.20405  -17.20332
      30    0.01857 -550.51749 -550.49892  -17.20367  -17.20309
      31    0.02233 -550.52790 -550.50557  -17.20400  -17.20330
      32    0.02543 -550.52365 -550.49822  -17.20386  -17.20307
      33    0.02513 -550.51723 -550.49210  -17.20366  -17.20288
      34    0.02077 -550.52426 -550.50349  -17.20388  -17.20323
      35    0.02963 -550.53229 -550.50266  -17.20413  -17.20321
      36    0.02207 -550.53503 -550.51296  -17.20422  -17.20353
      37    0.02402 -550.55499 -550.53097  -17.20484  -17.20409
      38    0.01895 -550.55017 -550.53122  -17.20469  -17.20410
      39    0.02303 -550.55077 -550.52774  -17.20471  -17.20399
      40    0.02290 -550.52727 -550.50437  -17.20398  -17.20326
      41    0.02252 -550.53012 -550.50760  -17.20407  -17.20336
      42    0.02433 -550.52708 -550.50275  -17.20397  -17.20321
      43    0.02135 -550.52501 -550.50366  -17.20391  -17.20324
      44    0.02503 -550.53634 -550.51131  -17.20426  -17.20348
      45    0.02202 -550.53240 -550.51038  -17.20414  -17.20345
      46    0.02264 -550.54170 -550.51906  -17.20443  -17.20372
      47    0.02120 -550.53793 -550.51673  -17.20431  -17.20365
      48    0.02406 -550.54225 -550.51819  -17.20445  -17.20369
      49    0.02322 -550.54714 -550.52392  -17.20460  -17.20387
      50    0.01912 -550.55363 -550.53451  -17.20480  -17.20420
      51    0.01905 -550.54299 -550.52394  -17.20447  -17.20387
      52    0.02483 -550.53785 -550.51302  -17.20431  -17.20353
      53    0.02058 -550.53449 -550.51391  -17.20420  -17.20356
      54    0.01851 -550.51915 -550.50064  -17.20372  -17.20314
      55    0.02392 -550.53216 -550.50824  -17.20413  -17.20338
      56    0.02369 -550.53606 -550.51237  -17.20425  -17.20351
      57    0.02363 -550.53230 -550.50867  -17.20413  -17.20340
      58    0.02116 -550.53955 -550.51839  -17.20436  -17.20370
      59    0.01989 -550.52031 -550.50042  -17.20376  -17.20314
      60    0.02297 -550.52617 -550.50320  -17.20394  -17.20322
      61    0.02467 -550.54401 -550.51934  -17.20450  -17.20373
      62    0.02285 -550.51805 -550.49520  -17.20369  -17.20297
      63    0.02389 -550.52038 -550.49649  -17.20376  -17.20302
      64    0.02246 -550.52556 -550.50310  -17.20392  -17.20322
      65    0.02452 -550.51612 -550.49160  -17.20363  -17.20286
      66    0.02091 -550.51016 -550.48925  -17.20344  -17.20279
      67    0.02385 -550.53130 -550.50745  -17.20410  -17.20336
      68    0.01922 -550.52329 -550.50407  -17.20385  -17.20325
      69    0.02270 -550.52287 -550.50017  -17.20384  -17.20313
      70    0.02238 -550.53230 -550.50992  -17.20413  -17.20343
      71    0.02496 -550.53109 -550.50613  -17.20410  -17.20332
      72    0.01970 -550.50806 -550.48836  -17.20338  -17.20276
      73    0.02168 -550.51298 -550.49130  -17.20353  -17.20285
      74    0.02324 -550.51475 -550.49151  -17.20359  -17.20286
      75    0.02132 -550.51245 -550.49113  -17.20351  -17.20285
      76    0.02348 -550.51229 -550.48881  -17.20351  -17.20278
      77    0.02248 -550.49447 -550.47199  -17.20295  -17.20225
      78    0.02408 -550.49576 -550.47168  -17.20299  -17.20224
      79    0.02236 -550.51091 -550.48855  -17.20347  -17.20277
      80    0.02280 -550.52176 -550.49896  -17.20380  -17.20309
      81    0.02061 -550.52266 -550.50205  -17.20383  -17.20319
      82    0.02105 -550.51387 -550.49282  -17.20356  -17.20290
      83    0.02085 -550.49998 -550.47913  -17.20312  -17.20247
      84    0.02162 -550.49295 -550.47133  -17.20290  -17.20223
      85    0.01974 -550.48330 -550.46356  -17.20260  -17.20199
      86    0.01999 -550.48449 -550.46450  -17.20264  -17.20202
      87    0.02461 -550.48422 -550.45961  -17.20263  -17.20186
      88    0.02216 -550.48851 -550.46635  -17.20277  -17.20207
      89    0.01941 -550.48870 -550.46929  -17.20277  -17.20217
      90    0.02231 -550.51229 -550.48998  -17.20351  -17.20281
      91    0.02366 -550.53513 -550.51147  -17.20422  -17.20348
      92    0.02024 -550.52881 -550.50857  -17.20403  -17.20339
      93    0.02164 -550.53316 -550.51152  -17.20416  -17.20349
      94    0.02206 -550.53397 -550.51191  -17.20419  -17.20350
      95    0.02014 -550.52742 -550.50728  -17.20398  -17.20335
      96    0.02283 -550.52528 -550.50245  -17.20391  -17.20320
      97    0.02052 -550.52954 -550.50902  -17.20405  -17.20341
      98    0.01843 -550.52843 -550.51000  -17.20401  -17.20344
      99    0.02350 -550.52334 -550.49984  -17.20385  -17.20312
     100    0.02373 -550.51065 -550.48692  -17.20346  -17.20272
     101    0.02091 -550.51717 -550.49626  -17.20366  -17.20301
     102    0.02490 -550.52507 -550.50017  -17.20391  -17.20313
     103    0.02187 -550.52212 -550.50025  -17.20382  -17.20313
     104    0.02202 -550.52842 -550.50640  -17.20401  -17.20332
     105    0.01929 -550.51893 -550.49964  -17.20372  -17.20311
     106    0.02054 -550.52440 -550.50386  -17.20389  -17.20325
     107    0.02369 -550.53609 -550.51240  -17.20425  -17.20351
     108    0.01998 -550.53296 -550.51298  -17.20416  -17.20353
     109    0.02278 -550.53343 -550.51065  -17.20417  -17.20346
     110    0.02096 -550.54270 -550.52174  -17.20446  -17.20380
     111    0.01950 -550.54201 -550.52251  -17.20444  -17.20383
     112    0.02312 -550.54026 -550.51714  -17.20438  -17.20366
     113    0.02044 -550.53936 -550.51892  -17.20435  -17.20372
     114    0.02297 -550.53198 -550.50901  -17.20412  -17.20341
     115    0.02120 -550.53285 -550.51165  -17.20415  -17.20349
     116    0.02541 -550.53301 -550.50760  -17.20416  -17.20336
     117    0.02205 -550.50089 -550.47884  -17.20315  -17.20246
     118    0.02234 -550.49552 -550.47318  -17.20298  -17.20229
     119    0.02408 -550.50879 -550.48471  -17.20340  -17.20265
     120    0.02276 -550.50961 -550.48685  -17.20343  -17.20271
     121    0.02294 -550.51658 -550.49364  -17.20364  -17.20293
     122    0.02261 -550.52368 -550.50107  -17.20387  -17.20316
     123    0.02358 -550.52766 -550.50408  -17.20399  -17.20325
     124    0.02155 -550.52679 -550.50524  -17.20396  -17.20329
     125    0.02225 -550.52876 -550.50651  -17.20402  -17.20333
     126    0.02386 -550.52161 -550.49775  -17.20380  -17.20305
     127    0.02058 -550.52317 -550.50259  -17.20385  -17.20321
     128    0.02293 -550.54051 -550.51758  -17.20439  -17.20367
     129    0.02463 -550.53573 -550.51110  -17.20424  -17.20347
     130    0.02332 -550.53181 -550.50849  -17.20412  -17.20339
     131    0.02011 -550.53998 -550.51987  -17.20437  -17.20375
     132    0.01841 -550.53486 -550.51645  -17.20421  -17.20364
     133    0.02324 -550.53891 -550.51567  -17.20434  -17.20361
     134    0.02222 -550.54176 -550.51954  -17.20443  -17.20374
     135    0.01944 -550.53605 -550.51661  -17.20425  -17.20364
     136    0.02330 -550.51117 -550.48787  -17.20347  -17.20275
     137    0.02438 -550.53447 -550.51009  -17.20420  -17.20344
     138    0.01841 -550.53163 -550.51322  -17.20411  -17.20354
     139    0.02049 -550.53542 -550.51493  -17.20423  -17.20359
     140    0.01931 -550.55575 -550.53644  -17.20487  -17.20426
     141    0.01844 -550.56508 -550.54664  -17.20516  -17.20458
     142    0.02138 -550.57215 -550.55077  -17.20538  -17.20471
     143    0.02533 -550.58241 -550.55708  -17.20570  -17.20491
     144    0.02052 -550.55696 -550.53644  -17.20491  -17.20426
     145    0.02002 -550.55660 -550.53658  -17.20489  -17.20427
     146    0.02381 -550.54099 -550.51718  -17.20441  -17.20366
     147    0.02083 -550.52016 -550.49933  -17.20376  -17.20310
     148    0.02362 -550.55547 -550.53185  -17.20486  -17.20412
     149    0.02042 -550.55776 -550.53734  -17.20493  -17.20429
     150    0.01864 -550.54252 -550.52388  -17.20445  -17.20387
     151    0.02267 -550.53799 -550.51532  -17.20431  -17.20360
     152    0.02570 -550.53893 -550.51323  -17.20434  -17.20354
     153    0.02165 -550.54436 -550.52271  -17.20451  -17.20383
     154    0.01926 -550.54694 -550.52768  -17.20459  -17.20399
     155    0.02136 -550.54339 -550.52203  -17.20448  -17.20381
     156    0.02174 -550.55544 -550.53370  -17.20486  -17.20418
     157    0.02307 -550.56051 -550.53744  -17.20502  -17.20429
     158    0.01973 -550.54354 -550.52381  -17.20449  -17.20387
     159    0.02410 -550.54883 -550.52473  -17.20465  -17.20390
     160    0.02080 -550.54854 -550.52774  -17.20464  -17.20399
     161    0.01942 -550.54037 -550.52095  -17.20439  -17.20378
     162    0.02147 -550.54097 -550.51950  -17.20441  -17.20373
     163    0.02292 -550.55391 -550.53099  -17.20481  -17.20409
     164    0.01767 -550.54730 -550.52963  -17.20460  -17.20405
     165    0.02120 -550.55073 -550.52953  -17.20471  -17.20405
     166    0.02521 -550.55527 -550.53006  -17.20485  -17.20406
     167    0.02183 -550.52405 -550.50222  -17.20388  -17.20319
     168    0.02148 -550.53154 -550.51006  -17.20411  -17.20344
     169    0.02206 -550.52995 -550.50789  -17.20406  -17.20337
     170    0.02355 -550.53795 -550.51440  -17.20431  -17.20358
     171    0.02038 -550.54287 -550.52249  -17.20446  -17.20383
     172    0.01905 -550.54514 -550.52609  -17.20454  -17.20394
     173    0.02022 -550.55759 -550.53737  -17.20492  -17.20429
     174    0.02408 -550.54616 -550.52208  -17.20457  -17.20381
     175    0.02354 -550.54335 -550.51981  -17.20448  -17.20374
     176    0.02213 -550.54773 -550.52560  -17.20462  -17.20393
     177    0.01841 -550.53107 -550.51266  -17.20410  -17.20352
     178    0.02000 -550.52735 -550.50735  -17.20398  -17.20335
     179    0.02281 -550.54375 -550.52094  -17.20449  -17.20378
     180    0.01891 -550.54475 -550.52584  -17.20452  -17.20393
     181    0.01878 -550.53647 -550.51769  -17.20426  -17.20368
     182    0.02411 -550.54930 -550.52519  -17.20467  -17.20391
     183    0.01915 -550.54067 -550.52152  -17.20440  -17.20380
     184    0.02243 -550.53580 -550.51337  -17.20424  -17.20354
     185    0.02483 -550.54387 -550.51904  -17.20450  -17.20372
     186    0.02102 -550.53450 -550.51348  -17.20420  -17.20355
     187    0.01932 -550.53378 -550.51446  -17.20418  -17.20358
     188    0.02840 -550.54032 -550.51192  -17.20439  -17.20350
     189    0.02096 -550.52551 -550.50455  -17.20392  -17.20327
     190    0.02251 -550.52949 -550.50698  -17.20405  -17.20334
     191    0.01984 -550.50877 -550.48893  -17.20340  -17.20278
     192    0.02230 -550.50107 -550.47877  -17.20316  -17.20246
     193    0.02643 -550.52554 -550.49911  -17.20392  -17.20310
     194    0.02058 -550.52356 -550.50298  -17.20386  -17.20322
     195    0.02027 -550.51905 -550.49878  -17.20372  -17.20309
     196    0.02180 -550.52531 -550.50351  -17.20392  -17.20323
     197    0.02330 -550.52593 -550.50263  -17.20394  -17.20321
     198    0.02276 -550.52120 -550.49844  -17.20379  -17.20308
     199    0.02412 -550.53159 -550.50747  -17.20411  -17.20336
     200    0.02136 -550.50645 -550.48509  -17.20333  -17.20266
     201    0.02504 -550.50252 -550.47748  -17.20320  -17.20242
     202    0.02087 -550.51298 -550.49211  -17.20353  -17.20288
     203    0.02449 -550.51511 -550.49062  -17.20360  -17.20283
     204    0.02298 -550.50430 -550.48132  -17.20326  -17.20254
     205    0.01911 -550.50468 -550.48557  -17.20327  -17.20267
     206    0.02415 -550.51176 -550.48761  -17.20349  -17.20274
     207    0.02549 -550.51805 -550.49256  -17.20369  -17.20289
     208    0.01955 -550.49446 -550.47491  -17.20295  -17.20234
     209    0.02433 -550.50147 -550.47714  -17.20317  -17.20241
     210    0.02313 -550.50455 -550.48142  -17.20327  -17.20254
     211    0.02132 -550.51292 -550.49160  -17.20353  -17.20286
     212    0.02034 -550.52568 -550.50534  -17.20393  -17.20329
     213    0.02382 -550.53088 -550.50706  -17.20409  -17.20335
     214    0.02010 -550.54623 -550.52613  -17.20457  -17.20394
     215    0.01815 -550.55048 -550.53233  -17.20470  -17.20414
     216    0.02258 -550.54606 -550.52348  -17.20456  -17.20386
     217    0.02040 -550.52568 -550.50528  -17.20393  -17.20329
     218    0.02338 -550.52593 -550.50255  -17.20394  -17.20320
     219    0.02461 -550.53989 -550.51528  -17.20437  -17.20360
     220    0.02321 -550.53704 -550.51383  -17.20428  -17.20356
     221    0.02014 -550.53663 -550.51649  -17.20427  -17.20364
     222    0.02247 -550.53525 -550.51278  -17.20423  -17.20352
     223    0.02202 -550.54139 -550.51937  -17.20442  -17.20373
     224    0.02043 -550.55306 -550.53263  -17.20478  -17.20414
     225    0.02176 -550.53634 -550.51458  -17.20426  -17.20358
     226    0.02396 -550.55139 -550.52743  -17.20473  -17.20398
     227    0.02284 -550.53984 -550.51700  -17.20437  -17.20366
     228    0.01916 -550.51155 -550.49239  -17.20349  -17.20289
     229    0.02620 -550.52319 -550.49699  -17.20385  -17.20303
     230    0.02809 -550.54588 -550.51779  -17.20456  -17.20368
     231    0.02022 -550.54613 -550.52591  -17.20457  -17.20393
     232    0.02095 -550.55709 -550.53614  -17.20491  -17.20425
     233    0.02049 -550.56649 -550.54600  -17.20520  -17.20456
     234    0.02077 -550.56071 -550.53994  -17.20502  -17.20437
     235    0.02449 -550.56051 -550.53602  -17.20502  -17.20425
     236    0.02110 -550.56894 -550.54784  -17.20528  -17.20462
     237    0.02055 -550.57793 -550.55738  -17.20556  -17.20492
     238    0.02093 -550.56044 -550.53951  -17.20501  -17.20436
     239    0.02147 -550.56752 -550.54605  -17.20524  -17.20456
     240    0.02447 -550.56869 -550.54422  -17.20527  -17.20451
     241    0.02014 -550.55306 -550.53292  -17.20478  -17.20415
     242    0.02297 -550.56285 -550.53988  -17.20509  -17.20437
     243    0.02347 -550.55786 -550.53439  -17.20493  -17.20420
     244    0.01959 -550.54535 -550.52576  -17.20454  -17.20393
     245    0.01955 -550.55445 -550.53490  -17.20483  -17.20422
     246    0.02087 -550.55346 -550.53259  -17.20480  -17.20414
     247    0.02110 -550.54128 -550.52018  -17.20442  -17.20376
     248    0.02100 -550.54805 -550.52705  -17.20463  -17.20397
     249    0.02156 -550.55158 -550.53002  -17.20474  -17.20406
     250    0.02414 -550.56281 -550.53867  -17.20509  -17.20433
     251    0.02196 -550.56164 -550.53968  -17.20505  -17.20436
     252    0.02070 -550.55292 -550.53222  -17.20478  -17.20413
     253    0.02316 -550.55282 -550.52966  -17.20478  -17.20405
     254    0.01944 -550.53757 -550.51813  -17.20430  -17.20369
     255    0.01974 -550.53548 -550.51574  -17.20423  -17.20362
     256    0.02408 -550.53330 -550.50922  -17.20417  -17.20341
     257    0.02056 -550.52082 -550.50026  -17.20378  -17.20313
     258    0.01952 -550.52857 -550.50905  -17.20402  -17.20341
     259    0.02444 -550.53397 -550.50953  -17.20419  -17.20342
     260    0.02846 -550.53820 -550.50974  -17.20432  -17.20343
     261    0.02037 -550.54267 -550.52230  -17.20446  -17.20382
     262    0.02330 -550.55093 -550.52763  -17.20472  -17.20399
     263    0.02203 -550.54412 -550.52209  -17.20450  -17.20382
     264    0.02191 -550.55546 -550.53355  -17.20486  -17.20417
     265    0.02160 -550.55564 -550.53404  -17.20486  -17.20419
     266    0.02248 -550.55864 -550.53616  -17.20496  -17.20425
     267    0.02196 -550.55117 -550.52921  -17.20472  -17.20404
     268    0.02164 -550.54631 -550.52467  -17.20457  -17.20390
     269    0.02195 -550.53534 -550.51339  -17.20423  -17.20354
     270    0.02528 -550.54999 -550.52471  -17.20469  -17.20390
     271    0.02241 -550.54691 -550.52450  -17.20459  -17.20389
     272    0.01819 -550.53322 -550.51503  -17.20416  -17.20359
     273    0.02538 -550.54900 -550.52362  -17.20466  -17.20386
     274    0.02131 -550.52886 -550.50755  -17.20403  -17.20336
     275    0.02007 -550.53154 -550.51147  -17.20411  -17.20348
     276    0.02233 -550.53629 -550.51396  -17.20426  -17.20356
     277    0.02014 -550.53351 -550.51337  -17.20417  -17.20354
     278    0.02406 -550.53869 -550.51463  -17.20433  -17.20358
     279    0.02025 -550.55760 -550.53735  -17.20492  -17.20429
     280    0.02069 -550.55529 -550.53460  -17.20485  -17.20421
     281    0.02137 -550.53051 -550.50914  -17.20408  -17.20341
     282    0.02420 -550.53197 -550.50777  -17.20412  -17.20337
     283    0.02059 -550.52701 -550.50642  -17.20397  -17.20333
     284    0.02039 -550.52091 -550.50052  -17.20378  -17.20314
     285    0.02499 -550.54111 -550.51612  -17.20441  -17.20363
     286    0.02171 -550.52308 -550.50137  -17.20385  -17.20317
     287    0.02306 -550.51913 -550.49607  -17.20372  -17.20300
     288    0.02060 -550.51583 -550.49523  -17.20362  -17.20298
     289    0.02385 -550.52239 -550.49854  -17.20382  -17.20308
     290    0.02638 -550.52888 -550.50250  -17.20403  -17.20320
     291    0.02092 -550.51820 -550.49728  -17.20369  -17.20304
     292    0.02269 -550.52753 -550.50484  -17.20399  -17.20328
     293    0.02241 -550.54336 -550.52095  -17.20448  -17.20378
     294    0.02861 -550.54991 -550.52130  -17.20468  -17.20379
     295    0.02235 -550.55251 -550.53016  -17.20477  -17.20407
     296    0.01871 -550.55871 -550.54000  -17.20496  -17.20437
     297    0.02355 -550.54853 -550.52498  -17.20464  -17.20391
     298    0.02624 -550.56605 -550.53981  -17.20519  -17.20437
     299    0.02141 -550.56221 -550.54080  -17.20507  -17.20440
     300    0.01909 -550.55289 -550.53380  -17.20478  -17.20418
     301    0.02217 -550.56245 -550.54028  -17.20508  -17.20438
     302    0.02428 -550.55971 -550.53543  -17.20499  -17.20423
     303    0.02177 -550.54803 -550.52626  -17.20463  -17.20395
     304    0.02183 -550.56119 -550.53936  -17.20504  -17.20435
     305    0.02230 -550.56459 -550.54229  -17.20514  -17.20445
     306    0.02324 -550.55716 -550.53392  -17.20491  -17.20418
     307    0.02458 -550.55120 -550.52662  -17.20472  -17.20396
     308    0.02095 -550.54328 -550.52233  -17.20448  -17.20382
     309    0.01998 -550.52903 -550.50905  -17.20403  -17.20341
     310    0.02233 -550.53123 -550.50890  -17.20410  -17.20340
     311    0.02360 -550.54891 -550.52531  -17.20465  -17.20392
     312    0.02257 -550.53475 -550.51218  -17.20421  -17.20351
     313    0.01944 -550.53024 -550.51080  -17.20407  -17.20346
     314    0.02092 -550.53878 -550.51786  -17.20434  -17.20368
     315    0.01995 -550.52625 -550.50630  -17.20395  -17.20332
     316    0.02203 -550.52140 -550.49937  -17.20379  -17.20311
     317    0.02020 -550.52456 -550.50436  -17.20389  -17.20326
     318    0.02032 -550.52992 -550.50960  -17.20406  -17.20342
     319    0.02610 -550.53298 -550.50688  -17.20416  -17.20334
     320    0.02100 -550.53035 -550.50935  -17.20407  -17.20342
     321    0.02142 -550.53574 -550.51432  -17.20424  -17.20357
     322    0.02048 -550.51226 -550.49178  -17.20351  -17.20287
     323    0.02091 -550.51401 -550.49310  -17.20356  -17.20291
     324    0.01977 -550.52185 -550.50208  -17.20381  -17.20319
     325    0.02239 -550.53353 -550.51114  -17.20417  -17.20347
     326    0.02516 -550.54424 -550.51908  -17.20451  -17.20372
     327    0.01961 -550.53136 -550.51175  -17.20410  -17.20349
     328    0.02589 -550.52925 -550.50336  -17.20404  -17.20323
     329    0.02258 -550.51933 -550.49675  -17.20373  -17.20302
     330    0.02088 -550.50776 -550.48688  -17.20337  -17.20272
     331    0.02231 -550.50945 -550.48714  -17.20342  -17.20272
     332    0.02303 -550.51668 -550.49365  -17.20365  -17.20293
     333    0.02290 -550.51668 -550.49378  -17.20365  -17.20293
     334    0.02370 -550.52400 -550.50030  -17.20388  -17.20313
     335    0.02457 -550.52323 -550.49866  -17.20385  -17.20308
     336    0.02569 -550.53051 -550.50482  -17.20408  -17.20328
     337    0.02005 -550.51704 -550.49699  -17.20366  -17.20303
     338    0.02122 -550.52795 -550.50673  -17.20400  -17.20334
     339    0.02310 -550.53469 -550.51159  -17.20421  -17.20349
     340    0.02044 -550.51234 -550.49190  -17.20351  -17.20287
     341    0.02454 -550.51261 -550.48807  -17.20352  -17.20275
     342    0.02529 -550.54068 -550.51539  -17.20440  -17.20361
     343    0.01920 -550.52827 -550.50907  -17.20401  -17.20341
     344    0.02619 -550.53379 -550.50760  -17.20418  -17.20336
     345    0.02282 -550.52603 -550.50321  -17.20394  -17.20323
     346    0.02094 -550.52710 -550.50616  -17.20397  -17.20332
     347    0.02595 -550.53451 -550.50856  -17.20420  -17.20339
     348    0.03415 -550.53736 -550.50321  -17.20429  -17.20323
     349    0.02705 -550.53146 -550.50441  -17.20411  -17.20326
     350    0.02640 -550.51707 -550.49067  -17.20366  -17.20283
     351    0.02376 -550.52476 -550.50100  -17.20390  -17.20316
     352    0.02481 -550.51663 -550.49182  -17.20364  -17.20287
     353    0.02371 -550.52259 -550.49888  -17.20383  -17.20309
     354    0.02402 -550.53645 -550.51243  -17.20426  -17.20351
     355    0.02369 -550.53012 -550.50643  -17.20407  -17.20333
     356    0.02522 -550.53340 -550.50818  -17.20417  -17.20338
     357    0.02113 -550.52497 -550.50384  -17.20391  -17.20324
     358    0.02430 -550.52591 -550.50161  -17.20393  -17.20318
     359    0.02354 -550.54533 -550.52179  -17.20454  -17.20381
     360    0.01997 -550.53437 -550.51440  -17.20420  -17.20358
     361    0.02231 -550.54458 -550.52227  -17.20452  -17.20382
     362    0.02220 -550.53541 -550.51321  -17.20423  -17.20354
     363    0.02018 -550.52907 -550.50889  -17.20403  -17.20340
     364    0.02762 -550.53480 -550.50718  -17.20421  -17.20335
     365    0.02516 -550.52399 -550.49883  -17.20387  -17.20309
     366    0.02195 -550.54701 -550.52506  -17.20459  -17.20391
     367    0.02113 -550.53267 -550.51154  -17.20415  -17.20349
     368    0.02255 -550.52901 -550.50646  -17.20403  -17.20333
     369    0.02184 -550.53382 -550.51198  -17.20418  -17.20350
     370    0.02086 -550.53412 -550.51326  -17.20419  -17.20354
     371    0.02417 -550.52891 -550.50474  -17.20403  -17.20327
     372    0.02464 -550.53905 -550.51441  -17.20435  -17.20358
     373    0.02234 -550.54391 -550.52157  -17.20450  -17.20380
     374    0.01982 -550.52036 -550.50054  -17.20376  -17.20314
     375    0.02649 -550.54045 -550.51396  -17.20439  -17.20356
     376    0.02075 -550.51675 -550.49600  -17.20365  -17.20300
     377    0.02036 -550.51748 -550.49712  -17.20367  -17.20303
     378    0.02236 -550.51965 -550.49729  -17.20374  -17.20304
     379    0.02579 -550.50852 -550.48273  -17.20339  -17.20259
     380    0.02171 -550.50332 -550.48161  -17.20323  -17.20255
     381    0.02488 -550.51760 -550.49272  -17.20368  -17.20290
     382    0.02234 -550.52065 -550.49831  -17.20377  -17.20307
     383    0.02295 -550.51605 -550.49310  -17.20363  -17.20291
     384    0.02195 -550.51012 -550.48817  -17.20344  -17.20276
     385    0.02362 -550.51253 -550.48891  -17.20352  -17.20278
     386    0.02472 -550.52364 -550.49892  -17.20386  -17.20309
     387    0.02015 -550.50920 -550.48905  -17.20341  -17.20278
     388    0.02252 -550.51418 -550.49166  -17.20357  -17.20286
     389    0.02115 -550.52505 -550.50390  -17.20391  -17.20325
     390    0.02168 -550.52826 -550.50658  -17.20401  -17.20333
     391    0.02530 -550.53717 -550.51187  -17.20429  -17.20350
     392    0.02305 -550.52584 -550.50279  -17.20393  -17.20321
     393    0.02186 -550.52855 -550.50669  -17.20402  -17.20333
     394    0.02666 -550.52805 -550.50139  -17.20400  -17.20317
     395    0.02079 -550.52066 -550.49987  -17.20377  -17.20312
     396    0.02080 -550.53339 -550.51259  -17.20417  -17.20352
     397    0.02692 -550.53183 -550.50491  -17.20412  -17.20328
     398    0.02421 -550.52656 -550.50235  -17.20396  -17.20320
     399    0.02104 -550.51727 -550.49623  -17.20366  -17.20301
     400    0.02215 -550.52536 -550.50321  -17.20392  -17.20323
     401    0.02343 -550.52107 -550.49764  -17.20378  -17.20305
     402    0.02114 -550.52376 -550.50262  -17.20387  -17.20321
     403    0.02179 -550.52432 -550.50253  -17.20388  -17.20320
     404    0.02238 -550.51470 -550.49232  -17.20358  -17.20288
     405    0.02594 -550.53162 -550.50568  -17.20411  -17.20330
     406    0.02365 -550.52729 -550.50364  -17.20398  -17.20324
     407    0.02442 -550.53765 -550.51323  -17.20430  -17.20354
     408    0.02337 -550.54483 -550.52146  -17.20453  -17.20380
     409    0.02156 -550.53711 -550.51555  -17.20428  -17.20361
     410    0.02256 -550.55500 -550.53244  -17.20484  -17.20414
     411    0.02238 -550.55862 -550.53624  -17.20496  -17.20426
     412    0.02041 -550.55685 -550.53644  -17.20490  -17.20426
     413    0.02012 -550.55420 -550.53408  -17.20482  -17.20419
     414    0.02187 -550.55035 -550.52848  -17.20470  -17.20401
     415    0.02462 -550.56317 -550.53855  -17.20510  -17.20433
     416    0.02102 -550.54667 -550.52565  -17.20458  -17.20393
     417    0.02062 -550.54341 -550.52279  -17.20448  -17.20384
     418    0.02210 -550.53869 -550.51659  -17.20433  -17.20364
     419    0.01961 -550.52997 -550.51036  -17.20406  -17.20345
     420    0.02024 -550.53490 -550.51466  -17.20422  -17.20358
     421    0.02891 -550.54903 -550.52012  -17.20466  -17.20375
     422    0.02063 -550.54259 -550.52196  -17.20446  -17.20381
     423    0.02168 -550.56213 -550.54045  -17.20507  -17.20439
     424    0.02007 -550.56229 -550.54222  -17.20507  -17.20444
     425    0.02556 -550.56247 -550.53691  -17.20508  -17.20428
     426    0.02311 -550.55662 -550.53351  -17.20489  -17.20417
     427    0.02098 -550.54818 -550.52720  -17.20463  -17.20397
     428    0.02237 -550.53671 -550.51434  -17.20427  -17.20357
     429    0.02482 -550.53135 -550.50653  -17.20410  -17.20333
     430    0.02215 -550.53817 -550.51602  -17.20432  -17.20363
     431    0.02248 -550.53652 -550.51404  -17.20427  -17.20356
     432    0.02227 -550.53764 -550.51537  -17.20430  -17.20361
     433    0.02131 -550.54548 -550.52417  -17.20455  -17.20388
     434    0.02232 -550.54346 -550.52114  -17.20448  -17.20379
     435    0.02097 -550.53819 -550.51722  -17.20432  -17.20366
     436    0.01975 -550.54242 -550.52267  -17.20445  -17.20383
     437    0.02219 -550.55679 -550.53460  -17.20490  -17.20421
     438    0.02006 -550.53576 -550.51570  -17.20424  -17.20362
     439    0.02243 -550.53379 -550.51136  -17.20418  -17.20348
     440    0.02061 -550.53656 -550.51595  -17.20427  -17.20362
     441    0.01932 -550.53526 -550.51594  -17.20423  -17.20362
     442    0.02298 -550.53454 -550.51156  -17.20420  -17.20349
     443    0.02874 -550.53047 -550.50173  -17.20408  -17.20318
     444    0.02024 -550.51451 -550.49427  -17.20358  -17.20295
     445    0.02071 -550.53651 -550.51580  -17.20427  -17.20362
     446    0.02145 -550.52267 -550.50122  -17.20383  -17.20316
     447    0.02136 -550.51346 -550.49210  -17.20355  -17.20288
     448    0.02865 -550.52443 -550.49578  -17.20389  -17.20299
     449    0.01778 -550.49515 -550.47737  -17.20297  -17.20242
     450    0.01672 -550.51818 -550.50146  -17.20369  -17.20317
     451    0.02683 -550.53998 -550.51315  -17.20437  -17.20354
     452    0.02161 -550.51237 -550.49076  -17.20351  -17.20284
     453    0.01924 -550.51030 -550.49106  -17.20345  -17.20285
     454    0.02048 -550.50519 -550.48471  -17.20329  -17.20265
     455    0.02294 -550.49757 -550.47463  -17.20305  -17.20233
     456    0.02329 -550.51095 -550.48766  -17.20347  -17.20274
     457    0.02382 -550.51338 -550.48956  -17.20354  -17.20280
     458    0.02349 -550.51655 -550.49306  -17.20364  -17.20291
     459    0.02146 -550.52106 -550.49960  -17.20378  -17.20311
     460    0.01903 -550.49884 -550.47981  -17.20309  -17.20249
     461    0.02358 -550.49783 -550.47425  -17.20306  -17.20232
     462    0.02570 -550.51292 -550.48722  -17.20353  -17.20273
     463    0.02153 -550.50288 -550.48135  -17.20322  -17.20254
     464    0.02629 -550.52001 -550.49372  -17.20375  -17.20293
     465    0.02423 -550.52936 -550.50513  -17.20404  -17.20329
     466    0.01844 -550.53451 -550.51607  -17.20420  -17.20363
     467    0.02223 -550.54036 -550.51813  -17.20439  -17.20369
     468    0.02458 -550.52672 -550.50214  -17.20396  -17.20319
     469    0.02263 -550.53578 -550.51315  -17.20424  -17.20354
     470    0.02382 -550.54820 -550.52438  -17.20463  -17.20389
     471    0.02135 -550.52645 -550.50510  -17.20395  -17.20328
     472    0.02238 -550.51893 -550.49655  -17.20372  -17.20302
     473    0.02579 -550.54266 -550.51687  -17.20446  -17.20365
     474    0.02049 -550.52167 -550.50118  -17.20380  -17.20316
     475    0.02257 -550.52736 -550.50479  -17.20398  -17.20327
     476    0.02160 -550.53699 -550.51539  -17.20428  -17.20361
     477    0.01830 -550.52419 -550.50589  -17.20388  -17.20331
     478    0.02231 -550.53286 -550.51055  -17.20415  -17.20345
     479    0.02498 -550.52540 -550.50042  -17.20392  -17.20314
     480    0.02780 -550.53336 -550.50556  -17.20417  -17.20330
     481    0.01927 -550.53147 -550.51220  -17.20411  -17.20351
     482    0.02365 -550.53704 -550.51339  -17.20428  -17.20354
     483    0.02112 -550.52936 -550.50824  -17.20404  -17.20338
     484    0.02172 -550.52576 -550.50404  -17.20393  -17.20325
     485    0.02698 -550.52364 -550.49666  -17.20386  -17.20302
     486    0.02475 -550.53669 -550.51194  -17.20427  -17.20350
     487    0.02645 -550.55223 -550.52578  -17.20476  -17.20393
     488    0.02048 -550.54531 -550.52483  -17.20454  -17.20390
     489    0.02673 -550.54883 -550.52210  -17.20465  -17.20382
     490    0.02456 -550.53388 -550.50932  -17.20418  -17.20342
     491    0.02130 -550.53191 -550.51061  -17.20412  -17.20346
     492    0.02045 -550.53728 -550.51683  -17.20429  -17.20365
     493    0.02743 -550.55440 -550.52697  -17.20482  -17.20397
     494    0.02376 -550.54110 -550.51734  -17.20441  -17.20367
     495    0.01600 -550.52152 -550.50552  -17.20380  -17.20330
     496    0.02416 -550.52460 -550.50044  -17.20389  -17.20314
     497    0.02680 -550.53000 -550.50320  -17.20406  -17.20322
     498    0.02125 -550.52407 -550.50282  -17.20388  -17.20321
     499    0.02046 -550.53616 -550.51570  -17.20425  -17.20362
     500    0.02426 -550.54533 -550.52107  -17.20454  -17.20378
     501    0.02346 -550.56176 -550.53830  -17.20506  -17.20432
     502    0.02057 -550.55488 -550.53431  -17.20484  -17.20420
     503    0.02264 -550.54738 -550.52474  -17.20461  -17.20390
     504    0.02266 -550.55093 -550.52827  -17.20472  -17.20401
     505    0.02469 -550.54542 -550.52073  -17.20454  -17.20377
     506    0.02424 -550.53807 -550.51383  -17.20431  -17.20356
     507    0.01976 -550.53993 -550.52017  -17.20437  -17.20376
     508    0.02577 -550.55186 -550.52609  -17.20475  -17.20394
     509    0.02725 -550.54198 -550.51473  -17.20444  -17.20359
     510    0.02298 -550.52848 -550.50550  -17.20401  -17.20330
     511    0.02479 -550.53735 -550.51256  -17.20429  -17.20352
     512    0.02170 -550.52952 -550.50782  -17.20405  -17.20337
     513    0.02267 -550.51526 -550.49259  -17.20360  -17.20289
     514    0.02235 -550.51426 -550.49191  -17.20357  -17.20287
     515    0.02079 -550.51558 -550.49479  -17.20361  -17.20296
     516    0.02367 -550.52935 -550.50568  -17.20404  -17.20330
     517    0.02453 -550.50854 -550.48401  -17.20339  -17.20263
     518    0.02799 -550.51645 -550.48846  -17.20364  -17.20276
     519    0.02596 -550.51114 -550.48518  -17.20347  -17.20266
     520    0.01934 -550.50732 -550.48798  -17.20335  -17.20275
     521    0.02259 -550.51801 -550.49542  -17.20369  -17.20298
     522    0.02614 -550.52125 -550.49511  -17.20379  -17.20297
     523    0.02428 -550.51537 -550.49109  -17.20361  -17.20285
     524    0.01999 -550.50074 -550.48075  -17.20315  -17.20252
     525    0.02575 -550.50704 -550.48129  -17.20334  -17.20254
     526    0.02568 -550.51347 -550.48779  -17.20355  -17.20274
     527    0.02245 -550.48772 -550.46527  -17.20274  -17.20204
     528    0.02563 -550.49154 -550.46591  -17.20286  -17.20206
     529    0.02437 -550.50073 -550.47636  -17.20315  -17.20239
     530    0.02231 -550.49796 -550.47565  -17.20306  -17.20236
     531    0.02364 -550.51141 -550.48777  -17.20348  -17.20274
     532    0.02725 -550.53915 -550.51190  -17.20435  -17.20350
     533    0.02231 -550.54967 -550.52736  -17.20468  -17.20398
     534    0.01909 -550.53484 -550.51575  -17.20421  -17.20362
     535    0.02151 -550.52381 -550.50230  -17.20387  -17.20320
     536    0.02461 -550.52328 -550.49867  -17.20385  -17.20308
     537    0.02636 -550.51717 -550.49081  -17.20366  -17.20284
     538    0.02295 -550.49627 -550.47332  -17.20301  -17.20229
     539    0.02320 -550.50386 -550.48066  -17.20325  -17.20252
     540    0.01993 -550.51015 -550.49022  -17.20344  -17.20282
     541    0.02287 -550.51595 -550.49308  -17.20362  -17.20291
     542    0.02579 -550.53180 -550.50601  -17.20412  -17.20331
     543    0.02294 -550.53384 -550.51090  -17.20418  -17.20347
     544    0.02352 -550.53513 -550.51161  -17.20422  -17.20349
     545    0.02741 -550.53014 -550.50273  -17.20407  -17.20321
     546    0.02259 -550.51170 -550.48911  -17.20349  -17.20278
     547    0.02237 -550.52890 -550.50653  -17.20403  -17.20333
     548    0.02282 -550.53698 -550.51416  -17.20428  -17.20357
     549    0.02213 -550.51627 -550.49414  -17.20363  -17.20294
     550    0.02439 -550.53642 -550.51203  -17.20426  -17.20350
     551    0.02380 -550.53960 -550.51580  -17.20436  -17.20362
     552    0.02455 -550.52063 -550.49608  -17.20377  -17.20300
     553    0.02504 -550.52663 -550.50159  -17.20396  -17.20317
     554    0.02353 -550.52006 -550.49653  -17.20375  -17.20302
     555    0.02181 -550.52053 -550.49872  -17.20377  -17.20309
     556    0.02448 -550.51952 -550.49504  -17.20374  -17.20297
     557    0.02214 -550.52215 -550.50001  -17.20382  -17.20313
     558    0.02239 -550.52312 -550.50073  -17.20385  -17.20315
     559    0.02938 -550.53598 -550.50660  -17.20425  -17.20333
     560    0.02063 -550.53697 -550.51634  -17.20428  -17.20364
     561    0.02014 -550.54676 -550.52662  -17.20459  -17.20396
     562    0.02481 -550.55562 -550.53081  -17.20486  -17.20409
     563    0.02577 -550.54966 -550.52389  -17.20468  -17.20387
     564    0.02275 -550.55039 -550.52764  -17.20470  -17.20399
     565    0.02132 -550.53571 -550.51439  -17.20424  -17.20357
     566    0.02538 -550.52538 -550.50000  -17.20392  -17.20312
     567    0.02882 -550.54247 -550.51365  -17.20445  -17.20355
     568    0.02099 -550.51567 -550.49468  -17.20361  -17.20296
     569    0.02165 -550.52665 -550.50500  -17.20396  -17.20328
     570    0.02300 -550.53357 -550.51057  -17.20417  -17.20346
     571    0.02036 -550.53503 -550.51467  -17.20422  -17.20358
     572    0.02489 -550.55076 -550.52587  -17.20471  -17.20393
     573    0.02431 -550.54900 -550.52469  -17.20466  -17.20390
     574    0.01815 -550.53189 -550.51374  -17.20412  -17.20355
     575    0.02369 -550.54685 -550.52316  -17.20459  -17.20385
     576    0.02025 -550.52751 -550.50726  -17.20398  -17.20335
     577    0.02542 -550.52083 -550.49541  -17.20378  -17.20298
     578    0.02630 -550.53181 -550.50551  -17.20412  -17.20330
     579    0.01976 -550.53604 -550.51628  -17.20425  -17.20363
     580    0.02168 -550.55211 -550.53043  -17.20475  -17.20408
     581    0.02313 -550.55066 -550.52753  -17.20471  -17.20399
     582    0.02430 -550.54230 -550.51800  -17.20445  -17.20369
     583    0.01957 -550.53638 -550.51681  -17.20426  -17.20365
     584    0.02545 -550.53973 -550.51428  -17.20437  -17.20357
     585    0.01819 -550.51520 -550.49701  -17.20360  -17.20303
     586    0.02465 -550.53198 -550.50733  -17.20412  -17.20335
     587    0.02751 -550.54223 -550.51472  -17.20444  -17.20359
     588    0.02293 -550.52447 -550.50154  -17.20389  -17.20317
     589    0.01985 -550.53244 -550.51259  -17.20414  -17.20352
     590    0.02340 -550.54951 -550.52611  -17.20467  -17.20394
     591    0.02570 -550.54402 -550.51832  -17.20450  -17.20370
     592    0.02344 -550.54753 -550.52409  -17.20461  -17.20388
     593    0.02488 -550.53312 -550.50824  -17.20416  -17.20338
     594    0.02527 -550.49586 -550.47059  -17.20300  -17.20221
     595    0.02591 -550.50875 -550.48284  -17.20340  -17.20259
     596    0.02695 -550.52684 -550.49989  -17.20396  -17.20312
     597    0.02553 -550.52454 -550.49901  -17.20389  -17.20309
     598    0.02857 -550.55164 -550.52307  -17.20474  -17.20385
     599    0.02901 -550.54233 -550.51332  -17.20445  -17.20354
     600    0.02544 -550.52056 -550.49512  -17.20377  -17.20297
     601    0.02709 -550.53064 -550.50355  -17.20408  -17.20324
     602    0.02504 -550.52656 -550.50152  -17.20396  -17.20317
     603    0.02037 -550.50954 -550.48917  -17.20342  -17.20279
     604    0.02109 -550.52247 -550.50138  -17.20383  -17.20317
     605    0.02757 -550.54171 -550.51414  -17.20443  -17.20357
     606    0.02333 -550.53953 -550.51620  -17.20436  -17.20363
     607    0.02466 -550.54682 -550.52216  -17.20459  -17.20382
     608    0.02593 -550.54128 -550.51535  -17.20442  -17.20360
     609    0.02171 -550.53156 -550.50985  -17.20411  -17.20343
     610    0.02253 -550.52750 -550.50497  -17.20398  -17.20328
     611    0.02620 -550.52399 -550.49779  -17.20387  -17.20306
     612    0.02435 -550.53063 -550.50628  -17.20408  -17.20332
     613    0.02376 -550.50861 -550.48485  -17.20339  -17.20265
     614    0.02487 -550.52692 -550.50205  -17.20397  -17.20319
     615    0.02352 -550.53587 -550.51235  -17.20425  -17.20351
     616    0.02264 -550.52318 -550.50054  -17.20385  -17.20314
     617    0.02184 -550.52687 -550.50503  -17.20396  -17.20328
     618    0.02539 -550.53104 -550.50565  -17.20409  -17.20330
     619    0.02083 -550.51315 -550.49232  -17.20354  -17.20288
     620    0.02134 -550.52297 -550.50163  -17.20384  -17.20318
     621    0.02729 -550.53180 -550.50451  -17.20412  -17.20327
     622    0.02285 -550.51382 -550.49097  -17.20356  -17.20284
     623    0.02155 -550.51700 -550.49545  -17.20366  -17.20298
     624    0.02307 -550.52905 -550.50598  -17.20403  -17.20331
     625    0.02387 -550.52704 -550.50317  -17.20397  -17.20322
     626    0.02001 -550.51909 -550.49908  -17.20372  -17.20310
     627    0.02913 -550.52976 -550.50063  -17.20406  -17.20314
     628    0.01936 -550.50081 -550.48145  -17.20315  -17.20255
     629    0.02061 -550.49495 -550.47434  -17.20297  -17.20232
     630    0.02470 -550.50744 -550.48274  -17.20336  -17.20259
     631    0.02554 -550.49743 -550.47189  -17.20304  -17.20225
     632    0.02378 -550.49574 -550.47196  -17.20299  -17.20225
     633    0.02852 -550.52343 -550.49491  -17.20386  -17.20297
     634    0.02109 -550.51745 -550.49636  -17.20367  -17.20301
     635    0.02103 -550.52139 -550.50036  -17.20379  -17.20314
     636    0.02359 -550.53780 -550.51421  -17.20431  -17.20357
     637    0.02268 -550.50728 -550.48460  -17.20335  -17.20264
     638    0.02123 -550.51587 -550.49464  -17.20362  -17.20296
     639    0.02650 -550.53258 -550.50608  -17.20414  -17.20331
     640    0.02415 -550.52468 -550.50053  -17.20390  -17.20314
     641    0.02276 -550.53258 -550.50982  -17.20414  -17.20343
     642    0.02360 -550.53966 -550.51606  -17.20436  -17.20363
     643    0.02440 -550.54048 -550.51608  -17.20439  -17.20363
     644    0.02299 -550.54641 -550.52342  -17.20458  -17.20386
     645    0.02644 -550.56064 -550.53420  -17.20502  -17.20419
     646    0.02465 -550.54379 -550.51914  -17.20449  -17.20372
     647    0.01877 -550.53900 -550.52023  -17.20434  -17.20376
     648    0.02105 -550.54978 -550.52873  -17.20468  -17.20402
     649    0.02453 -550.53988 -550.51535  -17.20437  -17.20360
     650    0.02507 -550.54161 -550.51654  -17.20443  -17.20364
     651    0.02197 -550.53994 -550.51797  -17.20437  -17.20369
     652    0.01999 -550.55053 -550.53054  -17.20470  -17.20408
     653    0.02380 -550.54052 -550.51672  -17.20439  -17.20365
     654    0.02012 -550.53597 -550.51585  -17.20425  -17.20362
     655    0.02218 -550.53947 -550.51729  -17.20436  -17.20367
     656    0.02709 -550.53633 -550.50924  -17.20426  -17.20341
     657    0.02139 -550.52795 -550.50656  -17.20400  -17.20333
     658    0.02235 -550.52474 -550.50239  -17.20390  -17.20320
     659    0.01861 -550.51271 -550.49410  -17.20352  -17.20294
     660    0.02600 -550.52160 -550.49560  -17.20380  -17.20299
     661    0.02221 -550.51591 -550.49370  -17.20362  -17.20293
     662    0.02049 -550.51593 -550.49544  -17.20362  -17.20298
     663    0.02315 -550.52642 -550.50327  -17.20395  -17.20323
     664    0.02394 -550.51053 -550.48659  -17.20345  -17.20271
     665    0.02420 -550.50959 -550.48539  -17.20342  -17.20267
     666    0.02275 -550.50585 -550.48310  -17.20331  -17.20260
     667    0.02410 -550.50310 -550.47900  -17.20322  -17.20247
     668    0.02496 -550.50390 -550.47894  -17.20325  -17.20247
     669    0.02062 -550.51107 -550.49045  -17.20347  -17.20283
     670    0.02463 -550.52591 -550.50128  -17.20393  -17.20316
     671    0.02053 -550.50810 -550.48757  -17.20338  -17.20274
     672    0.02165 -550.51943 -550.49778  -17.20373  -17.20306
     673    0.02106 -550.51291 -550.49185  -17.20353  -17.20287
     674    0.02264 -550.50540 -550.48276  -17.20329  -17.20259
     675    0.02206 -550.50991 -550.48785  -17.20343  -17.20275
     676    0.02541 -550.52856 -550.50315  -17.20402  -17.20322
     677    0.01925 -550.53133 -550.51208  -17.20410  -17.20350
     678    0.02323 -550.53388 -550.51065  -17.20418  -17.20346
     679    0.02556 -550.52434 -550.49878  -17.20389  -17.20309
     680    0.02281 -550.52627 -550.50346  -17.20395  -17.20323
     681    0.02008 -550.52042 -550.50034  -17.20376  -17.20314
     682    0.02082 -550.51930 -550.49848  -17.20373  -17.20308
     683    0.02825 -550.53029 -550.50204  -17.20407  -17.20319
     684    0.02425 -550.51712 -550.49287  -17.20366  -17.20290
     685    0.01884 -550.50883 -550.48999  -17.20340  -17.20281
     686    0.02132 -550.52691 -550.50559  -17.20397  -17.20330
     687    0.02700 -550.53578 -550.50878  -17.20424  -17.20340
     688    0.02401 -550.53397 -550.50996  -17.20419  -17.20344
     689    0.02126 -550.53722 -550.51596  -17.20429  -17.20362
     690    0.02366 -550.52647 -550.50281  -17.20395  -17.20321
     691    0.02473 -550.51845 -550.49372  -17.20370  -17.20293
     692    0.02212 -550.52271 -550.50059  -17.20383  -17.20314
     693    0.01843 -550.50786 -550.48943  -17.20337  -17.20279
     694    0.02446 -550.51674 -550.49228  -17.20365  -17.20288
     695    0.02780 -550.52224 -550.49444  -17.20382  -17.20295
     696    0.02532 -550.51716 -550.49184  -17.20366  -17.20287
     697    0.02003 -550.52775 -550.50772  -17.20399  -17.20337
     698    0.02385 -550.53531 -550.51146  -17.20423  -17.20348
     699    0.02108 -550.54025 -550.51917  -17.20438  -17.20372
     700    0.02530 -550.54613 -550.52083  -17.20457  -17.20378
     701    0.02524 -550.53971 -550.51447  -17.20437  -17.20358
     702    0.02093 -550.53488 -550.51395  -17.20422  -17.20356
     703    0.02048 -550.52227 -550.50179  -17.20382  -17.20318
     704    0.02975 -550.53055 -550.50080  -17.20408  -17.20315
     705    0.02061 -550.52124 -550.50063  -17.20379  -17.20314
     706    0.02005 -550.51922 -550.49917  -17.20373  -17.20310
     707    0.02375 -550.52802 -550.50427  -17.20400  -17.20326
     708    0.02400 -550.53822 -550.51422  -17.20432  -17.20357
     709    0.02374 -550.52650 -550.50276  -17.20395  -17.20321
     710    0.02227 -550.53562 -550.51335  -17.20424  -17.20354
     711    0.02015 -550.52888 -550.50873  -17.20403  -17.20340
     712    0.02569 -550.53088 -550.50519  -17.20409  -17.20329
     713    0.02398 -550.52665 -550.50267  -17.20396  -17.20321
     714    0.02183 -550.52471 -550.50288  -17.20390  -17.20322
     715    0.02260 -550.52845 -550.50585  -17.20401  -17.20331
     716    0.02428 -550.53438 -550.51010  -17.20420  -17.20344
     717    0.02340 -550.52901 -550.50561  -17.20403  -17.20330
     718    0.02265 -550.52802 -550.50537  -17.20400  -17.20329
     719    0.02248 -550.52187 -550.49939  -17.20381  -17.20311
     720    0.02056 -550.51927 -550.49871  -17.20373  -17.20308
     721    0.02342 -550.51190 -550.48848  -17.20350  -17.20276
     722    0.02435 -550.50884 -550.48449  -17.20340  -17.20264
     723    0.02488 -550.52324 -550.49836  -17.20385  -17.20307
     724    0.02212 -550.52959 -550.50747  -17.20405  -17.20336
     725    0.02414 -550.53733 -550.51319  -17.20429  -17.20354
     726    0.02315 -550.52649 -550.50334  -17.20395  -17.20323
     727    0.02332 -550.53384 -550.51052  -17.20418  -17.20345
     728    0.02243 -550.53300 -550.51057  -17.20416  -17.20346
     729    0.02551 -550.53766 -550.51215  -17.20430  -17.20350
     730    0.03243 -550.54141 -550.50898  -17.20442  -17.20341
     731    0.01794 -550.53047 -550.51253  -17.20408  -17.20352
     732    0.02059 -550.53154 -550.51095  -17.20411  -17.20347
     733    0.02587 -550.52917 -550.50330  -17.20404  -17.20323
     734    0.02210 -550.50634 -550.48424  -17.20332  -17.20263
     735    0.02532 -550.50859 -550.48327  -17.20339  -17.20260
     736    0.02322 -550.51342 -550.49020  -17.20354  -17.20282
     737    0.02433 -550.52815 -550.50382  -17.20400  -17.20324
     738    0.03126 -550.53988 -550.50862  -17.20437  -17.20339
     739    0.02222 -550.52598 -550.50376  -17.20394  -17.20324
     740    0.02157 -550.50774 -550.48617  -17.20337  -17.20269
     741    0.02593 -550.52309 -550.49716  -17.20385  -17.20304
     742    0.02431 -550.51420 -550.48989  -17.20357  -17.20281
     743    0.02346 -550.50745 -550.48399  -17.20336  -17.20262
     744    0.02501 -550.52026 -550.49525  -17.20376  -17.20298
     745    0.02093 -550.50647 -550.48554  -17.20333  -17.20267
     746    0.02123 -550.49691 -550.47568  -17.20303  -17.20237
     747    0.02750 -550.52222 -550.49472  -17.20382  -17.20296
     748    0.02483 -550.52063 -550.49580  -17.20377  -17.20299
     749    0.02327 -550.52942 -550.50615  -17.20404  -17.20332
     750    0.01934 -550.52330 -550.50396  -17.20385  -17.20325
     751    0.02250 -550.51236 -550.48986  -17.20351  -17.20281
     752    0.02713 -550.50998 -550.48285  -17.20344  -17.20259
     753    0.02236 -550.51002 -550.48766  -17.20344  -17.20274
     754    0.02065 -550.50080 -550.48015  -17.20315  -17.20250
     755    0.02696 -550.50548 -550.47852  -17.20330  -17.20245
     756    0.02321 -550.50484 -550.48163  -17.20328  -17.20255
     757    0.01727 -550.48071 -550.46344  -17.20252  -17.20198
     758    0.02468 -550.49259 -550.46791  -17.20289  -17.20212
     759    0.02436 -550.49796 -550.47360  -17.20306  -17.20230
     760    0.02302 -550.50083 -550.47781  -17.20315  -17.20243
     761    0.02442 -550.50434 -550.47992  -17.20326  -17.20250
     762    0.02728 -550.52526 -550.49798  -17.20391  -17.20306
     763    0.02249 -550.50678 -550.48429  -17.20334  -17.20263
     764    0.01916 -550.50308 -550.48392  -17.20322  -17.20262
     765    0.02281 -550.51415 -550.49134  -17.20357  -17.20285
     766    0.02590 -550.52031 -550.49441  -17.20376  -17.20295
     767    0.02096 -550.51071 -550.48975  -17.20346  -17.20280
     768    0.02270 -550.52973 -550.50703  -17.20405  -17.20334
     769    0.02507 -550.52610 -550.50103  -17.20394  -17.20316
     770    0.02688 -550.53318 -550.50630  -17.20416  -17.20332
     771    0.02566 -550.52216 -550.49650  -17.20382  -17.20302
     772    0.02362 -550.52765 -550.50403  -17.20399  -17.20325
     773    0.02075 -550.52810 -550.50735  -17.20400  -17.20335
     774    0.02496 -550.52272 -550.49776  -17.20383  -17.20305
     775    0.02638 -550.51769 -550.49131  -17.20368  -17.20285
     776    0.02418 -550.52899 -550.50481  -17.20403  -17.20328
     777    0.02266 -550.52754 -550.50488  -17.20399  -17.20328
     778    0.02154 -550.51409 -550.49255  -17.20357  -17.20289
     779    0.02471 -550.53013 -550.50542  -17.20407  -17.20329
     780    0.01842 -550.52563 -550.50721  -17.20393  -17.20335
     781    0.02244 -550.53071 -550.50827  -17.20408  -17.20338
     782    0.02848 -550.53243 -550.50395  -17.20414  -17.20325
     783    0.02453 -550.52110 -550.49657  -17.20378  -17.20302
     784    0.02639 -550.51507 -550.48868  -17.20360  -17.20277
     785    0.02225 -550.51339 -550.49114  -17.20354  -17.20285
     786    0.02314 -550.51111 -550.48797  -17.20347  -17.20275
     787    0.02112 -550.50353 -550.48241  -17.20324  -17.20258
     788    0.02172 -550.52780 -550.50608  -17.20399  -17.20331
     789    0.02351 -550.52758 -550.50407  -17.20399  -17.20325
     790    0.02384 -550.50855 -550.48471  -17.20339  -17.20265
     791    0.02155 -550.51454 -550.49299  -17.20358  -17.20291
     792    0.02010 -550.53035 -550.51025  -17.20407  -17.20345
     793    0.02249 -550.52224 -550.49975  -17.20382  -17.20312
     794    0.02564 -550.51818 -550.49254  -17.20369  -17.20289
     795    0.02305 -550.52511 -550.50206  -17.20391  -17.20319
     796    0.02232 -550.53430 -550.51198  -17.20420  -17.20350
     797    0.02127 -550.52940 -550.50813  -17.20404  -17.20338
     798    0.02218 -550.51466 -550.49248  -17.20358  -17.20289
     799    0.02091 -550.50663 -550.48572  -17.20333  -17.20268
     800    0.02411 -550.51622 -550.49211  -17.20363  -17.20288
     801    0.02374 -550.53375 -550.51001  -17.20418  -17.20344
     802    0.01977 -550.52915 -550.50938  -17.20404  -17.20342
     803    0.02537 -550.52938 -550.50401  -17.20404  -17.20325
     804    0.02059 -550.52010 -550.49951  -17.20375  -17.20311
     805    0.02049 -550.51967 -550.49918  -17.20374  -17.20310
     806    0.02527 -550.53057 -550.50530  -17.20408  -17.20329
     807    0.02266 -550.51328 -550.49062  -17.20354  -17.20283
     808    0.02449 -550.51002 -550.48553  -17.20344  -17.20267
     809    0.02094 -550.50169 -550.48075  -17.20318  -17.20252
     810    0.02025 -550.49062 -550.47037  -17.20283  -17.20220
     811    0.02222 -550.51050 -550.48828  -17.20345  -17.20276
     812    0.02227 -550.51983 -550.49756  -17.20374  -17.20305
     813    0.02463 -550.50756 -550.48293  -17.20336  -17.20259
     814    0.02024 -550.49332 -550.47308  -17.20292  -17.20228
     815    0.02474 -550.48308 -550.45834  -17.20260  -17.20182
     816    0.02669 -550.50043 -550.47374  -17.20314  -17.20230
     817    0.02010 -550.49596 -550.47586  -17.20300  -17.20237
     818    0.02234 -550.50314 -550.48080  -17.20322  -17.20253
     819    0.02672 -550.51367 -550.48695  -17.20355  -17.20272
     820    0.02443 -550.50304 -550.47861  -17.20322  -17.20246
     821    0.02436 -550.50895 -550.48459  -17.20340  -17.20264
     822    0.02172 -550.50546 -550.48374  -17.20330  -17.20262
     823    0.03010 -550.51367 -550.48357  -17.20355  -17.20261
     824    0.02493 -550.50886 -550.48393  -17.20340  -17.20262
     825    0.02583 -550.50672 -550.48089  -17.20334  -17.20253
     826    0.02323 -550.49066 -550.46743  -17.20283  -17.20211
     827    0.02194 -550.49322 -550.47128  -17.20291  -17.20223
     828    0.02125 -550.49788 -550.47663  -17.20306  -17.20239
     829    0.02283 -550.49524 -550.47241  -17.20298  -17.20226
     830    0.02355 -550.50738 -550.48383  -17.20336  -17.20262
     831    0.02868 -550.53056 -550.50188  -17.20408  -17.20318
     832    0.02076 -550.52145 -550.50069  -17.20380  -17.20315
     833    0.02104 -550.52461 -550.50357  -17.20389  -17.20324
     834    0.02079 -550.52233 -550.50154  -17.20382  -17.20317
     835    0.02339 -550.52261 -550.49922  -17.20383  -17.20310
     836    0.02343 -550.51392 -550.49049  -17.20356  -17.20283
     837    0.02435 -550.50922 -550.48487  -17.20341  -17.20265
     838    0.02401 -550.52358 -550.49957  -17.20386  -17.20311
     839    0.02267 -550.51948 -550.49681  -17.20373  -17.20303
     840    0.02215 -550.52163 -550.49948  -17.20380  -17.20311
     841    0.02490 -550.52000 -550.49510  -17.20375  -17.20297
     842    0.02518 -550.53188 -550.50670  -17.20412  -17.20333
     843    0.02167 -550.53621 -550.51454  -17.20426  -17.20358
     844    0.02196 -550.52785 -550.50589  -17.20400  -17.20331
     845    0.02232 -550.52183 -550.49951  -17.20381  -17.20311
     846    0.02278 -550.53258 -550.50980  -17.20414  -17.20343
     847    0.02306 -550.53373 -550.51067  -17.20418  -17.20346
     848    0.02615 -550.52106 -550.49491  -17.20378  -17.20297
     849    0.02492 -550.52355 -550.49863  -17.20386  -17.20308
     850    0.02198 -550.51892 -550.49694  -17.20372  -17.20303
     851    0.02262 -550.51272 -550.49010  -17.20352  -17.20282
     852    0.02590 -550.51784 -550.49194  -17.20368  -17.20287
     853    0.02286 -550.52900 -550.50614  -17.20403  -17.20332
     854    0.02649 -550.54066 -550.51417  -17.20440  -17.20357
     855    0.02132 -550.52311 -550.50179  -17.20385  -17.20318
     856    0.02177 -550.50349 -550.48172  -17.20323  -17.20255
     857    0.02967 -550.51909 -550.48942  -17.20372  -17.20279
     858    0.02404 -550.51829 -550.49425  -17.20370  -17.20295
     859    0.02061 -550.50308 -550.48247  -17.20322  -17.20258
     860    0.02824 -550.50502 -550.47678  -17.20328  -17.20240
     861    0.02452 -550.50611 -550.48159  -17.20332  -17.20255
     862    0.02026 -550.49632 -550.47606  -17.20301  -17.20238
     863    0.02323 -550.51161 -550.48838  -17.20349  -17.20276
     864    0.02713 -550.50725 -550.48012  -17.20335  -17.20250
     865    0.02301 -550.51459 -550.49158  -17.20358  -17.20286
     866    0.02229 -550.52331 -550.50102  -17.20385  -17.20316
     867    0.02490 -550.52534 -550.50044  -17.20392  -17.20314
     868    0.02530 -550.51400 -550.48870  -17.20356  -17.20277
     869    0.02078 -550.51160 -550.49082  -17.20349  -17.20284
     870    0.02356 -550.49487 -550.47131  -17.20296  -17.20223
     871    0.02732 -550.49821 -550.47089  -17.20307  -17.20222
     872    0.02477 -550.48435 -550.45958  -17.20264  -17.20186
     873    0.02122 -550.48632 -550.46510  -17.20270  -17.20203
     874    0.02471 -550.49193 -550.46722  -17.20287  -17.20210
     875    0.02747 -550.50210 -550.47463  -17.20319  -17.20233
     876    0.02030 -550.50279 -550.48249  -17.20321  -17.20258
     877    0.02160 -550.49107 -550.46947  -17.20285  -17.20217
     878    0.02978 -550.52016 -550.49038  -17.20375  -17.20282
     879    0.02066 -550.50613 -550.48547  -17.20332  -17.20267
     880    0.02216 -550.51948 -550.49732  -17.20373  -17.20304
     881    0.02169 -550.50476 -550.48307  -17.20327  -17.20260
     882    0.02298 -550.51306 -550.49008  -17.20353  -17.20282
     883    0.02079 -550.50539 -550.48460  -17.20329  -17.20264
     884    0.02432 -550.50631 -550.48199  -17.20332  -17.20256
     885    0.01963 -550.50646 -550.48683  -17.20333  -17.20271
     886    0.02335 -550.51869 -550.49534  -17.20371  -17.20298
     887    0.02202 -550.52272 -550.50070  -17.20384  -17.20315
     888    0.02236 -550.52210 -550.49974  -17.20382  -17.20312
     889    0.02431 -550.52970 -550.50539  -17.20405  -17.20329
     890    0.02435 -550.53361 -550.50926  -17.20418  -17.20341
     891    0.02647 -550.52665 -550.50018  -17.20396  -17.20313
     892    0.02464 -550.51810 -550.49346  -17.20369  -17.20292
     893    0.02552 -550.53611 -550.51059  -17.20425  -17.20346
     894    0.02265 -550.51815 -550.49550  -17.20369  -17.20298
     895    0.02507 -550.52160 -550.49653  -17.20380  -17.20302
     896    0.02512 -550.52162 -550.49650  -17.20380  -17.20302
     897    0.02749 -550.50746 -550.47997  -17.20336  -17.20250
     898    0.02390 -550.48658 -550.46268  -17.20271  -17.20196
     899    0.02600 -550.49522 -550.46922  -17.20298  -17.20216
     900    0.02364 -550.49390 -550.47026  -17.20293  -17.20220
     901    0.02211 -550.47124 -550.44913  -17.20223  -17.20154
     902    0.02509 -550.49045 -550.46536  -17.20283  -17.20204
     903    0.02316 -550.51002 -550.48686  -17.20344  -17.20271
     904    0.03103 -550.51677 -550.48574  -17.20365  -17.20268
     905    0.02739 -550.51888 -550.49149  -17.20371  -17.20286
     906    0.02248 -550.51606 -550.49358  -17.20363  -17.20292
     907    0.02870 -550.52437 -550.49567  -17.20389  -17.20299
     908    0.02178 -550.51627 -550.49449  -17.20363  -17.20295
     909    0.02477 -550.51985 -550.49508  -17.20375  -17.20297
     910    0.02494 -550.51913 -550.49419  -17.20372  -17.20294
     911    0.02900 -550.54942 -550.52042  -17.20467  -17.20376
     912    0.02291 -550.54276 -550.51985  -17.20446  -17.20375
     913    0.02498 -550.53230 -550.50732  -17.20413  -17.20335
     914    0.03408 -550.55205 -550.51797  -17.20475  -17.20369
     915    0.02580 -550.54601 -550.52021  -17.20456  -17.20376
     916    0.02425 -550.54592 -550.52167  -17.20456  -17.20380
     917    0.02265 -550.54242 -550.51977  -17.20445  -17.20374
     918    0.02434 -550.52385 -550.49951  -17.20387  -17.20311
     919    0.02420 -550.52908 -550.50488  -17.20403  -17.20328
     920    0.02304 -550.52245 -550.49941  -17.20383  -17.20311
     921    0.02156 -550.52934 -550.50778  -17.20404  -17.20337
     922    0.02548 -550.53167 -550.50619  -17.20411  -17.20332
     923    0.02601 -550.53662 -550.51061  -17.20427  -17.20346
     924    0.01849 -550.54376 -550.52527  -17.20449  -17.20391
     925    0.02382 -550.54324 -550.51942  -17.20448  -17.20373
     926    0.02337 -550.53672 -550.51335  -17.20427  -17.20354
     927    0.02090 -550.53336 -550.51246  -17.20417  -17.20351
     928    0.02299 -550.54304 -550.52005  -17.20447  -17.20375
     929    0.02403 -550.55200 -550.52797  -17.20475  -17.20400
     930    0.02149 -550.54338 -550.52189  -17.20448  -17.20381
     931    0.02498 -550.54085 -550.51587  -17.20440  -17.20362
     932    0.02377 -550.53552 -550.51175  -17.20424  -17.20349
     933    0.02469 -550.51127 -550.48658  -17.20348  -17.20271
     934    0.02074 -550.51009 -550.48935  -17.20344  -17.20279
     935    0.02397 -550.51698 -550.49301  -17.20366  -17.20291
     936    0.02332 -550.52037 -550.49705  -17.20376  -17.20303
     937    0.02351 -550.52610 -550.50259  -17.20394  -17.20321
     938    0.02358 -550.53427 -550.51069  -17.20420  -17.20346
     939    0.02199 -550.53150 -550.50951  -17.20411  -17.20342
     940    0.02099 -550.53116 -550.51017  -17.20410  -17.20344
     941    0.02501 -550.52930 -550.50429  -17.20404  -17.20326
     942    0.02605 -550.53718 -550.51113  -17.20429  -17.20347
     943    0.02306 -550.52514 -550.50208  -17.20391  -17.20319
     944    0.02282 -550.52125 -550.49843  -17.20379  -17.20308
     945    0.02497 -550.53313 -550.50816  -17.20416  -17.20338
     946    0.02373 -550.52448 -550.50075  -17.20389  -17.20315
     947    0.02472 -550.52176 -550.49704  -17.20380  -17.20303
     948    0.02080 -550.51139 -550.49059  -17.20348  -17.20283
     949    0.02201 -550.52300 -550.50099  -17.20384  -17.20316
     950    0.02523 -550.53436 -550.50913  -17.20420  -17.20341
     951    0.02670 -550.53613 -550.50943  -17.20425  -17.20342
     952    0.02226 -550.52843 -550.50617  -17.20401  -17.20332
     953    0.02401 -550.54078 -550.51677  -17.20440  -17.20365
     954    0.02184 -550.52509 -550.50325  -17.20391  -17.20323
     955    0.02698 -550.53744 -550.51046  -17.20429  -17.20345
     956    0.02102 -550.52235 -550.50133  -17.20382  -17.20317
     957    0.01968 -550.51733 -550.49765  -17.20367  -17.20305
     958    0.02421 -550.53388 -550.50967  -17.20418  -17.20343
     959    0.02707 -550.54488 -550.51781  -17.20453  -17.20368
     960    0.01967 -550.52917 -550.50950  -17.20404  -17.20342
     961    0.02375 -550.52461 -550.50086  -17.20389  -17.20315
     962    0.03049 -550.52512 -550.49463  -17.20391  -17.20296
     963    0.01919 -550.50816 -550.48897  -17.20338  -17.20278
     964    0.02319 -550.52421 -550.50102  -17.20388  -17.20316
     965    0.02530 -550.52685 -550.50155  -17.20396  -17.20317
     966    0.02259 -550.52335 -550.50076  -17.20385  -17.20315
     967    0.02291 -550.52300 -550.50009  -17.20384  -17.20313
     968    0.02658 -550.51047 -550.48389  -17.20345  -17.20262
     969    0.02577 -550.50772 -550.48195  -17.20337  -17.20256
     970    0.02198 -550.50205 -550.48007  -17.20319  -17.20250
     971    0.02545 -550.50937 -550.48392  -17.20342  -17.20262
     972    0.02890 -550.52113 -550.49223  -17.20379  -17.20288
     973    0.02131 -550.51367 -550.49236  -17.20355  -17.20289
     974    0.02390 -550.53026 -550.50636  -17.20407  -17.20332
     975    0.02673 -550.53697 -550.51024  -17.20428  -17.20344
     976    0.02448 -550.55044 -550.52596  -17.20470  -17.20394
     977    0.02257 -550.54978 -550.52721  -17.20468  -17.20398
     978    0.02040 -550.52856 -550.50816  -17.20402  -17.20338
     979    0.02602 -550.53810 -550.51208  -17.20432  -17.20350
     980    0.02356 -550.52958 -550.50602  -17.20405  -17.20331
     981    0.02078 -550.51025 -550.48947  -17.20345  -17.20280
     982    0.02637 -550.53279 -550.50642  -17.20415  -17.20333
     983    0.02673 -550.56050 -550.53377  -17.20502  -17.20418
     984    0.02200 -550.54453 -550.52253  -17.20452  -17.20383
     985    0.02677 -550.56731 -550.54054  -17.20523  -17.20439
     986    0.02903 -550.56626 -550.53723  -17.20520  -17.20429
     987    0.02122 -550.54638 -550.52516  -17.20457  -17.20391
     988    0.02193 -550.54778 -550.52585  -17.20462  -17.20393
     989    0.02597 -550.53137 -550.50540  -17.20411  -17.20329
     990    0.02534 -550.53015 -550.50481  -17.20407  -17.20328
     991    0.02549 -550.55085 -550.52536  -17.20471  -17.20392
     992    0.02304 -550.55239 -550.52935  -17.20476  -17.20404
     993    0.02502 -550.56376 -550.53874  -17.20512  -17.20434
     994    0.02210 -550.55739 -550.53529  -17.20492  -17.20423
     995    0.02127 -550.54062 -550.51935  -17.20439  -17.20373
     996    0.02243 -550.54547 -550.52304  -17.20455  -17.20385
     997    0.02326 -550.53629 -550.51303  -17.20426  -17.20353
     998    0.02186 -550.53910 -550.51724  -17.20435  -17.20366
     999    0.02872 -550.54499 -550.51627  -17.20453  -17.20363
    1000    0.02310 -550.53453 -550.51143  -17.20420  -17.20348
    1001    0.02267 -550.53839 -550.51572  -17.20432  -17.20362
    1002    0.02061 -550.53428 -550.51367  -17.20420  -17.20355
    1003    0.02777 -550.52571 -550.49794  -17.20393  -17.20306
    1004    0.02115 -550.52418 -550.50303  -17.20388  -17.20322
    1005    0.02253 -550.53663 -550.51410  -17.20427  -17.20357
    1006    0.02278 -550.54597 -550.52319  -17.20456  -17.20385
    1007    0.02221 -550.54361 -550.52140  -17.20449  -17.20379
    1008    0.02371 -550.53704 -550.51333  -17.20428  -17.20354
    1009    0.02280 -550.53850 -550.51570  -17.20433  -17.20362
    1010    0.02234 -550.52501 -550.50267  -17.20391  -17.20321
    1011    0.02091 -550.51556 -550.49465  -17.20361  -17.20296
    1012    0.02470 -550.51969 -550.49499  -17.20374  -17.20297
    1013    0.02514 -550.53219 -550.50705  -17.20413  -17.20335
    1014    0.02554 -550.53614 -550.51060  -17.20425  -17.20346
    1015    0.02261 -550.54743 -550.52482  -17.20461  -17.20390
    1016    0.02258 -550.55509 -550.53251  -17.20485  -17.20414
    1017    0.01834 -550.54489 -550.52655  -17.20453  -17.20395
    1018    0.02284 -550.54674 -550.52390  -17.20459  -17.20387
    1019    0.02459 -550.55349 -550.52890  -17.20480  -17.20403
    1020    0.02458 -550.54976 -550.52518  -17.20468  -17.20391
    1021    0.02319 -550.52607 -550.50288  -17.20394  -17.20322
    1022    0.02282 -550.54273 -550.51991  -17.20446  -17.20375
    1023    0.01977 -550.53586 -550.51609  -17.20425  -17.20363
    1024    0.02200 -550.54722 -550.52522  -17.20460  -17.20391
    1025    0.02285 -550.54525 -550.52240  -17.20454  -17.20382
    1026    0.02427 -550.54390 -550.51963  -17.20450  -17.20374
    1027    0.02125 -550.53803 -550.51678  -17.20431  -17.20365
    1028    0.02348 -550.53736 -550.51388  -17.20429  -17.20356
    1029    0.02286 -550.53333 -550.51047  -17.20417  -17.20345
    1030    0.02638 -550.52595 -550.49957  -17.20394  -17.20311
    1031    0.02816 -550.52577 -550.49761  -17.20393  -17.20305
    1032    0.02243 -550.52035 -550.49792  -17.20376  -17.20306
    1033    0.02296 -550.53667 -550.51371  -17.20427  -17.20355
    1034    0.02665 -550.55682 -550.53017  -17.20490  -17.20407
    1035    0.02151 -550.54339 -550.52188  -17.20448  -17.20381
    1036    0.02362 -550.54834 -550.52472  -17.20464  -17.20390
    1037    0.02381 -550.56066 -550.53685  -17.20502  -17.20428
    1038    0.02143 -550.56125 -550.53982  -17.20504  -17.20437
    1039    0.02164 -550.56367 -550.54203  -17.20511  -17.20444
    1040    0.02178 -550.55843 -550.53665  -17.20495  -17.20427
    1041    0.02473 -550.54916 -550.52443  -17.20466  -17.20389
    1042    0.02589 -550.55050 -550.52461  -17.20470  -17.20389
    1043    0.02246 -550.55225 -550.52979  -17.20476  -17.20406
    1044    0.02059 -550.56504 -550.54445  -17.20516  -17.20451
    1045    0.02384 -550.56069 -550.53685  -17.20502  -17.20428
    1046    0.02241 -550.56347 -550.54106  -17.20511  -17.20441
    1047    0.01970 -550.55759 -550.53789  -17.20492  -17.20431
    1048    0.02549 -550.55597 -550.53048  -17.20487  -17.20408
    1049    0.02385 -550.56134 -550.53749  -17.20504  -17.20430
    1050    0.02077 -550.56181 -550.54104  -17.20506  -17.20441
    1051    0.02098 -550.55831 -550.53733  -17.20495  -17.20429
    1052    0.02477 -550.55014 -550.52537  -17.20469  -17.20392
    1053    0.02727 -550.53909 -550.51182  -17.20435  -17.20349
    1054    0.01949 -550.53066 -550.51117  -17.20408  -17.20347
    1055    0.02132 -550.54062 -550.51930  -17.20439  -17.20373
    1056    0.02727 -550.56126 -550.53399  -17.20504  -17.20419
    1057    0.02416 -550.54402 -550.51986  -17.20450  -17.20375
    1058    0.02293 -550.55560 -550.53267  -17.20486  -17.20415
    1059    0.02464 -550.55018 -550.52554  -17.20469  -17.20392
    1060    0.02412 -550.54371 -550.51959  -17.20449  -17.20374
    1061    0.02513 -550.54501 -550.51988  -17.20453  -17.20375
    1062    0.02447 -550.53236 -550.50789  -17.20414  -17.20337
    1063    0.02589 -550.54337 -550.51748  -17.20448  -17.20367
    1064    0.01827 -550.54207 -550.52380  -17.20444  -17.20387
    1065    0.02257 -550.53809 -550.51552  -17.20432  -17.20361
    1066    0.02331 -550.52449 -550.50118  -17.20389  -17.20316
    1067    0.02199 -550.52011 -550.49812  -17.20375  -17.20307
    1068    0.01975 -550.53130 -550.51155  -17.20410  -17.20349
    1069    0.02466 -550.54036 -550.51570  -17.20439  -17.20362
    1070    0.02806 -550.55698 -550.52892  -17.20491  -17.20403
    1071    0.01971 -550.53698 -550.51727  -17.20428  -17.20366
    1072    0.02568 -550.53994 -550.51426  -17.20437  -17.20357
    1073    0.02632 -550.54364 -550.51732  -17.20449  -17.20367
    1074    0.02019 -550.54612 -550.52593  -17.20457  -17.20394
    1075    0.02357 -550.54702 -550.52345  -17.20459  -17.20386
    1076    0.02616 -550.55084 -550.52468  -17.20471  -17.20390
    1077    0.02216 -550.53641 -550.51425  -17.20426  -17.20357
    1078    0.02221 -550.53346 -550.51125  -17.20417  -17.20348
    1079    0.02121 -550.52285 -550.50164  -17.20384  -17.20318
    1080    0.02415 -550.50772 -550.48357  -17.20337  -17.20261
    1081    0.02938 -550.52094 -550.49156  -17.20378  -17.20286
    1082    0.02226 -550.49873 -550.47647  -17.20309  -17.20239
    1083    0.02275 -550.50868 -550.48593  -17.20340  -17.20269
    1084    0.02735 -550.52615 -550.49880  -17.20394  -17.20309
    1085    0.02466 -550.53014 -550.50548  -17.20407  -17.20330
    1086    0.02286 -550.53073 -550.50787  -17.20409  -17.20337
    1087    0.02300 -550.53917 -550.51617  -17.20435  -17.20363
    1088    0.02121 -550.53402 -550.51281  -17.20419  -17.20353
    1089    0.02314 -550.52989 -550.50675  -17.20406  -17.20334
    1090    0.02461 -550.53071 -550.50610  -17.20408  -17.20332
    1091    0.02291 -550.53187 -550.50896  -17.20412  -17.20341
    1092    0.02665 -550.52701 -550.50036  -17.20397  -17.20314
    1093    0.02536 -550.52832 -550.50296  -17.20401  -17.20322
    1094    0.02284 -550.53553 -550.51269  -17.20424  -17.20352
    1095    0.02860 -550.52696 -550.49836  -17.20397  -17.20307
    1096    0.02257 -550.53250 -550.50993  -17.20414  -17.20344
    1097    0.02547 -550.54196 -550.51649  -17.20444  -17.20364
    1098    0.02499 -550.53657 -550.51158  -17.20427  -17.20349
    1099    0.02400 -550.52774 -550.50374  -17.20399  -17.20324
    1100    0.02111 -550.52418 -550.50307  -17.20388  -17.20322
    1101    0.02859 -550.54563 -550.51704  -17.20455  -17.20366
    1102    0.02287 -550.53742 -550.51455  -17.20429  -17.20358
    1103    0.02322 -550.53021 -550.50699  -17.20407  -17.20334
    1104    0.02230 -550.52560 -550.50330  -17.20392  -17.20323
    1105    0.02519 -550.53101 -550.50582  -17.20409  -17.20331
    1106    0.02469 -550.53582 -550.51113  -17.20424  -17.20347
    1107    0.01996 -550.51512 -550.49516  -17.20360  -17.20297
    1108    0.02429 -550.53726 -550.51297  -17.20429  -17.20353
    1109    0.02715 -550.54519 -550.51804  -17.20454  -17.20369
    1110    0.02289 -550.53106 -550.50817  -17.20410  -17.20338
    1111    0.01987 -550.52319 -550.50332  -17.20385  -17.20323
    1112    0.02271 -550.53922 -550.51651  -17.20435  -17.20364
    1113    0.02591 -550.52990 -550.50399  -17.20406  -17.20325
    1114    0.02205 -550.52750 -550.50545  -17.20398  -17.20330
    1115    0.02287 -550.53869 -550.51582  -17.20433  -17.20362
    1116    0.02087 -550.53115 -550.51028  -17.20410  -17.20345
    1117    0.02376 -550.53966 -550.51590  -17.20436  -17.20362
    1118    0.02686 -550.54011 -550.51325  -17.20438  -17.20354
    1119    0.02219 -550.52013 -550.49794  -17.20375  -17.20306
    1120    0.02164 -550.52445 -550.50281  -17.20389  -17.20321
    1121    0.02353 -550.51453 -550.49100  -17.20358  -17.20284
    1122    0.02554 -550.51804 -550.49250  -17.20369  -17.20289
    1123    0.02105 -550.53604 -550.51499  -17.20425  -17.20359
    1124    0.01947 -550.51758 -550.49811  -17.20367  -17.20307
    1125    0.02528 -550.51907 -550.49379  -17.20372  -17.20293
    1126    0.02765 -550.52695 -550.49930  -17.20397  -17.20310
    1127    0.02405 -550.53145 -550.50740  -17.20411  -17.20336
    1128    0.02328 -550.52772 -550.50444  -17.20399  -17.20326
    1129    0.02545 -550.52583 -550.50038  -17.20393  -17.20314
    1130    0.02353 -550.53827 -550.51474  -17.20432  -17.20359
    1131    0.02259 -550.52909 -550.50650  -17.20403  -17.20333
    1132    0.02256 -550.53156 -550.50900  -17.20411  -17.20341
    1133    0.02219 -550.53479 -550.51260  -17.20421  -17.20352
    1134    0.02685 -550.51881 -550.49196  -17.20371  -17.20287
    1135    0.02252 -550.52025 -550.49773  -17.20376  -17.20305
    1136    0.02499 -550.52245 -550.49746  -17.20383  -17.20305
    1137    0.02655 -550.52066 -550.49411  -17.20377  -17.20294
    1138    0.02865 -550.52914 -550.50049  -17.20404  -17.20314
    1139    0.02350 -550.53917 -550.51567  -17.20435  -17.20361
    1140    0.02447 -550.54758 -550.52311  -17.20461  -17.20385
    1141    0.02617 -550.54631 -550.52014  -17.20457  -17.20375
    1142    0.02567 -550.53121 -550.50554  -17.20410  -17.20330
    1143    0.02303 -550.52506 -550.50203  -17.20391  -17.20319
    1144    0.02367 -550.51730 -550.49363  -17.20367  -17.20293
    1145    0.02523 -550.51428 -550.48905  -17.20357  -17.20278
    1146    0.02237 -550.51750 -550.49513  -17.20367  -17.20297
    1147    0.02602 -550.54038 -550.51436  -17.20439  -17.20357
    1148    0.02676 -550.53828 -550.51152  -17.20432  -17.20349
    1149    0.02139 -550.52965 -550.50826  -17.20405  -17.20338
    1150    0.02121 -550.53678 -550.51557  -17.20427  -17.20361
    1151    0.02536 -550.54720 -550.52184  -17.20460  -17.20381
    1152    0.02235 -550.53782 -550.51547  -17.20431  -17.20361
    1153    0.02527 -550.53524 -550.50997  -17.20423  -17.20344
    1154    0.02093 -550.52997 -550.50904  -17.20406  -17.20341
    1155    0.02261 -550.52818 -550.50557  -17.20401  -17.20330
    1156    0.02421 -550.53067 -550.50646  -17.20408  -17.20333
    1157    0.02512 -550.52800 -550.50288  -17.20400  -17.20322
    1158    0.02246 -550.51517 -550.49271  -17.20360  -17.20290
    1159    0.02413 -550.52330 -550.49917  -17.20385  -17.20310
    1160    0.02499 -550.52487 -550.49988  -17.20390  -17.20312
    1161    0.02419 -550.53553 -550.51134  -17.20424  -17.20348
    1162    0.02478 -550.54179 -550.51701  -17.20443  -17.20366
    1163    0.02327 -550.53430 -550.51103  -17.20420  -17.20347
    1164    0.02536 -550.53478 -550.50942  -17.20421  -17.20342
    1165    0.02395 -550.52813 -550.50418  -17.20400  -17.20326
    1166    0.02345 -550.51462 -550.49117  -17.20358  -17.20285
    1167    0.02679 -550.51091 -550.48412  -17.20347  -17.20263
    1168    0.02278 -550.52295 -550.50017  -17.20384  -17.20313
    1169    0.01919 -550.52052 -550.50133  -17.20377  -17.20317
    1170    0.02627 -550.52450 -550.49823  -17.20389  -17.20307
    1171    0.02304 -550.50956 -550.48652  -17.20342  -17.20270
    1172    0.02236 -550.51376 -550.49140  -17.20356  -17.20286
    1173    0.01913 -550.51155 -550.49242  -17.20349  -17.20289
    1174    0.02499 -550.52793 -550.50294  -17.20400  -17.20322
    1175    0.02371 -550.52417 -550.50046  -17.20388  -17.20314
    1176    0.02246 -550.52180 -550.49934  -17.20381  -17.20310
    1177    0.02374 -550.53441 -550.51067  -17.20420  -17.20346
    1178    0.02338 -550.53698 -550.51360  -17.20428  -17.20355
    1179    0.02117 -550.51788 -550.49671  -17.20368  -17.20302
    1180    0.02828 -550.51269 -550.48441  -17.20352  -17.20264
    1181    0.02270 -550.49453 -550.47183  -17.20295  -17.20224
    1182    0.02150 -550.50450 -550.48300  -17.20327  -17.20259
    1183    0.02435 -550.52015 -550.49580  -17.20375  -17.20299
    1184    0.02594 -550.51934 -550.49340  -17.20373  -17.20292
    1185    0.02405 -550.52864 -550.50459  -17.20402  -17.20327
    1186    0.02093 -550.51716 -550.49623  -17.20366  -17.20301
    1187    0.02385 -550.53303 -550.50918  -17.20416  -17.20341
    1188    0.02683 -550.53061 -550.50378  -17.20408  -17.20324
    1189    0.02704 -550.52467 -550.49763  -17.20390  -17.20305
    1190    0.02422 -550.52052 -550.49630  -17.20377  -17.20301
    1191    0.02240 -550.53339 -550.51099  -17.20417  -17.20347
    1192    0.02464 -550.53334 -550.50870  -17.20417  -17.20340
    1193    0.02733 -550.53187 -550.50454  -17.20412  -17.20327
    1194    0.02657 -550.52198 -550.49541  -17.20381  -17.20298
    1195    0.02693 -550.51565 -550.48872  -17.20361  -17.20277
    1196    0.02207 -550.51013 -550.48806  -17.20344  -17.20275
    1197    0.02189 -550.49973 -550.47784  -17.20312  -17.20243
    1198    0.03265 -550.51475 -550.48210  -17.20359  -17.20257
    1199    0.02757 -550.52005 -550.49248  -17.20375  -17.20289
    1200    0.02432 -550.51298 -550.48866  -17.20353  -17.20277
    1201    0.02608 -550.54166 -550.51558  -17.20443  -17.20361
    1202    0.02318 -550.53941 -550.51623  -17.20436  -17.20363
    1203    0.02512 -550.54223 -550.51711  -17.20444  -17.20366
    1204    0.02260 -550.55413 -550.53153  -17.20482  -17.20411
    1205    0.02254 -550.54150 -550.51896  -17.20442  -17.20372
    1206    0.02596 -550.54698 -550.52102  -17.20459  -17.20378
    1207    0.02650 -550.54785 -550.52135  -17.20462  -17.20379
    1208    0.02123 -550.53722 -550.51599  -17.20429  -17.20362
    1209    0.02336 -550.54872 -550.52536  -17.20465  -17.20392
    1210    0.02791 -550.55830 -550.53039  -17.20495  -17.20407
    1211    0.02297 -550.54076 -550.51779  -17.20440  -17.20368
    1212    0.02562 -550.55305 -550.52743  -17.20478  -17.20398
    1213    0.02473 -550.55904 -550.53431  -17.20497  -17.20420
    1214    0.02344 -550.55020 -550.52676  -17.20469  -17.20396
    1215    0.02334 -550.55271 -550.52937  -17.20477  -17.20404
    1216    0.02622 -550.55203 -550.52581  -17.20475  -17.20393
    1217    0.02221 -550.54040 -550.51819  -17.20439  -17.20369
    1218    0.02664 -550.53809 -550.51145  -17.20432  -17.20348
    1219    0.02964 -550.55000 -550.52036  -17.20469  -17.20376
    1220    0.02162 -550.55272 -550.53110  -17.20477  -17.20410
    1221    0.01973 -550.54485 -550.52512  -17.20453  -17.20391
    1222    0.02727 -550.54787 -550.52060  -17.20462  -17.20377
    1223    0.02817 -550.55784 -550.52967  -17.20493  -17.20405
    1224    0.01771 -550.53052 -550.51281  -17.20408  -17.20353
    1225    0.02760 -550.54358 -550.51598  -17.20449  -17.20362
    1226    0.02828 -550.54395 -550.51567  -17.20450  -17.20361
    1227    0.02468 -550.53819 -550.51351  -17.20432  -17.20355
    1228    0.04311 -550.57627 -550.53316  -17.20551  -17.20416
    1229    0.02497 -550.55450 -550.52953  -17.20483  -17.20405
    1230    0.02273 -550.52970 -550.50697  -17.20405  -17.20334
    1231    0.02666 -550.55293 -550.52627  -17.20478  -17.20395
    1232    0.02573 -550.54803 -550.52230  -17.20463  -17.20382
    1233    0.01993 -550.53352 -550.51359  -17.20417  -17.20355
    1234    0.02609 -550.55835 -550.53226  -17.20495  -17.20413
    1235    0.02633 -550.53816 -550.51183  -17.20432  -17.20349
    1236    0.02144 -550.51669 -550.49525  -17.20365  -17.20298
    1237    0.02532 -550.53920 -550.51388  -17.20435  -17.20356
    1238    0.02086 -550.52026 -550.49940  -17.20376  -17.20311
    1239    0.02876 -550.54551 -550.51675  -17.20455  -17.20365
    1240    0.02589 -550.55177 -550.52588  -17.20474  -17.20393
    1241    0.02443 -550.54298 -550.51855  -17.20447  -17.20370
    1242    0.02452 -550.54252 -550.51800  -17.20445  -17.20369
    1243    0.02518 -550.54327 -550.51809  -17.20448  -17.20369
    1244    0.02108 -550.52748 -550.50640  -17.20398  -17.20332
    1245    0.02799 -550.53745 -550.50946  -17.20430  -17.20342
    1246    0.02540 -550.53097 -550.50557  -17.20409  -17.20330
    1247    0.02648 -550.53592 -550.50944  -17.20425  -17.20342
    1248    0.02549 -550.54122 -550.51573  -17.20441  -17.20362
    1249    0.02791 -550.53293 -550.50502  -17.20415  -17.20328
    1250    0.02260 -550.53659 -550.51399  -17.20427  -17.20356
    1251    0.03074 -550.55200 -550.52126  -17.20475  -17.20379
    1252    0.02565 -550.53761 -550.51196  -17.20430  -17.20350
    1253    0.02343 -550.52971 -550.50628  -17.20405  -17.20332
    1254    0.02416 -550.52661 -550.50245  -17.20396  -17.20320
    1255    0.02343 -550.51901 -550.49558  -17.20372  -17.20299
    1256    0.02340 -550.51025 -550.48685  -17.20345  -17.20271
    1257    0.02714 -550.52493 -550.49779  -17.20390  -17.20306
    1258    0.02585 -550.52987 -550.50402  -17.20406  -17.20325
    1259    0.02399 -550.51002 -550.48603  -17.20344  -17.20269
    1260    0.02896 -550.51556 -550.48660  -17.20361  -17.20271
    1261    0.02587 -550.50984 -550.48397  -17.20343  -17.20262
    1262    0.02331 -550.50261 -550.47930  -17.20321  -17.20248
    1263    0.03064 -550.52363 -550.49299  -17.20386  -17.20291
    1264    0.02775 -550.50717 -550.47942  -17.20335  -17.20248
    1265    0.02215 -550.50047 -550.47832  -17.20314  -17.20245
    1266    0.02512 -550.51351 -550.48839  -17.20355  -17.20276
    1267    0.02609 -550.51448 -550.48839  -17.20358  -17.20276
    1268    0.02397 -550.51013 -550.48616  -17.20344  -17.20269
    1269    0.02621 -550.50990 -550.48369  -17.20343  -17.20262
    1270    0.02490 -550.50768 -550.48278  -17.20337  -17.20259
    1271    0.02504 -550.51048 -550.48544  -17.20345  -17.20267
    1272    0.02622 -550.52361 -550.49739  -17.20386  -17.20304
    1273    0.02127 -550.50701 -550.48574  -17.20334  -17.20268
    1274    0.02257 -550.49657 -550.47400  -17.20302  -17.20231
    1275    0.02609 -550.52682 -550.50073  -17.20396  -17.20315
    1276    0.02627 -550.52502 -550.49875  -17.20391  -17.20309
    1277    0.02409 -550.51411 -550.49002  -17.20357  -17.20281
    1278    0.02686 -550.51634 -550.48948  -17.20364  -17.20280
    1279    0.02503 -550.51469 -550.48966  -17.20358  -17.20280
    1280    0.02191 -550.50667 -550.48476  -17.20333  -17.20265
    1281    0.02372 -550.50504 -550.48132  -17.20328  -17.20254
    1282    0.02714 -550.49388 -550.46674  -17.20293  -17.20209
    1283    0.02484 -550.49294 -550.46810  -17.20290  -17.20213
    1284    0.02202 -550.49910 -550.47708  -17.20310  -17.20241
    1285    0.02497 -550.51714 -550.49217  -17.20366  -17.20288
    1286    0.02505 -550.52294 -550.49789  -17.20384  -17.20306
    1287    0.02369 -550.50759 -550.48390  -17.20336  -17.20262
    1288    0.02079 -550.49950 -550.47871  -17.20311  -17.20246
    1289    0.02984 -550.52150 -550.49166  -17.20380  -17.20286
    1290    0.02537 -550.51074 -550.48537  -17.20346  -17.20267
    1291    0.02068 -550.49750 -550.47682  -17.20305  -17.20240
    1292    0.02695 -550.49842 -550.47147  -17.20308  -17.20223
    1293    0.02904 -550.49173 -550.46269  -17.20287  -17.20196
    1294    0.02603 -550.49930 -550.47327  -17.20310  -17.20229
    1295    0.02365 -550.50685 -550.48320  -17.20334  -17.20260
    1296    0.02422 -550.51272 -550.48850  -17.20352  -17.20277
    1297    0.02830 -550.51018 -550.48188  -17.20344  -17.20256
    1298    0.02280 -550.50266 -550.47986  -17.20321  -17.20250
    1299    0.02672 -550.50047 -550.47375  -17.20314  -17.20230
    1300    0.02526 -550.48921 -550.46395  -17.20279  -17.20200
    1301    0.02242 -550.48701 -550.46459  -17.20272  -17.20202
    1302    0.02441 -550.49057 -550.46616  -17.20283  -17.20207
    1303    0.02601 -550.50875 -550.48274  -17.20340  -17.20259
    1304    0.02440 -550.51745 -550.49305  -17.20367  -17.20291
    1305    0.02520 -550.52712 -550.50192  -17.20397  -17.20319
    1306    0.02544 -550.52125 -550.49581  -17.20379  -17.20299
    1307    0.02862 -550.51450 -550.48588  -17.20358  -17.20268
    1308    0.02803 -550.51635 -550.48832  -17.20364  -17.20276
