       0    0.00004 -1090.37978 -1090.37974  -17.03718  -17.03718
       1    0.02123 -1090.49638 -1090.47515  -17.03901  -17.03867
       2    0.03881 -1090.48295 -1090.44414  -17.03880  -17.03819
       3    0.02936 -1090.34158 -1090.31222  -17.03659  -17.03613
       4    0.04039 -1090.49608 -1090.45569  -17.03900  -17.03837
       5    0.03034 -1090.49616 -1090.46582  -17.03900  -17.03853
       6    0.02841 -1090.49183 -1090.46342  -17.03893  -17.03849
       7    0.03977 -1090.49873 -1090.45896  -17.03904  -17.03842
       8    0.03569 -1090.44189 -1090.40620  -17.03815  -17.03760
       9    0.03391 -1090.46400 -1090.43009  -17.03850  -17.03797
      10    0.03310 -1090.45664 -1090.42354  -17.03839  -17.03787
      11    0.03434 -1090.43587 -1090.40153  -17.03806  -17.03752
      12    0.04101 -1090.47252 -1090.43151  -17.03863  -17.03799
      13    0.03646 -1090.43580 -1090.39934  -17.03806  -17.03749
      14    0.03792 -1090.41974 -1090.38182  -17.03781  -17.03722
      15    0.04301 -1090.43623 -1090.39322  -17.03807  -17.03739
      16    0.03811 -1090.43614 -1090.39803  -17.03806  -17.03747
      17    0.03764 -1090.43918 -1090.40154  -17.03811  -17.03752
      18    0.04521 -1090.44186 -1090.39665  -17.03815  -17.03745
      19    0.03492 -1090.43579 -1090.40087  -17.03806  -17.03751
      20    0.03814 -1090.43502 -1090.39688  -17.03805  -17.03745
      21    0.04017 -1090.42415 -1090.38398  -17.03788  -17.03725
      22    0.04023 -1090.40676 -1090.36653  -17.03761  -17.03698
      23    0.03671 -1090.42856 -1090.39185  -17.03795  -17.03737
      24    0.03498 -1090.43153 -1090.39655  -17.03799  -17.03745
      25    0.03891 -1090.41375 -1090.37484  -17.03771  -17.03711
      26    0.04391 -1090.39709 -1090.35318  -17.03745  -17.03677
      27    0.03988 -1090.39919 -1090.35931  -17.03749  -17.03686
      28    0.04001 -1090.40887 -1090.36886  -17.03764  -17.03701
      29    0.03698 -1090.41272 -1090.37574  -17.03770  -17.03712
      30    0.03953 -1090.41590 -1090.37637  -17.03775  -17.03713
      31    0.04501 -1090.42667 -1090.38166  -17.03792  -17.03721
      32    0.03713 -1090.41065 -1090.37352  -17.03767  -17.03709
      33    0.03894 -1090.41936 -1090.38042  -17.03780  -17.03719
      34    0.04186 -1090.42435 -1090.38249  -17.03788  -17.03723
      35    0.03986 -1090.41729 -1090.37743  -17.03777  -17.03715
      36    0.04090 -1090.41726 -1090.37636  -17.03777  -17.03713
      37    0.04035 -1090.40042 -1090.36007  -17.03751  -17.03688
      38    0.04039 -1090.40804 -1090.36765  -17.03763  -17.03699
      39    0.04837 -1090.40227 -1090.35390  -17.03754  -17.03678
      40    0.04153 -1090.38261 -1090.34108  -17.03723  -17.03658
      41    0.03705 -1090.35657 -1090.31952  -17.03682  -17.03624
      42    0.03756 -1090.36480 -1090.32724  -17.03695  -17.03636
      43    0.04506 -1090.36668 -1090.32162  -17.03698  -17.03628
      44    0.04013 -1090.38217 -1090.34204  -17.03722  -17.03659
      45    0.03695 -1090.39144 -1090.35449  -17.03737  -17.03679
      46    0.04225 -1090.38776 -1090.34551  -17.03731  -17.03665
      47    0.03927 -1090.37947 -1090.34020  -17.03718  -17.03657
      48    0.04511 -1090.39972 -1090.35461  -17.03750  -17.03679
      49    0.03832 -1090.39710 -1090.35878  -17.03745  -17.03686
      50    0.04366 -1090.40527 -1090.36161  -17.03758  -17.03690
      51    0.04199 -1090.39533 -1090.35334  -17.03743  -17.03677
      52    0.04339 -1090.40441 -1090.36102  -17.03757  -17.03689
      53    0.04452 -1090.39332 -1090.34880  -17.03740  -17.03670
      54    0.03835 -1090.38101 -1090.34266  -17.03720  -17.03660
      55    0.03938 -1090.38121 -1090.34183  -17.03721  -17.03659
      56    0.04426 -1090.37008 -1090.32582  -17.03703  -17.03634
      57    0.04503 -1090.37827 -1090.33324  -17.03716  -17.03646
      58    0.04448 -1090.39641 -1090.35193  -17.03744  -17.03675
      59    0.04195 -1090.38366 -1090.34171  -17.03724  -17.03659
      60    0.03895 -1090.34185 -1090.30290  -17.03659  -17.03598
      61    0.04250 -1090.35985 -1090.31735  -17.03687  -17.03621
      62    0.03919 -1090.34610 -1090.30691  -17.03666  -17.03605
      63    0.04277 -1090.36008 -1090.31731  -17.03688  -17.03621
      64    0.04709 -1090.37885 -1090.33176  -17.03717  -17.03643
      65    0.03608 -1090.37091 -1090.33483  -17.03705  -17.03648
      66    0.04305 -1090.38616 -1090.34311  -17.03728  -17.03661
      67    0.04104 -1090.37006 -1090.32902  -17.03703  -17.03639
      68    0.04623 -1090.38487 -1090.33864  -17.03726  -17.03654
      69    0.03760 -1090.37729 -1090.33969  -17.03715  -17.03656
      70    0.04095 -1090.40075 -1090.35980  -17.03751  -17.03687
      71    0.04296 -1090.40793 -1090.36497  -17.03762  -17.03695
      72    0.04110 -1090.40954 -1090.36844  -17.03765  -17.03701
      73    0.04447 -1090.41693 -1090.37246  -17.03776  -17.03707
      74    0.03954 -1090.38665 -1090.34711  -17.03729  -17.03667
      75    0.04043 -1090.37217 -1090.33174  -17.03707  -17.03643
      76    0.03916 -1090.38012 -1090.34096  -17.03719  -17.03658
      77    0.03796 -1090.37618 -1090.33822  -17.03713  -17.03653
      78    0.04146 -1090.38018 -1090.33872  -17.03719  -17.03654
      79    0.04634 -1090.38644 -1090.34010  -17.03729  -17.03656
      80    0.03836 -1090.39723 -1090.35887  -17.03746  -17.03686
      81    0.03456 -1090.40248 -1090.36792  -17.03754  -17.03700
      82    0.04610 -1090.41060 -1090.36450  -17.03767  -17.03695
      83    0.04038 -1090.38257 -1090.34219  -17.03723  -17.03660
      84    0.04104 -1090.38385 -1090.34281  -17.03725  -17.03661
      85    0.03981 -1090.39110 -1090.35129  -17.03736  -17.03674
      86    0.04661 -1090.40062 -1090.35401  -17.03751  -17.03678
      87    0.03462 -1090.39877 -1090.36415  -17.03748  -17.03694
      88    0.04823 -1090.40721 -1090.35898  -17.03761  -17.03686
      89    0.04054 -1090.39021 -1090.34967  -17.03735  -17.03671
      90    0.04336 -1090.40268 -1090.35932  -17.03754  -17.03686
      91    0.03659 -1090.39394 -1090.35735  -17.03741  -17.03683
      92    0.06790 -1090.42278 -1090.35488  -17.03786  -17.03680
      93    0.05815 -1090.42401 -1090.36586  -17.03788  -17.03697
      94    0.04134 -1090.41373 -1090.37239  -17.03771  -17.03707
      95    0.03837 -1090.40701 -1090.36864  -17.03761  -17.03701
      96    0.04536 -1090.41824 -1090.37288  -17.03778  -17.03708
      97    0.04195 -1090.40952 -1090.36757  -17.03765  -17.03699
      98    0.04177 -1090.41314 -1090.37137  -17.03771  -17.03705
      99    0.03953 -1090.41338 -1090.37385  -17.03771  -17.03709
     100    0.04500 -1090.40122 -1090.35622  -17.03752  -17.03682
     101    0.04736 -1090.40581 -1090.35845  -17.03759  -17.03685
     102    0.04071 -1090.41190 -1090.37119  -17.03769  -17.03705
     103    0.03537 -1090.39102 -1090.35565  -17.03736  -17.03681
     104    0.04057 -1090.40291 -1090.36234  -17.03755  -17.03691
     105    0.03852 -1090.41709 -1090.37857  -17.03777  -17.03717
     106    0.03781 -1090.40556 -1090.36775  -17.03759  -17.03700
     107    0.04109 -1090.41358 -1090.37249  -17.03771  -17.03707
     108    0.04226 -1090.42894 -1090.38668  -17.03795  -17.03729
     109    0.04126 -1090.43124 -1090.38998  -17.03799  -17.03734
     110    0.03626 -1090.43066 -1090.39440  -17.03798  -17.03741
     111    0.03633 -1090.42226 -1090.38593  -17.03785  -17.03728
     112    0.04472 -1090.44079 -1090.39607  -17.03814  -17.03744
     113    0.04268 -1090.40560 -1090.36292  -17.03759  -17.03692
     114    0.03575 -1090.38896 -1090.35321  -17.03733  -17.03677
     115    0.04180 -1090.42008 -1090.37828  -17.03781  -17.03716
     116    0.04195 -1090.43824 -1090.39629  -17.03810  -17.03744
     117    0.04051 -1090.41675 -1090.37624  -17.03776  -17.03713
     118    0.03462 -1090.41286 -1090.37824  -17.03770  -17.03716
     119    0.04422 -1090.39770 -1090.35348  -17.03746  -17.03677
     120    0.04138 -1090.38826 -1090.34688  -17.03732  -17.03667
     121    0.04309 -1090.38229 -1090.33920  -17.03722  -17.03655
     122    0.04056 -1090.36202 -1090.32146  -17.03691  -17.03627
     123    0.04046 -1090.39218 -1090.35172  -17.03738  -17.03675
     124    0.03809 -1090.41398 -1090.37589  -17.03772  -17.03712
     125    0.03547 -1090.38430 -1090.34883  -17.03725  -17.03670
     126    0.04513 -1090.40197 -1090.35684  -17.03753  -17.03683
     127    0.03833 -1090.36375 -1090.32542  -17.03693  -17.03633
     128    0.03691 -1090.37746 -1090.34055  -17.03715  -17.03657
     129    0.03464 -1090.38540 -1090.35076  -17.03727  -17.03673
     130    0.04262 -1090.38306 -1090.34044  -17.03724  -17.03657
     131    0.04021 -1090.37068 -1090.33047  -17.03704  -17.03641
     132    0.04038 -1090.36740 -1090.32702  -17.03699  -17.03636
     133    0.04482 -1090.39232 -1090.34750  -17.03738  -17.03668
     134    0.03915 -1090.36634 -1090.32719  -17.03697  -17.03636
     135    0.04129 -1090.36841 -1090.32712  -17.03701  -17.03636
     136    0.04712 -1090.40450 -1090.35738  -17.03757  -17.03683
     137    0.03841 -1090.37311 -1090.33470  -17.03708  -17.03648
     138    0.03773 -1090.36845 -1090.33072  -17.03701  -17.03642
     139    0.04472 -1090.41591 -1090.37119  -17.03775  -17.03705
     140    0.04145 -1090.40441 -1090.36296  -17.03757  -17.03692
     141    0.03335 -1090.40298 -1090.36963  -17.03755  -17.03703
     142    0.04394 -1090.41064 -1090.36670  -17.03767  -17.03698
     143    0.04236 -1090.40193 -1090.35957  -17.03753  -17.03687
     144    0.03878 -1090.40749 -1090.36871  -17.03762  -17.03701
     145    0.04738 -1090.40804 -1090.36066  -17.03763  -17.03689
     146    0.04199 -1090.38321 -1090.34122  -17.03724  -17.03658
     147    0.03632 -1090.38386 -1090.34754  -17.03725  -17.03668
     148    0.04125 -1090.38806 -1090.34681  -17.03731  -17.03667
     149    0.03988 -1090.39450 -1090.35462  -17.03741  -17.03679
     150    0.04168 -1090.39180 -1090.35012  -17.03737  -17.03672
     151    0.03522 -1090.38436 -1090.34914  -17.03726  -17.03671
     152    0.04116 -1090.38649 -1090.34533  -17.03729  -17.03665
     153    0.04050 -1090.39208 -1090.35158  -17.03738  -17.03674
     154    0.03711 -1090.38906 -1090.35195  -17.03733  -17.03675
     155    0.04481 -1090.42143 -1090.37662  -17.03783  -17.03713
     156    0.03868 -1090.41941 -1090.38073  -17.03780  -17.03720
     157    0.03782 -1090.40675 -1090.36893  -17.03761  -17.03701
     158    0.04332 -1090.40230 -1090.35898  -17.03754  -17.03686
     159    0.04472 -1090.40648 -1090.36176  -17.03760  -17.03690
     160    0.04309 -1090.41066 -1090.36757  -17.03767  -17.03699
     161    0.04126 -1090.41927 -1090.37801  -17.03780  -17.03716
     162    0.04291 -1090.43454 -1090.39163  -17.03804  -17.03737
     163    0.04687 -1090.46043 -1090.41356  -17.03844  -17.03771
     164    0.03788 -1090.43030 -1090.39242  -17.03797  -17.03738
     165    0.03851 -1090.40545 -1090.36694  -17.03759  -17.03698
     166    0.04429 -1090.40764 -1090.36335  -17.03762  -17.03693
     167    0.04071 -1090.39875 -1090.35804  -17.03748  -17.03684
     168    0.04401 -1090.41016 -1090.36615  -17.03766  -17.03697
     169    0.03795 -1090.39551 -1090.35756  -17.03743  -17.03684
     170    0.03977 -1090.40206 -1090.36229  -17.03753  -17.03691
     171    0.03918 -1090.41185 -1090.37267  -17.03769  -17.03707
     172    0.04363 -1090.41502 -1090.37139  -17.03773  -17.03705
     173    0.03976 -1090.39271 -1090.35295  -17.03739  -17.03676
     174    0.03747 -1090.40589 -1090.36842  -17.03759  -17.03701
     175    0.04950 -1090.41584 -1090.36634  -17.03775  -17.03697
     176    0.03519 -1090.40233 -1090.36714  -17.03754  -17.03699
     177    0.04074 -1090.40828 -1090.36754  -17.03763  -17.03699
     178    0.04090 -1090.39000 -1090.34910  -17.03734  -17.03670
     179    0.04858 -1090.40514 -1090.35656  -17.03758  -17.03682
     180    0.03602 -1090.42068 -1090.38466  -17.03782  -17.03726
     181    0.03372 -1090.41429 -1090.38057  -17.03772  -17.03720
     182    0.04158 -1090.41774 -1090.37616  -17.03778  -17.03713
     183    0.04625 -1090.39967 -1090.35342  -17.03749  -17.03677
     184    0.03611 -1090.40378 -1090.36767  -17.03756  -17.03699
     185    0.03942 -1090.42210 -1090.38268  -17.03785  -17.03723
     186    0.04203 -1090.41456 -1090.37253  -17.03773  -17.03707
     187    0.04371 -1090.40796 -1090.36425  -17.03762  -17.03694
     188    0.03839 -1090.37691 -1090.33852  -17.03714  -17.03654
     189    0.03817 -1090.38575 -1090.34758  -17.03728  -17.03668
     190    0.04327 -1090.40772 -1090.36445  -17.03762  -17.03694
     191    0.04036 -1090.39804 -1090.35768  -17.03747  -17.03684
     192    0.03598 -1090.36946 -1090.33348  -17.03702  -17.03646
     193    0.04261 -1090.39571 -1090.35310  -17.03743  -17.03677
     194    0.03926 -1090.36855 -1090.32929  -17.03701  -17.03640
     195    0.04080 -1090.36218 -1090.32138  -17.03691  -17.03627
     196    0.05048 -1090.38817 -1090.33769  -17.03732  -17.03653
     197    0.04436 -1090.39046 -1090.34610  -17.03735  -17.03666
     198    0.04030 -1090.39327 -1090.35297  -17.03739  -17.03677
     199    0.03978 -1090.39550 -1090.35572  -17.03743  -17.03681
     200    0.03741 -1090.38365 -1090.34624  -17.03724  -17.03666
     201    0.03652 -1090.40020 -1090.36368  -17.03750  -17.03693
     202    0.04418 -1090.40982 -1090.36564  -17.03765  -17.03696
     203    0.04142 -1090.41053 -1090.36911  -17.03766  -17.03702
     204    0.04564 -1090.42389 -1090.37825  -17.03787  -17.03716
     205    0.03993 -1090.41974 -1090.37981  -17.03781  -17.03718
     206    0.04712 -1090.43490 -1090.38778  -17.03805  -17.03731
     207    0.04492 -1090.43500 -1090.39008  -17.03805  -17.03734
     208    0.04371 -1090.40272 -1090.35901  -17.03754  -17.03686
     209    0.04259 -1090.38108 -1090.33849  -17.03720  -17.03654
     210    0.04385 -1090.38075 -1090.33690  -17.03720  -17.03651
     211    0.04220 -1090.38668 -1090.34448  -17.03729  -17.03663
     212    0.04204 -1090.39735 -1090.35531  -17.03746  -17.03680
     213    0.04096 -1090.39358 -1090.35262  -17.03740  -17.03676
     214    0.04169 -1090.42688 -1090.38519  -17.03792  -17.03727
     215    0.04670 -1090.41898 -1090.37228  -17.03780  -17.03707
     216    0.03989 -1090.36580 -1090.32591  -17.03697  -17.03634
     217    0.04249 -1090.39084 -1090.34835  -17.03736  -17.03669
     218    0.03520 -1090.38857 -1090.35337  -17.03732  -17.03677
     219    0.04263 -1090.39981 -1090.35718  -17.03750  -17.03683
     220    0.04810 -1090.41395 -1090.36585  -17.03772  -17.03697
     221    0.03611 -1090.39265 -1090.35654  -17.03739  -17.03682
     222    0.03729 -1090.38122 -1090.34393  -17.03721  -17.03662
     223    0.03927 -1090.39161 -1090.35234  -17.03737  -17.03676
     224    0.04459 -1090.38669 -1090.34210  -17.03729  -17.03660
     225    0.04123 -1090.38024 -1090.33901  -17.03719  -17.03655
     226    0.04120 -1090.39460 -1090.35340  -17.03742  -17.03677
     227    0.03963 -1090.38840 -1090.34877  -17.03732  -17.03670
     228    0.04064 -1090.39193 -1090.35129  -17.03737  -17.03674
     229    0.04409 -1090.38341 -1090.33932  -17.03724  -17.03655
     230    0.04064 -1090.37677 -1090.33613  -17.03714  -17.03650
     231    0.03959 -1090.37760 -1090.33801  -17.03715  -17.03653
     232    0.04858 -1090.39128 -1090.34270  -17.03736  -17.03660
     233    0.04339 -1090.38094 -1090.33755  -17.03720  -17.03652
     234    0.03949 -1090.37237 -1090.33288  -17.03707  -17.03645
     235    0.04013 -1090.37401 -1090.33388  -17.03709  -17.03647
     236    0.04363 -1090.39933 -1090.35570  -17.03749  -17.03681
     237    0.04936 -1090.41781 -1090.36845  -17.03778  -17.03701
     238    0.03900 -1090.42444 -1090.38544  -17.03788  -17.03727
     239    0.04132 -1090.41171 -1090.37039  -17.03768  -17.03704
     240    0.04294 -1090.41590 -1090.37296  -17.03775  -17.03708
     241    0.04318 -1090.43612 -1090.39294  -17.03806  -17.03739
     242    0.04154 -1090.41850 -1090.37696  -17.03779  -17.03714
     243    0.03997 -1090.40029 -1090.36032  -17.03750  -17.03688
     244    0.04467 -1090.41988 -1090.37521  -17.03781  -17.03711
     245    0.04289 -1090.41886 -1090.37597  -17.03779  -17.03712
     246    0.03760 -1090.39077 -1090.35317  -17.03736  -17.03677
     247    0.03655 -1090.39735 -1090.36080  -17.03746  -17.03689
     248    0.03971 -1090.41793 -1090.37822  -17.03778  -17.03716
     249    0.03799 -1090.41934 -1090.38135  -17.03780  -17.03721
     250    0.03931 -1090.39744 -1090.35813  -17.03746  -17.03685
     251    0.04024 -1090.38923 -1090.34899  -17.03733  -17.03670
     252    0.03708 -1090.40212 -1090.36504  -17.03753  -17.03695
     253    0.04185 -1090.40668 -1090.36483  -17.03760  -17.03695
     254    0.04122 -1090.40240 -1090.36118  -17.03754  -17.03689
     255    0.04460 -1090.40550 -1090.36090  -17.03759  -17.03689
     256    0.04568 -1090.39466 -1090.34898  -17.03742  -17.03670
     257    0.03784 -1090.39352 -1090.35568  -17.03740  -17.03681
     258    0.04912 -1090.42228 -1090.37316  -17.03785  -17.03708
     259    0.04194 -1090.40760 -1090.36566  -17.03762  -17.03696
     260    0.04298 -1090.40456 -1090.36158  -17.03757  -17.03690
     261    0.03867 -1090.41004 -1090.37137  -17.03766  -17.03705
     262    0.04620 -1090.39837 -1090.35217  -17.03747  -17.03675
     263    0.04146 -1090.42219 -1090.38073  -17.03785  -17.03720
     264    0.04133 -1090.44099 -1090.39966  -17.03814  -17.03749
     265    0.03713 -1090.42215 -1090.38502  -17.03785  -17.03727
     266    0.03993 -1090.40497 -1090.36504  -17.03758  -17.03695
     267    0.04194 -1090.41485 -1090.37291  -17.03773  -17.03708
     268    0.04203 -1090.40230 -1090.36027  -17.03754  -17.03688
     269    0.03640 -1090.40517 -1090.36877  -17.03758  -17.03701
     270    0.03933 -1090.41073 -1090.37140  -17.03767  -17.03705
     271    0.04344 -1090.41026 -1090.36682  -17.03766  -17.03698
     272    0.03962 -1090.41764 -1090.37802  -17.03778  -17.03716
     273    0.04115 -1090.43603 -1090.39488  -17.03806  -17.03742
     274    0.04069 -1090.43569 -1090.39500  -17.03806  -17.03742
     275    0.04017 -1090.44463 -1090.40446  -17.03820  -17.03757
     276    0.04082 -1090.43540 -1090.39458  -17.03805  -17.03742
     277    0.04406 -1090.40658 -1090.36252  -17.03760  -17.03691
     278    0.04316 -1090.41870 -1090.37554  -17.03779  -17.03712
     279    0.04211 -1090.40433 -1090.36222  -17.03757  -17.03691
     280    0.04087 -1090.40169 -1090.36082  -17.03753  -17.03689
     281    0.04487 -1090.43712 -1090.39225  -17.03808  -17.03738
     282    0.04281 -1090.44558 -1090.40277  -17.03821  -17.03754
     283    0.04042 -1090.43931 -1090.39889  -17.03811  -17.03748
     284    0.04151 -1090.41276 -1090.37125  -17.03770  -17.03705
     285    0.04586 -1090.41865 -1090.37279  -17.03779  -17.03707
     286    0.03554 -1090.39341 -1090.35787  -17.03740  -17.03684
     287    0.04418 -1090.40844 -1090.36426  -17.03763  -17.03694
     288    0.04477 -1090.38563 -1090.34086  -17.03728  -17.03658
     289    0.03755 -1090.37479 -1090.33724  -17.03711  -17.03652
     290    0.04062 -1090.39672 -1090.35610  -17.03745  -17.03681
     291    0.04518 -1090.39809 -1090.35291  -17.03747  -17.03676
     292    0.04063 -1090.41119 -1090.37056  -17.03767  -17.03704
     293    0.03612 -1090.42499 -1090.38887  -17.03789  -17.03733
     294    0.03950 -1090.42869 -1090.38919  -17.03795  -17.03733
     295    0.04973 -1090.43767 -1090.38794  -17.03809  -17.03731
     296    0.03984 -1090.41726 -1090.37742  -17.03777  -17.03715
     297    0.03931 -1090.41183 -1090.37252  -17.03768  -17.03707
     298    0.04256 -1090.41743 -1090.37487  -17.03777  -17.03711
     299    0.05030 -1090.39719 -1090.34689  -17.03746  -17.03667
     300    0.04193 -1090.40104 -1090.35911  -17.03752  -17.03686
     301    0.04047 -1090.40451 -1090.36404  -17.03757  -17.03694
     302    0.04161 -1090.39937 -1090.35776  -17.03749  -17.03684
     303    0.04813 -1090.42073 -1090.37260  -17.03782  -17.03707
     304    0.03933 -1090.41546 -1090.37613  -17.03774  -17.03713
     305    0.04155 -1090.42547 -1090.38392  -17.03790  -17.03725
     306    0.03905 -1090.40362 -1090.36457  -17.03756  -17.03695
     307    0.04208 -1090.39300 -1090.35092  -17.03739  -17.03673
     308    0.04369 -1090.38622 -1090.34253  -17.03728  -17.03660
     309    0.03627 -1090.40760 -1090.37133  -17.03762  -17.03705
     310    0.04086 -1090.40598 -1090.36512  -17.03759  -17.03695
     311    0.03887 -1090.42373 -1090.38486  -17.03787  -17.03726
     312    0.03838 -1090.40805 -1090.36967  -17.03763  -17.03703
     313    0.04352 -1090.42336 -1090.37984  -17.03787  -17.03719
     314    0.04026 -1090.43233 -1090.39207  -17.03801  -17.03738
     315    0.03924 -1090.41871 -1090.37947  -17.03779  -17.03718
     316    0.03824 -1090.40065 -1090.36241  -17.03751  -17.03691
     317    0.04498 -1090.41736 -1090.37238  -17.03777  -17.03707
     318    0.03672 -1090.41470 -1090.37798  -17.03773  -17.03716
     319    0.04375 -1090.40452 -1090.36077  -17.03757  -17.03689
     320    0.04033 -1090.43460 -1090.39427  -17.03804  -17.03741
     321    0.03718 -1090.43593 -1090.39875  -17.03806  -17.03748
     322    0.03867 -1090.44381 -1090.40514  -17.03818  -17.03758
     323    0.04154 -1090.41696 -1090.37542  -17.03777  -17.03712
     324    0.04981 -1090.42129 -1090.37148  -17.03783  -17.03705
     325    0.04024 -1090.44767 -1090.40743  -17.03824  -17.03762
     326    0.04023 -1090.43585 -1090.39562  -17.03806  -17.03743
     327    0.03966 -1090.40823 -1090.36857  -17.03763  -17.03701
     328    0.04375 -1090.40938 -1090.36563  -17.03765  -17.03696
     329    0.04229 -1090.40974 -1090.36745  -17.03765  -17.03699
     330    0.03952 -1090.40923 -1090.36971  -17.03764  -17.03703
     331    0.03804 -1090.40123 -1090.36319  -17.03752  -17.03692
     332    0.04095 -1090.40729 -1090.36634  -17.03761  -17.03697
     333    0.04422 -1090.41588 -1090.37166  -17.03775  -17.03706
     334    0.03649 -1090.38746 -1090.35097  -17.03730  -17.03673
     335    0.04139 -1090.40527 -1090.36388  -17.03758  -17.03694
     336    0.04094 -1090.37461 -1090.33367  -17.03710  -17.03646
     337    0.04472 -1090.39080 -1090.34608  -17.03736  -17.03666
     338    0.04015 -1090.40150 -1090.36135  -17.03752  -17.03690
     339    0.03996 -1090.38464 -1090.34468  -17.03726  -17.03664
     340    0.04167 -1090.39325 -1090.35158  -17.03739  -17.03674
     341    0.03947 -1090.39283 -1090.35336  -17.03739  -17.03677
     342    0.03795 -1090.38220 -1090.34425  -17.03722  -17.03663
     343    0.04170 -1090.38234 -1090.34064  -17.03722  -17.03657
     344    0.05557 -1090.41263 -1090.35706  -17.03770  -17.03683
     345    0.03990 -1090.37458 -1090.33468  -17.03710  -17.03648
     346    0.03550 -1090.37306 -1090.33756  -17.03708  -17.03652
     347    0.04350 -1090.37351 -1090.33001  -17.03709  -17.03641
     348    0.04516 -1090.36401 -1090.31885  -17.03694  -17.03623
     349    0.03872 -1090.36012 -1090.32140  -17.03688  -17.03627
     350    0.04243 -1090.37936 -1090.33693  -17.03718  -17.03651
     351    0.04261 -1090.37207 -1090.32946  -17.03706  -17.03640
     352    0.04121 -1090.37643 -1090.33522  -17.03713  -17.03649
     353    0.04566 -1090.37491 -1090.32925  -17.03711  -17.03639
     354    0.04131 -1090.36329 -1090.32198  -17.03693  -17.03628
     355    0.03778 -1090.37810 -1090.34032  -17.03716  -17.03657
     356    0.03937 -1090.39216 -1090.35279  -17.03738  -17.03676
     357    0.04218 -1090.37446 -1090.33228  -17.03710  -17.03644
     358    0.04284 -1090.39091 -1090.34807  -17.03736  -17.03669
     359    0.04325 -1090.39106 -1090.34781  -17.03736  -17.03668
     360    0.03648 -1090.39199 -1090.35551  -17.03737  -17.03680
     361    0.04719 -1090.41637 -1090.36918  -17.03776  -17.03702
     362    0.04920 -1090.42128 -1090.37208  -17.03783  -17.03706
     363    0.03856 -1090.41220 -1090.37364  -17.03769  -17.03709
     364    0.04169 -1090.41214 -1090.37045  -17.03769  -17.03704
     365    0.03931 -1090.39027 -1090.35096  -17.03735  -17.03673
     366    0.04622 -1090.41569 -1090.36947  -17.03775  -17.03702
     367    0.04002 -1090.41543 -1090.37541  -17.03774  -17.03712
     368    0.03840 -1090.41320 -1090.37480  -17.03771  -17.03711
     369    0.03934 -1090.39510 -1090.35576  -17.03742  -17.03681
     370    0.04431 -1090.40473 -1090.36042  -17.03757  -17.03688
     371    0.03948 -1090.40066 -1090.36118  -17.03751  -17.03689
     372    0.03768 -1090.38642 -1090.34874  -17.03729  -17.03670
     373    0.04059 -1090.39823 -1090.35764  -17.03747  -17.03684
     374    0.03610 -1090.39748 -1090.36138  -17.03746  -17.03690
     375    0.04339 -1090.42342 -1090.38003  -17.03787  -17.03719
     376    0.03562 -1090.39752 -1090.36190  -17.03746  -17.03690
     377    0.04254 -1090.40528 -1090.36274  -17.03758  -17.03692
     378    0.04119 -1090.40104 -1090.35985  -17.03752  -17.03687
     379    0.04028 -1090.38996 -1090.34968  -17.03734  -17.03671
     380    0.04328 -1090.41609 -1090.37281  -17.03775  -17.03708
     381    0.04084 -1090.42044 -1090.37960  -17.03782  -17.03718
     382    0.04553 -1090.42498 -1090.37945  -17.03789  -17.03718
     383    0.04235 -1090.42599 -1090.38364  -17.03791  -17.03724
     384    0.04414 -1090.43903 -1090.39489  -17.03811  -17.03742
     385    0.03775 -1090.42496 -1090.38721  -17.03789  -17.03730
     386    0.03723 -1090.39981 -1090.36258  -17.03750  -17.03692
     387    0.04026 -1090.38407 -1090.34381  -17.03725  -17.03662
     388    0.03763 -1090.39781 -1090.36018  -17.03747  -17.03688
     389    0.04303 -1090.42595 -1090.38292  -17.03791  -17.03723
     390    0.03754 -1090.43044 -1090.39290  -17.03798  -17.03739
     391    0.04134 -1090.44175 -1090.40041  -17.03815  -17.03751
     392    0.03985 -1090.42686 -1090.38701  -17.03792  -17.03730
     393    0.04389 -1090.43280 -1090.38891  -17.03801  -17.03733
     394    0.04416 -1090.42796 -1090.38380  -17.03794  -17.03725
     395    0.04088 -1090.43114 -1090.39026  -17.03799  -17.03735
     396    0.03854 -1090.42224 -1090.38370  -17.03785  -17.03725
     397    0.03983 -1090.41491 -1090.37508  -17.03773  -17.03711
     398    0.04163 -1090.42467 -1090.38304  -17.03789  -17.03723
     399    0.03957 -1090.42764 -1090.38807  -17.03793  -17.03731
     400    0.03926 -1090.40666 -1090.36740  -17.03760  -17.03699
     401    0.04118 -1090.40501 -1090.36383  -17.03758  -17.03693
     402    0.04544 -1090.40668 -1090.36124  -17.03760  -17.03689
     403    0.04086 -1090.40970 -1090.36884  -17.03765  -17.03701
     404    0.04091 -1090.41162 -1090.37071  -17.03768  -17.03704
     405    0.04325 -1090.42104 -1090.37779  -17.03783  -17.03715
     406    0.04291 -1090.40901 -1090.36610  -17.03764  -17.03697
     407    0.04163 -1090.40573 -1090.36410  -17.03759  -17.03694
     408    0.04744 -1090.43152 -1090.38408  -17.03799  -17.03725
     409    0.04863 -1090.45190 -1090.40327  -17.03831  -17.03755
     410    0.03947 -1090.42937 -1090.38990  -17.03796  -17.03734
     411    0.04420 -1090.42246 -1090.37826  -17.03785  -17.03716
     412    0.05097 -1090.44055 -1090.38958  -17.03813  -17.03734
     413    0.04186 -1090.43527 -1090.39341  -17.03805  -17.03740
     414    0.03541 -1090.40863 -1090.37322  -17.03763  -17.03708
     415    0.04147 -1090.41501 -1090.37354  -17.03773  -17.03709
     416    0.04078 -1090.43487 -1090.39409  -17.03804  -17.03741
     417    0.03986 -1090.43310 -1090.39324  -17.03802  -17.03739
     418    0.04303 -1090.43699 -1090.39396  -17.03808  -17.03741
     419    0.04003 -1090.42950 -1090.38947  -17.03796  -17.03734
     420    0.04460 -1090.41786 -1090.37326  -17.03778  -17.03708
     421    0.04326 -1090.41734 -1090.37408  -17.03777  -17.03710
     422    0.03438 -1090.40531 -1090.37093  -17.03758  -17.03705
     423    0.03570 -1090.40849 -1090.37279  -17.03763  -17.03707
     424    0.04327 -1090.41462 -1090.37135  -17.03773  -17.03705
     425    0.04904 -1090.40345 -1090.35441  -17.03755  -17.03679
     426    0.04090 -1090.37414 -1090.33324  -17.03710  -17.03646
     427    0.04246 -1090.39535 -1090.35289  -17.03743  -17.03676
     428    0.04916 -1090.40476 -1090.35560  -17.03757  -17.03681
     429    0.04069 -1090.40944 -1090.36875  -17.03765  -17.03701
     430    0.03901 -1090.41180 -1090.37279  -17.03768  -17.03707
     431    0.04314 -1090.39878 -1090.35564  -17.03748  -17.03681
     432    0.04464 -1090.39418 -1090.34954  -17.03741  -17.03671
     433    0.03716 -1090.39164 -1090.35448  -17.03737  -17.03679
     434    0.04014 -1090.39773 -1090.35759  -17.03746  -17.03684
     435    0.04310 -1090.38754 -1090.34444  -17.03731  -17.03663
     436    0.04649 -1090.42041 -1090.37392  -17.03782  -17.03709
     437    0.04313 -1090.41705 -1090.37392  -17.03777  -17.03709
     438    0.03662 -1090.39518 -1090.35856  -17.03742  -17.03685
     439    0.05089 -1090.40502 -1090.35413  -17.03758  -17.03678
     440    0.04101 -1090.37239 -1090.33138  -17.03707  -17.03643
     441    0.04155 -1090.39264 -1090.35109  -17.03739  -17.03674
     442    0.03962 -1090.40627 -1090.36665  -17.03760  -17.03698
     443    0.04044 -1090.39472 -1090.35428  -17.03742  -17.03679
     444    0.04046 -1090.41011 -1090.36965  -17.03766  -17.03703
     445    0.03909 -1090.42966 -1090.39057  -17.03796  -17.03735
     446    0.04341 -1090.42005 -1090.37664  -17.03781  -17.03713
     447    0.04499 -1090.43714 -1090.39215  -17.03808  -17.03738
     448    0.04176 -1090.43661 -1090.39485  -17.03807  -17.03742
     449    0.03983 -1090.41500 -1090.37517  -17.03773  -17.03711
     450    0.04078 -1090.41765 -1090.37687  -17.03778  -17.03714
     451    0.04259 -1090.39272 -1090.35013  -17.03739  -17.03672
     452    0.04525 -1090.36839 -1090.32314  -17.03701  -17.03630
     453    0.04145 -1090.36715 -1090.32570  -17.03699  -17.03634
     454    0.03837 -1090.38773 -1090.34936  -17.03731  -17.03671
     455    0.04449 -1090.37497 -1090.33048  -17.03711  -17.03641
     456    0.03709 -1090.36249 -1090.32540  -17.03691  -17.03633
     457    0.04006 -1090.38171 -1090.34165  -17.03721  -17.03659
     458    0.04190 -1090.38328 -1090.34138  -17.03724  -17.03658
     459    0.04046 -1090.36851 -1090.32805  -17.03701  -17.03638
     460    0.03720 -1090.38313 -1090.34593  -17.03724  -17.03666
     461    0.04165 -1090.39917 -1090.35752  -17.03749  -17.03684
     462    0.03927 -1090.39448 -1090.35521  -17.03741  -17.03680
     463    0.03796 -1090.38871 -1090.35075  -17.03732  -17.03673
     464    0.04230 -1090.40129 -1090.35899  -17.03752  -17.03686
     465    0.03777 -1090.40692 -1090.36915  -17.03761  -17.03702
     466    0.04667 -1090.40614 -1090.35947  -17.03760  -17.03687
     467    0.05034 -1090.40875 -1090.35841  -17.03764  -17.03685
     468    0.04426 -1090.39763 -1090.35337  -17.03746  -17.03677
     469    0.04290 -1090.42417 -1090.38127  -17.03788  -17.03721
     470    0.04036 -1090.41117 -1090.37081  -17.03767  -17.03704
     471    0.04930 -1090.37056 -1090.32126  -17.03704  -17.03627
     472    0.04384 -1090.35942 -1090.31558  -17.03687  -17.03618
     473    0.04112 -1090.35885 -1090.31773  -17.03686  -17.03621
     474    0.04631 -1090.37873 -1090.33242  -17.03717  -17.03644
     475    0.04526 -1090.38861 -1090.34335  -17.03732  -17.03661
     476    0.03607 -1090.38193 -1090.34586  -17.03722  -17.03665
     477    0.04806 -1090.40293 -1090.35487  -17.03755  -17.03679
     478    0.04530 -1090.40393 -1090.35863  -17.03756  -17.03685
     479    0.03845 -1090.38867 -1090.35022  -17.03732  -17.03672
     480    0.04253 -1090.40817 -1090.36564  -17.03763  -17.03696
     481    0.04267 -1090.39514 -1090.35247  -17.03742  -17.03676
     482    0.03659 -1090.39600 -1090.35941  -17.03744  -17.03687
     483    0.03535 -1090.39836 -1090.36301  -17.03747  -17.03692
     484    0.04114 -1090.38294 -1090.34180  -17.03723  -17.03659
     485    0.04660 -1090.39238 -1090.34578  -17.03738  -17.03665
     486    0.03603 -1090.38565 -1090.34962  -17.03728  -17.03671
     487    0.04152 -1090.42556 -1090.38404  -17.03790  -17.03725
     488    0.04071 -1090.44366 -1090.40295  -17.03818  -17.03755
     489    0.04197 -1090.44901 -1090.40704  -17.03827  -17.03761
     490    0.04536 -1090.44866 -1090.40330  -17.03826  -17.03755
     491    0.03794 -1090.41873 -1090.38079  -17.03779  -17.03720
     492    0.04088 -1090.40886 -1090.36798  -17.03764  -17.03700
     493    0.04980 -1090.44078 -1090.39098  -17.03814  -17.03736
     494    0.03776 -1090.43968 -1090.40192  -17.03812  -17.03753
     495    0.03862 -1090.44088 -1090.40226  -17.03814  -17.03754
     496    0.04520 -1090.43916 -1090.39396  -17.03811  -17.03741
     497    0.04476 -1090.43908 -1090.39432  -17.03811  -17.03741
     498    0.03987 -1090.43278 -1090.39291  -17.03801  -17.03739
     499    0.04044 -1090.44245 -1090.40201  -17.03816  -17.03753
     500    0.04325 -1090.43169 -1090.38844  -17.03800  -17.03732
     501    0.03897 -1090.44920 -1090.41023  -17.03827  -17.03766
     502    0.04199 -1090.45170 -1090.40971  -17.03831  -17.03765
     503    0.04433 -1090.42211 -1090.37778  -17.03785  -17.03715
     504    0.04260 -1090.41482 -1090.37222  -17.03773  -17.03707
     505    0.04020 -1090.44254 -1090.40234  -17.03816  -17.03754
     506    0.03488 -1090.43013 -1090.39525  -17.03797  -17.03743
     507    0.04960 -1090.42694 -1090.37734  -17.03792  -17.03715
     508    0.03939 -1090.39612 -1090.35673  -17.03744  -17.03682
     509    0.03937 -1090.39755 -1090.35818  -17.03746  -17.03685
     510    0.04887 -1090.41443 -1090.36556  -17.03773  -17.03696
     511    0.03765 -1090.43676 -1090.39911  -17.03807  -17.03749
     512    0.04035 -1090.42987 -1090.38952  -17.03797  -17.03734
     513    0.04144 -1090.43150 -1090.39006  -17.03799  -17.03734
     514    0.03765 -1090.43670 -1090.39905  -17.03807  -17.03749
     515    0.03921 -1090.42134 -1090.38213  -17.03783  -17.03722
     516    0.04132 -1090.43322 -1090.39190  -17.03802  -17.03737
     517    0.04009 -1090.43463 -1090.39454  -17.03804  -17.03741
     518    0.03737 -1090.43457 -1090.39720  -17.03804  -17.03746
     519    0.03850 -1090.43154 -1090.39304  -17.03799  -17.03739
     520    0.04618 -1090.44021 -1090.39403  -17.03813  -17.03741
     521    0.04219 -1090.42449 -1090.38230  -17.03788  -17.03722
     522    0.04003 -1090.41704 -1090.37701  -17.03777  -17.03714
     523    0.04090 -1090.42202 -1090.38112  -17.03784  -17.03721
     524    0.03406 -1090.43366 -1090.39960  -17.03803  -17.03749
     525    0.04477 -1090.45400 -1090.40923  -17.03834  -17.03764
     526    0.03801 -1090.43707 -1090.39906  -17.03808  -17.03749
     527    0.04274 -1090.42670 -1090.38396  -17.03792  -17.03725
     528    0.04074 -1090.42545 -1090.38471  -17.03790  -17.03726
     529    0.04048 -1090.42721 -1090.38673  -17.03793  -17.03729
     530    0.03729 -1090.41970 -1090.38241  -17.03781  -17.03723
     531    0.04647 -1090.43534 -1090.38887  -17.03805  -17.03733
     532    0.04420 -1090.44926 -1090.40506  -17.03827  -17.03758
     533    0.03886 -1090.43170 -1090.39284  -17.03800  -17.03739
     534    0.03705 -1090.42349 -1090.38644  -17.03787  -17.03729
     535    0.04445 -1090.40996 -1090.36551  -17.03766  -17.03696
     536    0.03973 -1090.39905 -1090.35932  -17.03749  -17.03686
     537    0.03994 -1090.40588 -1090.36594  -17.03759  -17.03697
     538    0.04123 -1090.41396 -1090.37273  -17.03772  -17.03707
     539    0.04535 -1090.43488 -1090.38953  -17.03805  -17.03734
     540    0.03742 -1090.42232 -1090.38490  -17.03785  -17.03726
     541    0.04287 -1090.43307 -1090.39020  -17.03802  -17.03735
     542    0.03974 -1090.43271 -1090.39297  -17.03801  -17.03739
     543    0.03460 -1090.41481 -1090.38021  -17.03773  -17.03719
     544    0.04153 -1090.41708 -1090.37555  -17.03777  -17.03712
     545    0.03895 -1090.43381 -1090.39486  -17.03803  -17.03742
     546    0.03828 -1090.43971 -1090.40143  -17.03812  -17.03752
     547    0.04017 -1090.44731 -1090.40714  -17.03824  -17.03761
     548    0.04016 -1090.44973 -1090.40957  -17.03828  -17.03765
     549    0.03892 -1090.43271 -1090.39379  -17.03801  -17.03740
     550    0.04071 -1090.40778 -1090.36707  -17.03762  -17.03699
     551    0.04118 -1090.39764 -1090.35646  -17.03746  -17.03682
     552    0.04467 -1090.38453 -1090.33986  -17.03726  -17.03656
     553    0.04322 -1090.38961 -1090.34639  -17.03734  -17.03666
     554    0.03770 -1090.39196 -1090.35426  -17.03737  -17.03679
     555    0.04452 -1090.41090 -1090.36638  -17.03767  -17.03697
     556    0.04638 -1090.41186 -1090.36548  -17.03769  -17.03696
     557    0.03880 -1090.39397 -1090.35517  -17.03741  -17.03680
     558    0.03845 -1090.40458 -1090.36613  -17.03757  -17.03697
     559    0.04206 -1090.42592 -1090.38386  -17.03790  -17.03725
     560    0.04253 -1090.41855 -1090.37602  -17.03779  -17.03713
     561    0.03922 -1090.41643 -1090.37721  -17.03776  -17.03714
     562    0.03814 -1090.41889 -1090.38075  -17.03780  -17.03720
     563    0.04130 -1090.39917 -1090.35787  -17.03749  -17.03684
     564    0.04066 -1090.42403 -1090.38337  -17.03788  -17.03724
     565    0.03815 -1090.42893 -1090.39078  -17.03795  -17.03736
     566    0.03855 -1090.41777 -1090.37922  -17.03778  -17.03718
     567    0.04525 -1090.42744 -1090.38219  -17.03793  -17.03722
     568    0.04529 -1090.42935 -1090.38406  -17.03796  -17.03725
     569    0.04625 -1090.43952 -1090.39327  -17.03812  -17.03739
     570    0.04517 -1090.42885 -1090.38368  -17.03795  -17.03724
     571    0.04316 -1090.41873 -1090.37557  -17.03779  -17.03712
     572    0.04392 -1090.43515 -1090.39123  -17.03805  -17.03736
     573    0.03975 -1090.43363 -1090.39388  -17.03803  -17.03740
     574    0.04047 -1090.43190 -1090.39143  -17.03800  -17.03737
     575    0.04301 -1090.42750 -1090.38449  -17.03793  -17.03726
     576    0.04056 -1090.44711 -1090.40655  -17.03824  -17.03760
     577    0.04293 -1090.44763 -1090.40470  -17.03824  -17.03757
     578    0.04148 -1090.43810 -1090.39662  -17.03810  -17.03745
     579    0.04511 -1090.42720 -1090.38209  -17.03793  -17.03722
     580    0.04658 -1090.42749 -1090.38091  -17.03793  -17.03720
     581    0.03758 -1090.43051 -1090.39293  -17.03798  -17.03739
     582    0.04446 -1090.44423 -1090.39977  -17.03819  -17.03750
     583    0.04436 -1090.43056 -1090.38620  -17.03798  -17.03728
     584    0.03995 -1090.42468 -1090.38473  -17.03789  -17.03726
     585    0.04299 -1090.42725 -1090.38426  -17.03793  -17.03725
     586    0.04626 -1090.44032 -1090.39406  -17.03813  -17.03741
     587    0.04154 -1090.43998 -1090.39844  -17.03812  -17.03748
     588    0.04196 -1090.43158 -1090.38962  -17.03799  -17.03734
     589    0.04258 -1090.42558 -1090.38300  -17.03790  -17.03723
     590    0.04557 -1090.43708 -1090.39151  -17.03808  -17.03737
     591    0.03857 -1090.42451 -1090.38594  -17.03788  -17.03728
     592    0.04197 -1090.43078 -1090.38881  -17.03798  -17.03733
     593    0.04082 -1090.44456 -1090.40374  -17.03820  -17.03756
     594    0.03974 -1090.44921 -1090.40947  -17.03827  -17.03765
     595    0.03992 -1090.45033 -1090.41041  -17.03829  -17.03766
     596    0.04254 -1090.46479 -1090.42225  -17.03851  -17.03785
     597    0.04207 -1090.43609 -1090.39402  -17.03806  -17.03741
     598    0.03771 -1090.41436 -1090.37665  -17.03772  -17.03714
     599    0.03980 -1090.40918 -1090.36938  -17.03764  -17.03702
     600    0.04363 -1090.42611 -1090.38248  -17.03791  -17.03723
     601    0.03630 -1090.44233 -1090.40603  -17.03816  -17.03759
     602    0.04147 -1090.44486 -1090.40339  -17.03820  -17.03755
     603    0.04302 -1090.44616 -1090.40314  -17.03822  -17.03755
     604    0.04128 -1090.45841 -1090.41713  -17.03841  -17.03777
     605    0.04066 -1090.45293 -1090.41227  -17.03833  -17.03769
     606    0.04206 -1090.43467 -1090.39261  -17.03804  -17.03738
     607    0.03675 -1090.44906 -1090.41231  -17.03827  -17.03769
     608    0.03989 -1090.46815 -1090.42826  -17.03856  -17.03794
     609    0.04523 -1090.47089 -1090.42566  -17.03861  -17.03790
     610    0.03910 -1090.43367 -1090.39457  -17.03803  -17.03742
     611    0.04065 -1090.44279 -1090.40214  -17.03817  -17.03753
     612    0.04222 -1090.43500 -1090.39278  -17.03805  -17.03739
     613    0.04087 -1090.43639 -1090.39552  -17.03807  -17.03743
     614    0.04371 -1090.43053 -1090.38682  -17.03798  -17.03729
     615    0.04801 -1090.43878 -1090.39077  -17.03811  -17.03736
     616    0.03814 -1090.42659 -1090.38845  -17.03792  -17.03732
     617    0.04245 -1090.44137 -1090.39892  -17.03815  -17.03748
     618    0.04527 -1090.43234 -1090.38707  -17.03801  -17.03730
     619    0.03672 -1090.43514 -1090.39842  -17.03805  -17.03748
     620    0.04271 -1090.46428 -1090.42157  -17.03850  -17.03784
     621    0.04059 -1090.46998 -1090.42939  -17.03859  -17.03796
     622    0.03936 -1090.46365 -1090.42429  -17.03849  -17.03788
     623    0.03721 -1090.45722 -1090.42001  -17.03839  -17.03781
     624    0.04483 -1090.42975 -1090.38492  -17.03796  -17.03726
     625    0.04053 -1090.38909 -1090.34856  -17.03733  -17.03670
     626    0.03922 -1090.38762 -1090.34840  -17.03731  -17.03669
     627    0.04020 -1090.41034 -1090.37014  -17.03766  -17.03703
     628    0.04519 -1090.40757 -1090.36238  -17.03762  -17.03691
     629    0.04540 -1090.43114 -1090.38574  -17.03799  -17.03728
     630    0.03929 -1090.43388 -1090.39459  -17.03803  -17.03742
     631    0.04176 -1090.44389 -1090.40213  -17.03819  -17.03753
     632    0.04447 -1090.43835 -1090.39388  -17.03810  -17.03740
     633    0.04255 -1090.39781 -1090.35526  -17.03747  -17.03680
     634    0.04221 -1090.41807 -1090.37586  -17.03778  -17.03712
     635    0.04618 -1090.43685 -1090.39067  -17.03808  -17.03735
     636    0.04542 -1090.41179 -1090.36637  -17.03768  -17.03697
     637    0.03836 -1090.41902 -1090.38066  -17.03780  -17.03720
     638    0.05048 -1090.44495 -1090.39447  -17.03820  -17.03741
     639    0.03837 -1090.43736 -1090.39899  -17.03808  -17.03748
     640    0.04336 -1090.42992 -1090.38656  -17.03797  -17.03729
     641    0.04641 -1090.43228 -1090.38587  -17.03800  -17.03728
     642    0.03760 -1090.44290 -1090.40530  -17.03817  -17.03758
     643    0.04220 -1090.44069 -1090.39849  -17.03814  -17.03748
     644    0.04385 -1090.41905 -1090.37520  -17.03780  -17.03711
     645    0.04368 -1090.39713 -1090.35345  -17.03746  -17.03677
     646    0.03661 -1090.39417 -1090.35756  -17.03741  -17.03684
     647    0.04267 -1090.39111 -1090.34844  -17.03736  -17.03669
     648    0.04406 -1090.39050 -1090.34644  -17.03735  -17.03666
     649    0.04343 -1090.42631 -1090.38288  -17.03791  -17.03723
     650    0.03605 -1090.42262 -1090.38657  -17.03785  -17.03729
     651    0.04180 -1090.41704 -1090.37524  -17.03777  -17.03711
     652    0.04403 -1090.41610 -1090.37207  -17.03775  -17.03706
     653    0.04363 -1090.40532 -1090.36169  -17.03758  -17.03690
     654    0.03994 -1090.42691 -1090.38697  -17.03792  -17.03730
     655    0.04687 -1090.44091 -1090.39404  -17.03814  -17.03741
     656    0.04253 -1090.43578 -1090.39325  -17.03806  -17.03739
     657    0.04257 -1090.42330 -1090.38073  -17.03786  -17.03720
     658    0.04160 -1090.43966 -1090.39806  -17.03812  -17.03747
     659    0.04341 -1090.44451 -1090.40110  -17.03820  -17.03752
     660    0.03548 -1090.43038 -1090.39490  -17.03797  -17.03742
     661    0.04236 -1090.45170 -1090.40934  -17.03831  -17.03765
     662    0.04159 -1090.45177 -1090.41018  -17.03831  -17.03766
     663    0.03998 -1090.45291 -1090.41293  -17.03833  -17.03770
     664    0.04153 -1090.46644 -1090.42491  -17.03854  -17.03789
     665    0.04082 -1090.47674 -1090.43592  -17.03870  -17.03806
     666    0.04386 -1090.46685 -1090.42299  -17.03854  -17.03786
     667    0.03519 -1090.44289 -1090.40770  -17.03817  -17.03762
     668    0.04433 -1090.44415 -1090.39982  -17.03819  -17.03750
     669    0.04963 -1090.46351 -1090.41388  -17.03849  -17.03772
     670    0.03765 -1090.42880 -1090.39115  -17.03795  -17.03736
     671    0.03823 -1090.43635 -1090.39812  -17.03807  -17.03747
     672    0.05209 -1090.45468 -1090.40259  -17.03835  -17.03754
     673    0.04464 -1090.41776 -1090.37312  -17.03778  -17.03708
     674    0.04280 -1090.42445 -1090.38165  -17.03788  -17.03721
     675    0.03984 -1090.42929 -1090.38945  -17.03796  -17.03734
     676    0.04345 -1090.46340 -1090.41995  -17.03849  -17.03781
     677    0.03791 -1090.45921 -1090.42130  -17.03843  -17.03783
     678    0.03785 -1090.45201 -1090.41416  -17.03831  -17.03772
     679    0.04712 -1090.47518 -1090.42806  -17.03867  -17.03794
     680    0.05004 -1090.47268 -1090.42264  -17.03864  -17.03785
     681    0.03446 -1090.45600 -1090.42154  -17.03838  -17.03784
     682    0.04588 -1090.46908 -1090.42320  -17.03858  -17.03786
     683    0.04132 -1090.45441 -1090.41309  -17.03835  -17.03770
     684    0.04067 -1090.44861 -1090.40794  -17.03826  -17.03762
     685    0.04271 -1090.45302 -1090.41031  -17.03833  -17.03766
     686    0.03870 -1090.44458 -1090.40588  -17.03820  -17.03759
     687    0.04777 -1090.47710 -1090.42933  -17.03870  -17.03796
     688    0.04333 -1090.48096 -1090.43763  -17.03876  -17.03809
     689    0.04118 -1090.45535 -1090.41417  -17.03836  -17.03772
     690    0.04310 -1090.44906 -1090.40596  -17.03827  -17.03759
     691    0.04304 -1090.47927 -1090.43623  -17.03874  -17.03807
     692    0.04228 -1090.48278 -1090.44050  -17.03879  -17.03813
     693    0.04256 -1090.46054 -1090.41798  -17.03845  -17.03778
     694    0.03900 -1090.45384 -1090.41484  -17.03834  -17.03773
     695    0.04608 -1090.45942 -1090.41334  -17.03843  -17.03771
     696    0.03896 -1090.43640 -1090.39744  -17.03807  -17.03746
     697    0.04089 -1090.43417 -1090.39328  -17.03803  -17.03740
     698    0.03885 -1090.43010 -1090.39125  -17.03797  -17.03736
     699    0.04188 -1090.43327 -1090.39139  -17.03802  -17.03737
     700    0.04087 -1090.42506 -1090.38419  -17.03789  -17.03725
     701    0.03684 -1090.43498 -1090.39814  -17.03805  -17.03747
     702    0.04060 -1090.42513 -1090.38453  -17.03789  -17.03726
     703    0.04171 -1090.44347 -1090.40176  -17.03818  -17.03753
     704    0.04243 -1090.43550 -1090.39307  -17.03805  -17.03739
     705    0.04103 -1090.42178 -1090.38075  -17.03784  -17.03720
     706    0.04370 -1090.43748 -1090.39378  -17.03809  -17.03740
     707    0.04555 -1090.43757 -1090.39202  -17.03809  -17.03738
     708    0.04185 -1090.44456 -1090.40271  -17.03820  -17.03754
     709    0.04792 -1090.46874 -1090.42082  -17.03857  -17.03783
     710    0.04248 -1090.47109 -1090.42861  -17.03861  -17.03795
     711    0.03666 -1090.47691 -1090.44025  -17.03870  -17.03813
     712    0.04494 -1090.48856 -1090.44362  -17.03888  -17.03818
     713    0.04372 -1090.47965 -1090.43593  -17.03874  -17.03806
     714    0.03832 -1090.46541 -1090.42709  -17.03852  -17.03792
     715    0.04110 -1090.46677 -1090.42567  -17.03854  -17.03790
     716    0.04113 -1090.43870 -1090.39757  -17.03810  -17.03746
     717    0.04149 -1090.43434 -1090.39285  -17.03804  -17.03739
     718    0.03754 -1090.42683 -1090.38929  -17.03792  -17.03733
     719    0.04244 -1090.41690 -1090.37446  -17.03776  -17.03710
     720    0.04046 -1090.42558 -1090.38512  -17.03790  -17.03727
     721    0.04003 -1090.43812 -1090.39809  -17.03810  -17.03747
     722    0.04179 -1090.44237 -1090.40058  -17.03816  -17.03751
     723    0.04278 -1090.43996 -1090.39718  -17.03812  -17.03746
     724    0.04273 -1090.44621 -1090.40348  -17.03822  -17.03755
     725    0.04188 -1090.42900 -1090.38712  -17.03795  -17.03730
     726    0.04180 -1090.41822 -1090.37642  -17.03778  -17.03713
     727    0.04077 -1090.42390 -1090.38313  -17.03787  -17.03724
     728    0.04133 -1090.43256 -1090.39123  -17.03801  -17.03736
     729    0.04200 -1090.43011 -1090.38811  -17.03797  -17.03731
     730    0.04381 -1090.40949 -1090.36568  -17.03765  -17.03696
     731    0.04337 -1090.41427 -1090.37090  -17.03772  -17.03705
     732    0.04423 -1090.41443 -1090.37020  -17.03773  -17.03703
     733    0.04017 -1090.40529 -1090.36512  -17.03758  -17.03695
     734    0.04094 -1090.41454 -1090.37360  -17.03773  -17.03709
     735    0.04549 -1090.40376 -1090.35827  -17.03756  -17.03685
     736    0.04106 -1090.40043 -1090.35937  -17.03751  -17.03687
     737    0.03807 -1090.39069 -1090.35262  -17.03735  -17.03676
     738    0.04233 -1090.40421 -1090.36188  -17.03757  -17.03690
     739    0.04555 -1090.42798 -1090.38243  -17.03794  -17.03723
     740    0.03495 -1090.41871 -1090.38376  -17.03779  -17.03725
     741    0.04299 -1090.43300 -1090.39001  -17.03802  -17.03734
     742    0.04057 -1090.42930 -1090.38873  -17.03796  -17.03732
     743    0.03985 -1090.42391 -1090.38406  -17.03787  -17.03725
     744    0.03771 -1090.40059 -1090.36288  -17.03751  -17.03692
     745    0.04559 -1090.41468 -1090.36909  -17.03773  -17.03702
     746    0.04567 -1090.40659 -1090.36092  -17.03760  -17.03689
     747    0.04017 -1090.40904 -1090.36887  -17.03764  -17.03701
     748    0.03638 -1090.43572 -1090.39934  -17.03806  -17.03749
     749    0.04546 -1090.44728 -1090.40182  -17.03824  -17.03753
     750    0.04254 -1090.42433 -1090.38179  -17.03788  -17.03722
     751    0.03717 -1090.39106 -1090.35389  -17.03736  -17.03678
     752    0.04600 -1090.41855 -1090.37255  -17.03779  -17.03707
     753    0.04299 -1090.40589 -1090.36290  -17.03759  -17.03692
     754    0.05306 -1090.42478 -1090.37172  -17.03789  -17.03706
     755    0.04549 -1090.43652 -1090.39103  -17.03807  -17.03736
     756    0.04143 -1090.45835 -1090.41692  -17.03841  -17.03776
     757    0.05013 -1090.47283 -1090.42270  -17.03864  -17.03785
     758    0.03938 -1090.45087 -1090.41149  -17.03829  -17.03768
     759    0.04133 -1090.44781 -1090.40648  -17.03825  -17.03760
     760    0.04093 -1090.42277 -1090.38184  -17.03786  -17.03722
     761    0.04834 -1090.43522 -1090.38688  -17.03805  -17.03730
     762    0.04180 -1090.42229 -1090.38049  -17.03785  -17.03720
     763    0.04384 -1090.41934 -1090.37550  -17.03780  -17.03712
     764    0.04287 -1090.43355 -1090.39068  -17.03802  -17.03735
     765    0.04166 -1090.44462 -1090.40296  -17.03820  -17.03755
     766    0.04270 -1090.43557 -1090.39287  -17.03806  -17.03739
     767    0.04660 -1090.42778 -1090.38118  -17.03793  -17.03721
     768    0.04399 -1090.42771 -1090.38372  -17.03793  -17.03725
     769    0.04079 -1090.44584 -1090.40505  -17.03822  -17.03758
     770    0.04181 -1090.43672 -1090.39491  -17.03807  -17.03742
     771    0.04837 -1090.44668 -1090.39831  -17.03823  -17.03747
     772    0.04028 -1090.46106 -1090.42078  -17.03845  -17.03782
     773    0.04006 -1090.44544 -1090.40538  -17.03821  -17.03758
     774    0.05200 -1090.43988 -1090.38788  -17.03812  -17.03731
     775    0.04333 -1090.42258 -1090.37925  -17.03785  -17.03718
     776    0.04075 -1090.43741 -1090.39666  -17.03808  -17.03745
     777    0.04546 -1090.44094 -1090.39548  -17.03814  -17.03743
     778    0.04334 -1090.42108 -1090.37774  -17.03783  -17.03715
     779    0.04126 -1090.43053 -1090.38927  -17.03798  -17.03733
     780    0.04297 -1090.44277 -1090.39980  -17.03817  -17.03750
     781    0.03948 -1090.43647 -1090.39699  -17.03807  -17.03745
     782    0.04564 -1090.44614 -1090.40050  -17.03822  -17.03751
     783    0.04221 -1090.45613 -1090.41392  -17.03838  -17.03772
     784    0.04132 -1090.46907 -1090.42775  -17.03858  -17.03793
     785    0.04131 -1090.46156 -1090.42025  -17.03846  -17.03782
     786    0.04726 -1090.47778 -1090.43052  -17.03872  -17.03798
     787    0.04647 -1090.47122 -1090.42475  -17.03861  -17.03789
     788    0.04498 -1090.46976 -1090.42478  -17.03859  -17.03789
     789    0.03994 -1090.46215 -1090.42221  -17.03847  -17.03785
     790    0.04282 -1090.45940 -1090.41658  -17.03843  -17.03776
     791    0.04451 -1090.46398 -1090.41947  -17.03850  -17.03780
     792    0.04550 -1090.44762 -1090.40212  -17.03824  -17.03753
     793    0.04199 -1090.45055 -1090.40856  -17.03829  -17.03763
     794    0.04557 -1090.45478 -1090.40921  -17.03836  -17.03764
     795    0.04487 -1090.44213 -1090.39726  -17.03816  -17.03746
     796    0.04505 -1090.44546 -1090.40041  -17.03821  -17.03751
     797    0.04209 -1090.43895 -1090.39686  -17.03811  -17.03745
     798    0.04116 -1090.43452 -1090.39336  -17.03804  -17.03740
     799    0.03933 -1090.42109 -1090.38176  -17.03783  -17.03721
     800    0.04598 -1090.42532 -1090.37934  -17.03790  -17.03718
     801    0.04057 -1090.42268 -1090.38211  -17.03785  -17.03722
     802    0.04035 -1090.40893 -1090.36858  -17.03764  -17.03701
     803    0.03902 -1090.41144 -1090.37242  -17.03768  -17.03707
     804    0.05321 -1090.43074 -1090.37753  -17.03798  -17.03715
     805    0.03974 -1090.41940 -1090.37966  -17.03780  -17.03718
     806    0.04159 -1090.42635 -1090.38476  -17.03791  -17.03726
     807    0.04122 -1090.43477 -1090.39355  -17.03804  -17.03740
     808    0.04027 -1090.42920 -1090.38893  -17.03796  -17.03733
     809    0.03987 -1090.40906 -1090.36919  -17.03764  -17.03702
     810    0.04354 -1090.44701 -1090.40347  -17.03823  -17.03755
     811    0.04286 -1090.44617 -1090.40331  -17.03822  -17.03755
     812    0.04044 -1090.44044 -1090.40000  -17.03813  -17.03750
     813    0.04702 -1090.46901 -1090.42199  -17.03858  -17.03784
     814    0.04264 -1090.45310 -1090.41046  -17.03833  -17.03766
     815    0.04360 -1090.46202 -1090.41842  -17.03847  -17.03779
     816    0.03831 -1090.45560 -1090.41729  -17.03837  -17.03777
     817    0.04330 -1090.45205 -1090.40875  -17.03831  -17.03764
     818    0.04181 -1090.42660 -1090.38479  -17.03792  -17.03726
     819    0.03886 -1090.42789 -1090.38903  -17.03794  -17.03733
     820    0.04156 -1090.45353 -1090.41197  -17.03834  -17.03769
     821    0.04601 -1090.47039 -1090.42438  -17.03860  -17.03788
     822    0.04296 -1090.46996 -1090.42700  -17.03859  -17.03792
     823    0.03887 -1090.48945 -1090.45058  -17.03890  -17.03829
     824    0.03647 -1090.50479 -1090.46832  -17.03914  -17.03857
     825    0.04377 -1090.50478 -1090.46101  -17.03914  -17.03845
     826    0.04747 -1090.50413 -1090.45666  -17.03913  -17.03839
     827    0.04017 -1090.46982 -1090.42965  -17.03859  -17.03796
     828    0.04285 -1090.46314 -1090.42029  -17.03849  -17.03782
     829    0.04044 -1090.45106 -1090.41062  -17.03830  -17.03767
     830    0.04820 -1090.45678 -1090.40858  -17.03839  -17.03763
     831    0.04018 -1090.47151 -1090.43133  -17.03862  -17.03799
     832    0.04454 -1090.47636 -1090.43182  -17.03869  -17.03800
     833    0.04350 -1090.48265 -1090.43915  -17.03879  -17.03811
     834    0.04391 -1090.45998 -1090.41607  -17.03844  -17.03775
     835    0.04141 -1090.45751 -1090.41610  -17.03840  -17.03775
     836    0.05053 -1090.50146 -1090.45093  -17.03909  -17.03830
     837    0.04457 -1090.48698 -1090.44241  -17.03886  -17.03816
     838    0.03704 -1090.44308 -1090.40604  -17.03817  -17.03759
     839    0.04418 -1090.46913 -1090.42495  -17.03858  -17.03789
     840    0.04706 -1090.46977 -1090.42271  -17.03859  -17.03785
     841    0.03601 -1090.42542 -1090.38941  -17.03790  -17.03733
     842    0.04161 -1090.46237 -1090.42076  -17.03847  -17.03782
     843    0.04001 -1090.46109 -1090.42108  -17.03845  -17.03783
     844    0.04044 -1090.46460 -1090.42416  -17.03851  -17.03788
     845    0.03981 -1090.45272 -1090.41291  -17.03832  -17.03770
     846    0.04279 -1090.44867 -1090.40588  -17.03826  -17.03759
     847    0.04236 -1090.43443 -1090.39207  -17.03804  -17.03738
     848    0.03773 -1090.40710 -1090.36937  -17.03761  -17.03702
     849    0.04314 -1090.40933 -1090.36619  -17.03765  -17.03697
     850    0.04935 -1090.43329 -1090.38394  -17.03802  -17.03725
     851    0.04497 -1090.44179 -1090.39682  -17.03815  -17.03745
     852    0.03741 -1090.41943 -1090.38202  -17.03780  -17.03722
     853    0.04102 -1090.42051 -1090.37949  -17.03782  -17.03718
     854    0.04801 -1090.42055 -1090.37254  -17.03782  -17.03707
     855    0.04714 -1090.43127 -1090.38413  -17.03799  -17.03725
     856    0.04395 -1090.42857 -1090.38462  -17.03795  -17.03726
     857    0.03947 -1090.41512 -1090.37565  -17.03774  -17.03712
     858    0.04418 -1090.41776 -1090.37358  -17.03778  -17.03709
     859    0.04922 -1090.43988 -1090.39066  -17.03812  -17.03735
     860    0.03889 -1090.42160 -1090.38271  -17.03784  -17.03723
     861    0.04357 -1090.46229 -1090.41872  -17.03847  -17.03779
     862    0.04551 -1090.46131 -1090.41580  -17.03846  -17.03775
     863    0.04235 -1090.46851 -1090.42616  -17.03857  -17.03791
     864    0.03559 -1090.44424 -1090.40865  -17.03819  -17.03764
     865    0.04344 -1090.44471 -1090.40127  -17.03820  -17.03752
     866    0.04360 -1090.44102 -1090.39742  -17.03814  -17.03746
     867    0.04257 -1090.43930 -1090.39673  -17.03811  -17.03745
     868    0.04088 -1090.42714 -1090.38626  -17.03792  -17.03729
     869    0.04166 -1090.42169 -1090.38003  -17.03784  -17.03719
     870    0.04396 -1090.43058 -1090.38662  -17.03798  -17.03729
     871    0.04541 -1090.44578 -1090.40037  -17.03822  -17.03751
     872    0.03879 -1090.44248 -1090.40369  -17.03816  -17.03756
     873    0.03814 -1090.43160 -1090.39346  -17.03799  -17.03740
     874    0.04600 -1090.44368 -1090.39768  -17.03818  -17.03746
     875    0.04576 -1090.44008 -1090.39432  -17.03813  -17.03741
     876    0.04154 -1090.43148 -1090.38994  -17.03799  -17.03734
     877    0.04196 -1090.43094 -1090.38898  -17.03798  -17.03733
     878    0.04501 -1090.44198 -1090.39697  -17.03816  -17.03745
     879    0.04028 -1090.44110 -1090.40082  -17.03814  -17.03751
     880    0.04886 -1090.41182 -1090.36296  -17.03768  -17.03692
     881    0.04952 -1090.42115 -1090.37163  -17.03783  -17.03706
     882    0.04054 -1090.41123 -1090.37069  -17.03768  -17.03704
     883    0.04050 -1090.43654 -1090.39604  -17.03807  -17.03744
     884    0.04690 -1090.45699 -1090.41009  -17.03839  -17.03766
     885    0.04410 -1090.46961 -1090.42551  -17.03859  -17.03790
     886    0.04150 -1090.45923 -1090.41773  -17.03843  -17.03778
     887    0.04509 -1090.44637 -1090.40128  -17.03822  -17.03752
     888    0.04226 -1090.43418 -1090.39192  -17.03803  -17.03737
     889    0.04369 -1090.45037 -1090.40668  -17.03829  -17.03760
     890    0.04170 -1090.45054 -1090.40884  -17.03829  -17.03764
     891    0.04279 -1090.44319 -1090.40040  -17.03817  -17.03751
     892    0.04313 -1090.44126 -1090.39813  -17.03814  -17.03747
     893    0.04832 -1090.44006 -1090.39174  -17.03813  -17.03737
     894    0.03991 -1090.40248 -1090.36257  -17.03754  -17.03692
     895    0.04344 -1090.42131 -1090.37787  -17.03783  -17.03715
     896    0.04238 -1090.44673 -1090.40435  -17.03823  -17.03757
     897    0.04162 -1090.42106 -1090.37944  -17.03783  -17.03718
     898    0.04582 -1090.43974 -1090.39392  -17.03812  -17.03740
     899    0.04412 -1090.43186 -1090.38774  -17.03800  -17.03731
     900    0.04288 -1090.43512 -1090.39224  -17.03805  -17.03738
     901    0.04389 -1090.45809 -1090.41420  -17.03841  -17.03772
     902    0.04798 -1090.45111 -1090.40313  -17.03830  -17.03755
     903    0.03974 -1090.44337 -1090.40363  -17.03818  -17.03756
     904    0.04314 -1090.45078 -1090.40764  -17.03829  -17.03762
     905    0.04409 -1090.46751 -1090.42342  -17.03855  -17.03787
     906    0.04200 -1090.44597 -1090.40397  -17.03822  -17.03756
     907    0.04978 -1090.42878 -1090.37900  -17.03795  -17.03717
     908    0.04202 -1090.41353 -1090.37151  -17.03771  -17.03705
     909    0.04302 -1090.44008 -1090.39706  -17.03813  -17.03745
     910    0.04157 -1090.42421 -1090.38264  -17.03788  -17.03723
     911    0.04406 -1090.41201 -1090.36795  -17.03769  -17.03700
     912    0.04389 -1090.42374 -1090.37985  -17.03787  -17.03719
     913    0.03991 -1090.44071 -1090.40080  -17.03814  -17.03751
     914    0.03999 -1090.43523 -1090.39524  -17.03805  -17.03743
     915    0.04359 -1090.43456 -1090.39097  -17.03804  -17.03736
     916    0.04098 -1090.42720 -1090.38622  -17.03793  -17.03728
     917    0.03772 -1090.42954 -1090.39182  -17.03796  -17.03737
     918    0.04828 -1090.44870 -1090.40042  -17.03826  -17.03751
     919    0.04035 -1090.44297 -1090.40262  -17.03817  -17.03754
     920    0.04488 -1090.43793 -1090.39305  -17.03809  -17.03739
     921    0.03919 -1090.43262 -1090.39343  -17.03801  -17.03740
     922    0.04493 -1090.43085 -1090.38592  -17.03798  -17.03728
     923    0.04230 -1090.43121 -1090.38891  -17.03799  -17.03733
     924    0.04458 -1090.43022 -1090.38564  -17.03797  -17.03728
     925    0.03888 -1090.42298 -1090.38410  -17.03786  -17.03725
     926    0.04313 -1090.43681 -1090.39368  -17.03808  -17.03740
     927    0.04721 -1090.44093 -1090.39372  -17.03814  -17.03740
     928    0.04359 -1090.44041 -1090.39682  -17.03813  -17.03745
     929    0.04299 -1090.44339 -1090.40040  -17.03818  -17.03751
     930    0.04490 -1090.44814 -1090.40324  -17.03825  -17.03755
     931    0.04241 -1090.44064 -1090.39823  -17.03814  -17.03747
     932    0.04476 -1090.43502 -1090.39026  -17.03805  -17.03735
     933    0.04378 -1090.44602 -1090.40224  -17.03822  -17.03753
     934    0.04802 -1090.46581 -1090.41779  -17.03853  -17.03778
     935    0.04340 -1090.43640 -1090.39300  -17.03807  -17.03739
     936    0.03842 -1090.43069 -1090.39227  -17.03798  -17.03738
     937    0.04018 -1090.43724 -1090.39706  -17.03808  -17.03745
     938    0.04525 -1090.43718 -1090.39193  -17.03808  -17.03737
     939    0.04651 -1090.42934 -1090.38283  -17.03796  -17.03723
     940    0.04020 -1090.43405 -1090.39385  -17.03803  -17.03740
     941    0.04532 -1090.44819 -1090.40287  -17.03825  -17.03754
     942    0.04465 -1090.44497 -1090.40032  -17.03820  -17.03750
     943    0.04121 -1090.44248 -1090.40127  -17.03816  -17.03752
     944    0.04326 -1090.46011 -1090.41685  -17.03844  -17.03776
     945    0.04575 -1090.47525 -1090.42950  -17.03868  -17.03796
     946    0.04209 -1090.45962 -1090.41753  -17.03843  -17.03777
     947    0.04589 -1090.46369 -1090.41780  -17.03850  -17.03778
     948    0.04394 -1090.46919 -1090.42525  -17.03858  -17.03789
     949    0.03855 -1090.44761 -1090.40906  -17.03824  -17.03764
     950    0.04728 -1090.43509 -1090.38781  -17.03805  -17.03731
     951    0.04391 -1090.45694 -1090.41303  -17.03839  -17.03770
     952    0.04144 -1090.45229 -1090.41085  -17.03832  -17.03767
     953    0.04223 -1090.44142 -1090.39919  -17.03815  -17.03749
     954    0.04637 -1090.44078 -1090.39441  -17.03814  -17.03741
     955    0.03974 -1090.40944 -1090.36970  -17.03765  -17.03703
     956    0.04352 -1090.43404 -1090.39052  -17.03803  -17.03735
     957    0.04445 -1090.45698 -1090.41253  -17.03839  -17.03770
     958    0.04030 -1090.44140 -1090.40110  -17.03815  -17.03752
     959    0.04109 -1090.42494 -1090.38385  -17.03789  -17.03725
     960    0.04770 -1090.43317 -1090.38547  -17.03802  -17.03727
     961    0.04136 -1090.42777 -1090.38641  -17.03793  -17.03729
     962    0.03857 -1090.44367 -1090.40510  -17.03818  -17.03758
     963    0.04445 -1090.44751 -1090.40306  -17.03824  -17.03755
     964    0.04278 -1090.44315 -1090.40037  -17.03817  -17.03751
     965    0.04354 -1090.43837 -1090.39483  -17.03810  -17.03742
     966    0.03852 -1090.40189 -1090.36337  -17.03753  -17.03693
     967    0.04281 -1090.42064 -1090.37783  -17.03782  -17.03715
     968    0.04661 -1090.43571 -1090.38910  -17.03806  -17.03733
     969    0.04470 -1090.44024 -1090.39554  -17.03813  -17.03743
     970    0.04048 -1090.42924 -1090.38876  -17.03796  -17.03732
     971    0.04647 -1090.44291 -1090.39644  -17.03817  -17.03744
     972    0.04256 -1090.44407 -1090.40151  -17.03819  -17.03752
     973    0.03979 -1090.43310 -1090.39331  -17.03802  -17.03740
     974    0.04703 -1090.42354 -1090.37651  -17.03787  -17.03713
     975    0.04541 -1090.42695 -1090.38154  -17.03792  -17.03721
     976    0.03954 -1090.41267 -1090.37313  -17.03770  -17.03708
     977    0.04337 -1090.42841 -1090.38504  -17.03794  -17.03727
     978    0.04387 -1090.43469 -1090.39082  -17.03804  -17.03736
     979    0.03944 -1090.41124 -1090.37180  -17.03768  -17.03706
     980    0.04228 -1090.43149 -1090.38921  -17.03799  -17.03733
     981    0.04892 -1090.44057 -1090.39165  -17.03813  -17.03737
     982    0.04608 -1090.42527 -1090.37919  -17.03789  -17.03717
     983    0.04066 -1090.42266 -1090.38200  -17.03785  -17.03722
     984    0.04689 -1090.41173 -1090.36484  -17.03768  -17.03695
     985    0.04425 -1090.40092 -1090.35667  -17.03751  -17.03682
     986    0.04127 -1090.41490 -1090.37363  -17.03773  -17.03709
     987    0.04383 -1090.43852 -1090.39469  -17.03810  -17.03742
     988    0.04583 -1090.41740 -1090.37157  -17.03777  -17.03706
     989    0.04601 -1090.42197 -1090.37596  -17.03784  -17.03712
     990    0.04873 -1090.42689 -1090.37816  -17.03792  -17.03716
     991    0.04356 -1090.41294 -1090.36938  -17.03770  -17.03702
     992    0.04677 -1090.41189 -1090.36512  -17.03769  -17.03695
     993    0.04435 -1090.41039 -1090.36604  -17.03766  -17.03697
     994    0.04732 -1090.42251 -1090.37519  -17.03785  -17.03711
     995    0.04238 -1090.42258 -1090.38020  -17.03785  -17.03719
     996    0.04047 -1090.43305 -1090.39258  -17.03802  -17.03738
     997    0.04816 -1090.43103 -1090.38287  -17.03798  -17.03723
     998    0.04093 -1090.42352 -1090.38259  -17.03787  -17.03723
     999    0.04639 -1090.42108 -1090.37469  -17.03783  -17.03710
    1000    0.04913 -1090.43360 -1090.38447  -17.03803  -17.03726
    1001    0.04049 -1090.43549 -1090.39500  -17.03805  -17.03742
    1002    0.04542 -1090.42924 -1090.38382  -17.03796  -17.03725
    1003    0.03823 -1090.39950 -1090.36127  -17.03749  -17.03689
    1004    0.04438 -1090.43096 -1090.38658  -17.03798  -17.03729
    1005    0.04539 -1090.43642 -1090.39103  -17.03807  -17.03736
    1006    0.03850 -1090.42934 -1090.39084  -17.03796  -17.03736
    1007    0.04564 -1090.45488 -1090.40924  -17.03836  -17.03764
    1008    0.04722 -1090.45895 -1090.41173  -17.03842  -17.03768
    1009    0.04440 -1090.42418 -1090.37978  -17.03788  -17.03718
    1010    0.04340 -1090.42646 -1090.38306  -17.03791  -17.03724
    1011    0.04965 -1090.44095 -1090.39130  -17.03814  -17.03736
    1012    0.04553 -1090.44159 -1090.39606  -17.03815  -17.03744
    1013    0.04099 -1090.43680 -1090.39581  -17.03807  -17.03743
    1014    0.04070 -1090.41227 -1090.37157  -17.03769  -17.03706
    1015    0.04732 -1090.42026 -1090.37294  -17.03782  -17.03708
    1016    0.04376 -1090.42814 -1090.38438  -17.03794  -17.03726
    1017    0.04315 -1090.40024 -1090.35709  -17.03750  -17.03683
    1018    0.04200 -1090.42748 -1090.38548  -17.03793  -17.03727
    1019    0.04276 -1090.42286 -1090.38010  -17.03786  -17.03719
    1020    0.03895 -1090.39996 -1090.36101  -17.03750  -17.03689
    1021    0.04283 -1090.41968 -1090.37685  -17.03781  -17.03714
    1022    0.04978 -1090.41690 -1090.36712  -17.03776  -17.03699
    1023    0.04256 -1090.42101 -1090.37845  -17.03783  -17.03716
    1024    0.03916 -1090.43809 -1090.39893  -17.03810  -17.03748
    1025    0.04262 -1090.42724 -1090.38462  -17.03793  -17.03726
    1026    0.04550 -1090.41581 -1090.37031  -17.03775  -17.03704
    1027    0.04497 -1090.42840 -1090.38343  -17.03794  -17.03724
    1028    0.04579 -1090.42588 -1090.38009  -17.03790  -17.03719
    1029    0.03768 -1090.41185 -1090.37417  -17.03769  -17.03710
    1030    0.04637 -1090.40125 -1090.35488  -17.03752  -17.03680
    1031    0.03935 -1090.42379 -1090.38444  -17.03787  -17.03726
    1032    0.04279 -1090.43353 -1090.39074  -17.03802  -17.03736
    1033    0.04067 -1090.41416 -1090.37349  -17.03772  -17.03709
    1034    0.04497 -1090.43475 -1090.38978  -17.03804  -17.03734
    1035    0.04154 -1090.43851 -1090.39697  -17.03810  -17.03745
    1036    0.05103 -1090.43408 -1090.38305  -17.03803  -17.03724
    1037    0.04749 -1090.42313 -1090.37564  -17.03786  -17.03712
    1038    0.04325 -1090.43152 -1090.38827  -17.03799  -17.03732
    1039    0.03862 -1090.40632 -1090.36770  -17.03760  -17.03700
    1040    0.04633 -1090.41718 -1090.37085  -17.03777  -17.03704
    1041    0.05784 -1090.43576 -1090.37792  -17.03806  -17.03715
    1042    0.04924 -1090.44573 -1090.39649  -17.03821  -17.03745
    1043    0.04410 -1090.45238 -1090.40828  -17.03832  -17.03763
    1044    0.04684 -1090.45826 -1090.41142  -17.03841  -17.03768
    1045    0.04732 -1090.45570 -1090.40838  -17.03837  -17.03763
    1046    0.04266 -1090.45057 -1090.40791  -17.03829  -17.03762
    1047    0.03831 -1090.41298 -1090.37467  -17.03770  -17.03710
    1048    0.04505 -1090.41803 -1090.37298  -17.03778  -17.03708
    1049    0.04593 -1090.41016 -1090.36423  -17.03766  -17.03694
    1050    0.04263 -1090.40277 -1090.36014  -17.03754  -17.03688
    1051    0.04737 -1090.42176 -1090.37439  -17.03784  -17.03710
    1052    0.04558 -1090.42352 -1090.37794  -17.03787  -17.03716
    1053    0.04077 -1090.39591 -1090.35514  -17.03744  -17.03680
    1054    0.04104 -1090.40179 -1090.36075  -17.03753  -17.03689
    1055    0.04209 -1090.41416 -1090.37207  -17.03772  -17.03706
    1056    0.04156 -1090.40648 -1090.36492  -17.03760  -17.03695
    1057    0.04035 -1090.41908 -1090.37873  -17.03780  -17.03717
    1058    0.04127 -1090.45686 -1090.41559  -17.03839  -17.03774
    1059    0.04509 -1090.46414 -1090.41905  -17.03850  -17.03780
    1060    0.04339 -1090.44962 -1090.40623  -17.03828  -17.03760
    1061    0.04213 -1090.43912 -1090.39699  -17.03811  -17.03745
    1062    0.04233 -1090.44291 -1090.40058  -17.03817  -17.03751
    1063    0.04500 -1090.45953 -1090.41453  -17.03843  -17.03773
    1064    0.04575 -1090.44280 -1090.39705  -17.03817  -17.03745
    1065    0.03857 -1090.40687 -1090.36830  -17.03761  -17.03700
    1066    0.04269 -1090.43684 -1090.39415  -17.03808  -17.03741
    1067    0.04375 -1090.45239 -1090.40864  -17.03832  -17.03764
    1068    0.04288 -1090.44197 -1090.39909  -17.03816  -17.03749
    1069    0.04432 -1090.42148 -1090.37716  -17.03784  -17.03714
    1070    0.04571 -1090.43603 -1090.39032  -17.03806  -17.03735
    1071    0.03779 -1090.42545 -1090.38766  -17.03790  -17.03731
    1072    0.04233 -1090.43339 -1090.39106  -17.03802  -17.03736
    1073    0.04719 -1090.42937 -1090.38218  -17.03796  -17.03722
    1074    0.04432 -1090.41817 -1090.37385  -17.03778  -17.03709
    1075    0.03924 -1090.40783 -1090.36859  -17.03762  -17.03701
    1076    0.04288 -1090.40832 -1090.36544  -17.03763  -17.03696
    1077    0.04277 -1090.42432 -1090.38155  -17.03788  -17.03721
    1078    0.04257 -1090.40525 -1090.36268  -17.03758  -17.03692
    1079    0.04393 -1090.38667 -1090.34274  -17.03729  -17.03661
    1080    0.04520 -1090.40201 -1090.35681  -17.03753  -17.03683
    1081    0.04033 -1090.39653 -1090.35620  -17.03745  -17.03682
    1082    0.04352 -1090.40432 -1090.36080  -17.03757  -17.03689
    1083    0.04830 -1090.41983 -1090.37153  -17.03781  -17.03706
    1084    0.04017 -1090.40346 -1090.36329  -17.03755  -17.03693
    1085    0.04220 -1090.40350 -1090.36130  -17.03755  -17.03690
    1086    0.04677 -1090.40202 -1090.35525  -17.03753  -17.03680
    1087    0.04665 -1090.41092 -1090.36427  -17.03767  -17.03694
    1088    0.04311 -1090.41980 -1090.37669  -17.03781  -17.03714
    1089    0.04414 -1090.39275 -1090.34861  -17.03739  -17.03670
    1090    0.04709 -1090.38326 -1090.33617  -17.03724  -17.03650
    1091    0.04883 -1090.39612 -1090.34729  -17.03744  -17.03668
    1092    0.04051 -1090.36321 -1090.32270  -17.03693  -17.03629
    1093    0.04815 -1090.35642 -1090.30827  -17.03682  -17.03607
    1094    0.04422 -1090.35680 -1090.31258  -17.03683  -17.03613
    1095    0.04178 -1090.34721 -1090.30543  -17.03668  -17.03602
    1096    0.04695 -1090.35575 -1090.30880  -17.03681  -17.03608
    1097    0.04858 -1090.38082 -1090.33224  -17.03720  -17.03644
    1098    0.04557 -1090.38874 -1090.34317  -17.03732  -17.03661
    1099    0.04269 -1090.38525 -1090.34256  -17.03727  -17.03660
    1100    0.04850 -1090.39769 -1090.34919  -17.03746  -17.03671
    1101    0.04488 -1090.39993 -1090.35505  -17.03750  -17.03680
    1102    0.04900 -1090.39757 -1090.34857  -17.03746  -17.03670
    1103    0.04594 -1090.39288 -1090.34694  -17.03739  -17.03667
    1104    0.04012 -1090.39353 -1090.35341  -17.03740  -17.03677
    1105    0.04646 -1090.40530 -1090.35884  -17.03758  -17.03686
    1106    0.04277 -1090.38775 -1090.34498  -17.03731  -17.03664
    1107    0.04062 -1090.41363 -1090.37301  -17.03771  -17.03708
    1108    0.04687 -1090.43198 -1090.38511  -17.03800  -17.03727
    1109    0.03891 -1090.41804 -1090.37913  -17.03778  -17.03717
    1110    0.04534 -1090.42585 -1090.38051  -17.03790  -17.03720
    1111    0.04629 -1090.43654 -1090.39025  -17.03807  -17.03735
    1112    0.04682 -1090.43372 -1090.38690  -17.03803  -17.03730
    1113    0.05232 -1090.42935 -1090.37703  -17.03796  -17.03714
    1114    0.04186 -1090.41543 -1090.37357  -17.03774  -17.03709
    1115    0.04938 -1090.43403 -1090.38465  -17.03803  -17.03726
    1116    0.04495 -1090.43461 -1090.38966  -17.03804  -17.03734
    1117    0.04900 -1090.43582 -1090.38682  -17.03806  -17.03729
    1118    0.04412 -1090.43671 -1090.39259  -17.03807  -17.03738
    1119    0.04020 -1090.43913 -1090.39893  -17.03811  -17.03748
    1120    0.04147 -1090.43727 -1090.39580  -17.03808  -17.03743
    1121    0.04070 -1090.42899 -1090.38829  -17.03795  -17.03732
    1122    0.04668 -1090.40323 -1090.35655  -17.03755  -17.03682
    1123    0.04124 -1090.40443 -1090.36319  -17.03757  -17.03692
    1124    0.04141 -1090.42812 -1090.38671  -17.03794  -17.03729
    1125    0.04633 -1090.42970 -1090.38337  -17.03796  -17.03724
    1126    0.04663 -1090.41990 -1090.37327  -17.03781  -17.03708
    1127    0.04014 -1090.41686 -1090.37672  -17.03776  -17.03714
    1128    0.04464 -1090.41156 -1090.36692  -17.03768  -17.03698
    1129    0.04285 -1090.42168 -1090.37883  -17.03784  -17.03717
    1130    0.04047 -1090.44831 -1090.40784  -17.03825  -17.03762
    1131    0.03807 -1090.44615 -1090.40808  -17.03822  -17.03763
    1132    0.04347 -1090.44885 -1090.40538  -17.03826  -17.03758
    1133    0.04678 -1090.43991 -1090.39313  -17.03812  -17.03739
    1134    0.04453 -1090.43475 -1090.39022  -17.03804  -17.03735
    1135    0.04352 -1090.43030 -1090.38678  -17.03797  -17.03729
    1136    0.04584 -1090.40080 -1090.35496  -17.03751  -17.03680
    1137    0.04966 -1090.43874 -1090.38908  -17.03811  -17.03733
    1138    0.03538 -1090.42270 -1090.38732  -17.03785  -17.03730
    1139    0.04691 -1090.43957 -1090.39266  -17.03812  -17.03739
    1140    0.04240 -1090.42509 -1090.38269  -17.03789  -17.03723
    1141    0.05160 -1090.43673 -1090.38513  -17.03807  -17.03727
    1142    0.04211 -1090.40941 -1090.36730  -17.03765  -17.03699
    1143    0.04937 -1090.42343 -1090.37406  -17.03787  -17.03709
    1144    0.04326 -1090.42419 -1090.38093  -17.03788  -17.03720
    1145    0.04197 -1090.43245 -1090.39048  -17.03801  -17.03735
    1146    0.04112 -1090.42775 -1090.38663  -17.03793  -17.03729
    1147    0.04442 -1090.41929 -1090.37487  -17.03780  -17.03711
    1148    0.04436 -1090.42022 -1090.37586  -17.03782  -17.03712
    1149    0.04253 -1090.41473 -1090.37220  -17.03773  -17.03707
    1150    0.04117 -1090.40708 -1090.36591  -17.03761  -17.03697
    1151    0.04516 -1090.42104 -1090.37588  -17.03783  -17.03712
    1152    0.04315 -1090.41902 -1090.37587  -17.03780  -17.03712
    1153    0.04511 -1090.43554 -1090.39043  -17.03806  -17.03735
    1154    0.04431 -1090.43029 -1090.38598  -17.03797  -17.03728
    1155    0.04899 -1090.46175 -1090.41276  -17.03846  -17.03770
    1156    0.04487 -1090.45260 -1090.40773  -17.03832  -17.03762
    1157    0.04359 -1090.41714 -1090.37355  -17.03777  -17.03709
    1158    0.04578 -1090.40270 -1090.35692  -17.03754  -17.03683
    1159    0.04510 -1090.40930 -1090.36420  -17.03765  -17.03694
    1160    0.04142 -1090.38744 -1090.34602  -17.03730  -17.03666
    1161    0.04745 -1090.39563 -1090.34818  -17.03743  -17.03669
    1162    0.05294 -1090.38889 -1090.33595  -17.03733  -17.03650
    1163    0.04776 -1090.41904 -1090.37128  -17.03780  -17.03705
    1164    0.03768 -1090.42885 -1090.39117  -17.03795  -17.03736
    1165    0.03987 -1090.41660 -1090.37673  -17.03776  -17.03714
    1166    0.04499 -1090.43128 -1090.38629  -17.03799  -17.03729
    1167    0.04647 -1090.46614 -1090.41967  -17.03853  -17.03781
    1168    0.04512 -1090.44793 -1090.40281  -17.03825  -17.03754
    1169    0.03907 -1090.41600 -1090.37693  -17.03775  -17.03714
    1170    0.04238 -1090.42195 -1090.37957  -17.03784  -17.03718
    1171    0.04165 -1090.41878 -1090.37713  -17.03779  -17.03714
    1172    0.04355 -1090.42548 -1090.38193  -17.03790  -17.03722
    1173    0.04448 -1090.44678 -1090.40230  -17.03823  -17.03754
    1174    0.04612 -1090.44239 -1090.39627  -17.03816  -17.03744
    1175    0.04237 -1090.43040 -1090.38803  -17.03797  -17.03731
    1176    0.04314 -1090.42194 -1090.37880  -17.03784  -17.03717
    1177    0.04795 -1090.40297 -1090.35502  -17.03755  -17.03680
    1178    0.04420 -1090.39675 -1090.35255  -17.03745  -17.03676
    1179    0.04483 -1090.39405 -1090.34922  -17.03741  -17.03671
    1180    0.05297 -1090.39383 -1090.34086  -17.03740  -17.03658
    1181    0.04244 -1090.38092 -1090.33848  -17.03720  -17.03654
    1182    0.04699 -1090.40249 -1090.35550  -17.03754  -17.03680
    1183    0.04567 -1090.39354 -1090.34787  -17.03740  -17.03669
    1184    0.04255 -1090.39254 -1090.34999  -17.03738  -17.03672
    1185    0.05181 -1090.41643 -1090.36462  -17.03776  -17.03695
    1186    0.04325 -1090.37881 -1090.33556  -17.03717  -17.03649
    1187    0.04662 -1090.40643 -1090.35981  -17.03760  -17.03687
    1188    0.04211 -1090.40497 -1090.36286  -17.03758  -17.03692
    1189    0.03945 -1090.38241 -1090.34296  -17.03723  -17.03661
    1190    0.04010 -1090.38527 -1090.34517  -17.03727  -17.03664
    1191    0.05334 -1090.38811 -1090.33477  -17.03731  -17.03648
    1192    0.04895 -1090.38026 -1090.33131  -17.03719  -17.03643
    1193    0.04303 -1090.37368 -1090.33065  -17.03709  -17.03642
    1194    0.04249 -1090.37733 -1090.33484  -17.03715  -17.03648
    1195    0.04458 -1090.40246 -1090.35788  -17.03754  -17.03684
    1196    0.04495 -1090.40376 -1090.35881  -17.03756  -17.03686
    1197    0.04875 -1090.39154 -1090.34279  -17.03737  -17.03661
    1198    0.04680 -1090.40312 -1090.35632  -17.03755  -17.03682
    1199    0.04388 -1090.38130 -1090.33742  -17.03721  -17.03652
    1200    0.04694 -1090.37322 -1090.32628  -17.03708  -17.03635
    1201    0.04373 -1090.33959 -1090.29586  -17.03656  -17.03587
    1202    0.04256 -1090.34304 -1090.30048  -17.03661  -17.03595
    1203    0.05027 -1090.34849 -1090.29822  -17.03670  -17.03591
    1204    0.04383 -1090.34866 -1090.30483  -17.03670  -17.03601
    1205    0.05115 -1090.37572 -1090.32457  -17.03712  -17.03632
    1206    0.04537 -1090.37059 -1090.32522  -17.03704  -17.03633
    1207    0.04788 -1090.38527 -1090.33739  -17.03727  -17.03652
    1208    0.04774 -1090.36764 -1090.31990  -17.03699  -17.03625
    1209    0.04412 -1090.36997 -1090.32585  -17.03703  -17.03634
    1210    0.04378 -1090.35944 -1090.31566  -17.03687  -17.03618
    1211    0.03845 -1090.36987 -1090.33142  -17.03703  -17.03643
    1212    0.04226 -1090.36585 -1090.32359  -17.03697  -17.03631
