       0    0.00260 -1090.41325 -1090.41065  -17.03771  -17.03767
       1    0.02397 -1090.38988 -1090.36591  -17.03734  -17.03697
       2    0.03904 -1090.41286 -1090.37382  -17.03770  -17.03709
       3    0.04281 -1090.36218 -1090.31937  -17.03691  -17.03624
       4    0.04459 -1090.45065 -1090.40606  -17.03829  -17.03759
       5    0.03179 -1090.45507 -1090.42328  -17.03836  -17.03786
       6    0.04124 -1090.48199 -1090.44075  -17.03878  -17.03814
       7    0.04361 -1090.44698 -1090.40337  -17.03823  -17.03755
       8    0.04269 -1090.40101 -1090.35832  -17.03752  -17.03685
       9    0.04152 -1090.43724 -1090.39572  -17.03808  -17.03743
      10    0.03979 -1090.41891 -1090.37912  -17.03780  -17.03717
      11    0.04367 -1090.39405 -1090.35038  -17.03741  -17.03672
      12    0.04881 -1090.40042 -1090.35161  -17.03751  -17.03674
      13    0.04014 -1090.38089 -1090.34075  -17.03720  -17.03657
      14    0.04539 -1090.40659 -1090.36120  -17.03760  -17.03689
      15    0.04504 -1090.40189 -1090.35685  -17.03753  -17.03683
      16    0.04554 -1090.36477 -1090.31923  -17.03695  -17.03624
      17    0.04790 -1090.38306 -1090.33516  -17.03724  -17.03649
      18    0.04874 -1090.40804 -1090.35930  -17.03763  -17.03686
      19    0.03868 -1090.40196 -1090.36328  -17.03753  -17.03693
      20    0.05307 -1090.40625 -1090.35318  -17.03760  -17.03677
      21    0.05296 -1090.37841 -1090.32545  -17.03716  -17.03634
      22    0.04680 -1090.38276 -1090.33596  -17.03723  -17.03650
      23    0.04210 -1090.37055 -1090.32845  -17.03704  -17.03638
      24    0.04869 -1090.39807 -1090.34938  -17.03747  -17.03671
      25    0.04869 -1090.36935 -1090.32066  -17.03702  -17.03626
      26    0.04188 -1090.34945 -1090.30757  -17.03671  -17.03606
      27    0.04184 -1090.34830 -1090.30646  -17.03669  -17.03604
      28    0.05311 -1090.37514 -1090.32203  -17.03711  -17.03628
      29    0.05073 -1090.35527 -1090.30454  -17.03680  -17.03601
      30    0.05139 -1090.35448 -1090.30309  -17.03679  -17.03599
      31    0.04430 -1090.35456 -1090.31026  -17.03679  -17.03610
      32    0.04948 -1090.37945 -1090.32997  -17.03718  -17.03641
      33    0.04334 -1090.35525 -1090.31191  -17.03680  -17.03612
      34    0.04910 -1090.36373 -1090.31463  -17.03693  -17.03617
      35    0.04555 -1090.34662 -1090.30107  -17.03667  -17.03595
      36    0.04836 -1090.34692 -1090.29856  -17.03667  -17.03591
      37    0.05030 -1090.35520 -1090.30490  -17.03680  -17.03601
      38    0.05258 -1090.37667 -1090.32409  -17.03714  -17.03631
      39    0.04067 -1090.36104 -1090.32037  -17.03689  -17.03626
      40    0.05044 -1090.35985 -1090.30941  -17.03687  -17.03608
      41    0.04586 -1090.33999 -1090.29413  -17.03656  -17.03585
      42    0.04656 -1090.35093 -1090.30437  -17.03673  -17.03601
      43    0.04907 -1090.35665 -1090.30758  -17.03682  -17.03606
      44    0.04794 -1090.33922 -1090.29128  -17.03655  -17.03580
      45    0.04916 -1090.32584 -1090.27668  -17.03634  -17.03557
      46    0.05152 -1090.35797 -1090.30645  -17.03684  -17.03604
      47    0.04071 -1090.36359 -1090.32288  -17.03693  -17.03629
      48    0.04295 -1090.35077 -1090.30782  -17.03673  -17.03606
      49    0.04979 -1090.34940 -1090.29961  -17.03671  -17.03593
      50    0.05202 -1090.36077 -1090.30875  -17.03689  -17.03607
      51    0.04192 -1090.35844 -1090.31652  -17.03685  -17.03620
      52    0.04666 -1090.34751 -1090.30085  -17.03668  -17.03595
      53    0.05036 -1090.35834 -1090.30798  -17.03685  -17.03606
      54    0.04981 -1090.36205 -1090.31224  -17.03691  -17.03613
      55    0.04894 -1090.36128 -1090.31234  -17.03689  -17.03613
      56    0.05169 -1090.34416 -1090.29247  -17.03663  -17.03582
      57    0.05012 -1090.31942 -1090.26930  -17.03624  -17.03546
      58    0.04815 -1090.28520 -1090.23705  -17.03571  -17.03495
      59    0.06153 -1090.32202 -1090.26049  -17.03628  -17.03532
      60    0.05530 -1090.34305 -1090.28775  -17.03661  -17.03575
      61    0.05581 -1090.33079 -1090.27498  -17.03642  -17.03555
      62    0.05340 -1090.34411 -1090.29071  -17.03663  -17.03579
      63    0.05583 -1090.33063 -1090.27480  -17.03642  -17.03554
      64    0.04438 -1090.33191 -1090.28753  -17.03644  -17.03574
      65    0.04405 -1090.32520 -1090.28115  -17.03633  -17.03564
      66    0.05210 -1090.34771 -1090.29561  -17.03668  -17.03587
      67    0.04958 -1090.35512 -1090.30554  -17.03680  -17.03602
      68    0.05264 -1090.36078 -1090.30814  -17.03689  -17.03606
      69    0.04849 -1090.34800 -1090.29951  -17.03669  -17.03593
      70    0.04460 -1090.33092 -1090.28632  -17.03642  -17.03572
      71    0.05061 -1090.33746 -1090.28685  -17.03652  -17.03573
      72    0.04631 -1090.31097 -1090.26466  -17.03611  -17.03539
      73    0.04923 -1090.31864 -1090.26941  -17.03623  -17.03546
      74    0.04429 -1090.30827 -1090.26398  -17.03607  -17.03537
      75    0.04923 -1090.33090 -1090.28167  -17.03642  -17.03565
      76    0.05620 -1090.33420 -1090.27800  -17.03647  -17.03559
      77    0.05040 -1090.33289 -1090.28249  -17.03645  -17.03566
      78    0.04714 -1090.32259 -1090.27545  -17.03629  -17.03555
      79    0.05354 -1090.33310 -1090.27956  -17.03645  -17.03562
      80    0.04581 -1090.32440 -1090.27859  -17.03632  -17.03560
      81    0.04578 -1090.33352 -1090.28774  -17.03646  -17.03575
      82    0.04971 -1090.36043 -1090.31072  -17.03688  -17.03610
      83    0.04865 -1090.34650 -1090.29785  -17.03666  -17.03590
      84    0.05234 -1090.35342 -1090.30108  -17.03677  -17.03595
      85    0.04749 -1090.35429 -1090.30680  -17.03679  -17.03604
      86    0.04721 -1090.34712 -1090.29991  -17.03667  -17.03594
      87    0.04341 -1090.34195 -1090.29854  -17.03659  -17.03591
      88    0.04627 -1090.34858 -1090.30231  -17.03670  -17.03597
      89    0.05206 -1090.36550 -1090.31344  -17.03696  -17.03615
      90    0.04595 -1090.34529 -1090.29934  -17.03665  -17.03593
      91    0.04551 -1090.32578 -1090.28027  -17.03634  -17.03563
      92    0.04639 -1090.34162 -1090.29523  -17.03659  -17.03586
      93    0.04916 -1090.36934 -1090.32018  -17.03702  -17.03625
      94    0.05489 -1090.38889 -1090.33400  -17.03733  -17.03647
      95    0.04052 -1090.37253 -1090.33201  -17.03707  -17.03644
      96    0.05360 -1090.36455 -1090.31095  -17.03695  -17.03611
      97    0.05081 -1090.34032 -1090.28951  -17.03657  -17.03577
      98    0.04696 -1090.34840 -1090.30144  -17.03669  -17.03596
      99    0.04722 -1090.33261 -1090.28539  -17.03645  -17.03571
     100    0.04412 -1090.34528 -1090.30116  -17.03665  -17.03596
     101    0.04119 -1090.36657 -1090.32538  -17.03698  -17.03633
     102    0.05008 -1090.39414 -1090.34406  -17.03741  -17.03663
     103    0.04865 -1090.37416 -1090.32551  -17.03710  -17.03634
     104    0.05051 -1090.35846 -1090.30795  -17.03685  -17.03606
     105    0.05021 -1090.37485 -1090.32464  -17.03711  -17.03632
     106    0.05454 -1090.37326 -1090.31872  -17.03708  -17.03623
     107    0.05128 -1090.35232 -1090.30104  -17.03675  -17.03595
     108    0.04696 -1090.32976 -1090.28280  -17.03640  -17.03567
     109    0.04721 -1090.33451 -1090.28730  -17.03648  -17.03574
     110    0.05296 -1090.33960 -1090.28664  -17.03656  -17.03573
     111    0.04840 -1090.36503 -1090.31663  -17.03695  -17.03620
     112    0.04663 -1090.37331 -1090.32668  -17.03708  -17.03635
     113    0.05465 -1090.37451 -1090.31986  -17.03710  -17.03625
     114    0.05098 -1090.35664 -1090.30566  -17.03682  -17.03603
     115    0.05222 -1090.32392 -1090.27170  -17.03631  -17.03550
     116    0.04655 -1090.33188 -1090.28533  -17.03644  -17.03571
     117    0.04899 -1090.35680 -1090.30781  -17.03683  -17.03606
     118    0.03964 -1090.34609 -1090.30645  -17.03666  -17.03604
     119    0.04883 -1090.35057 -1090.30174  -17.03673  -17.03596
     120    0.05176 -1090.35066 -1090.29890  -17.03673  -17.03592
     121    0.04772 -1090.34990 -1090.30218  -17.03672  -17.03597
     122    0.04365 -1090.35341 -1090.30976  -17.03677  -17.03609
     123    0.05112 -1090.37751 -1090.32639  -17.03715  -17.03635
     124    0.04756 -1090.37433 -1090.32677  -17.03710  -17.03636
     125    0.04052 -1090.35422 -1090.31370  -17.03678  -17.03615
     126    0.04962 -1090.37495 -1090.32533  -17.03711  -17.03633
     127    0.04794 -1090.34837 -1090.30043  -17.03669  -17.03594
     128    0.04815 -1090.31433 -1090.26618  -17.03616  -17.03541
     129    0.04827 -1090.32000 -1090.27173  -17.03625  -17.03550
     130    0.05455 -1090.33826 -1090.28371  -17.03654  -17.03568
     131    0.04499 -1090.32760 -1090.28261  -17.03637  -17.03567
     132    0.04531 -1090.31981 -1090.27450  -17.03625  -17.03554
     133    0.05040 -1090.32781 -1090.27741  -17.03637  -17.03558
     134    0.04556 -1090.28725 -1090.24169  -17.03574  -17.03503
     135    0.05089 -1090.29699 -1090.24610  -17.03589  -17.03510
     136    0.04335 -1090.29567 -1090.25232  -17.03587  -17.03519
     137    0.04289 -1090.28532 -1090.24243  -17.03571  -17.03504
     138    0.04925 -1090.29572 -1090.24647  -17.03587  -17.03510
     139    0.05071 -1090.29734 -1090.24663  -17.03590  -17.03510
     140    0.04358 -1090.28026 -1090.23668  -17.03563  -17.03495
     141    0.05400 -1090.27771 -1090.22371  -17.03559  -17.03475
     142    0.05030 -1090.29039 -1090.24009  -17.03579  -17.03500
     143    0.05044 -1090.29718 -1090.24674  -17.03589  -17.03511
     144    0.04412 -1090.27623 -1090.23211  -17.03557  -17.03488
     145    0.04802 -1090.30492 -1090.25690  -17.03601  -17.03526
     146    0.04417 -1090.32537 -1090.28120  -17.03633  -17.03564
     147    0.04544 -1090.32405 -1090.27861  -17.03631  -17.03560
     148    0.04466 -1090.33865 -1090.29399  -17.03654  -17.03584
     149    0.04432 -1090.33432 -1090.29000  -17.03647  -17.03578
     150    0.04831 -1090.34018 -1090.29187  -17.03657  -17.03581
     151    0.04650 -1090.34690 -1090.30040  -17.03667  -17.03594
     152    0.04581 -1090.34066 -1090.29485  -17.03657  -17.03586
     153    0.04380 -1090.33031 -1090.28651  -17.03641  -17.03573
     154    0.04770 -1090.37981 -1090.33211  -17.03718  -17.03644
     155    0.04926 -1090.36797 -1090.31871  -17.03700  -17.03623
     156    0.04286 -1090.35867 -1090.31581  -17.03685  -17.03618
     157    0.04278 -1090.37407 -1090.33129  -17.03709  -17.03643
     158    0.04979 -1090.32668 -1090.27689  -17.03635  -17.03558
     159    0.04456 -1090.32334 -1090.27878  -17.03630  -17.03561
     160    0.04491 -1090.35716 -1090.31225  -17.03683  -17.03613
     161    0.05043 -1090.37009 -1090.31966  -17.03703  -17.03624
     162    0.04695 -1090.37599 -1090.32904  -17.03712  -17.03639
     163    0.04437 -1090.36466 -1090.32029  -17.03695  -17.03625
     164    0.04528 -1090.35497 -1090.30969  -17.03680  -17.03609
     165    0.04699 -1090.35201 -1090.30502  -17.03675  -17.03602
     166    0.04835 -1090.34980 -1090.30145  -17.03672  -17.03596
     167    0.04584 -1090.35788 -1090.31204  -17.03684  -17.03613
     168    0.04584 -1090.36309 -1090.31725  -17.03692  -17.03621
     169    0.04621 -1090.34923 -1090.30302  -17.03671  -17.03598
     170    0.04800 -1090.37908 -1090.33108  -17.03717  -17.03642
     171    0.04718 -1090.37060 -1090.32342  -17.03704  -17.03630
     172    0.04681 -1090.36049 -1090.31368  -17.03688  -17.03615
     173    0.05027 -1090.37804 -1090.32777  -17.03716  -17.03637
     174    0.05397 -1090.35869 -1090.30472  -17.03685  -17.03601
     175    0.04602 -1090.31302 -1090.26700  -17.03614  -17.03542
     176    0.04856 -1090.36163 -1090.31307  -17.03690  -17.03614
     177    0.04817 -1090.36945 -1090.32128  -17.03702  -17.03627
     178    0.05058 -1090.35561 -1090.30503  -17.03681  -17.03602
     179    0.03834 -1090.34062 -1090.30228  -17.03657  -17.03597
     180    0.04635 -1090.36105 -1090.31470  -17.03689  -17.03617
     181    0.04543 -1090.36072 -1090.31529  -17.03689  -17.03618
     182    0.04721 -1090.34204 -1090.29483  -17.03659  -17.03586
     183    0.04395 -1090.32480 -1090.28085  -17.03633  -17.03564
     184    0.04806 -1090.34172 -1090.29366  -17.03659  -17.03584
     185    0.05557 -1090.32958 -1090.27401  -17.03640  -17.03553
     186    0.04150 -1090.30852 -1090.26702  -17.03607  -17.03542
     187    0.04462 -1090.33055 -1090.28593  -17.03641  -17.03572
     188    0.05090 -1090.36617 -1090.31527  -17.03697  -17.03618
     189    0.05076 -1090.37120 -1090.32044  -17.03705  -17.03626
     190    0.04897 -1090.36646 -1090.31749  -17.03698  -17.03621
     191    0.04501 -1090.35745 -1090.31244  -17.03684  -17.03613
     192    0.05666 -1090.35390 -1090.29724  -17.03678  -17.03589
     193    0.05328 -1090.32023 -1090.26695  -17.03625  -17.03542
     194    0.04783 -1090.33837 -1090.29054  -17.03654  -17.03579
     195    0.04865 -1090.35188 -1090.30323  -17.03675  -17.03599
     196    0.04515 -1090.33990 -1090.29475  -17.03656  -17.03586
     197    0.05018 -1090.33660 -1090.28642  -17.03651  -17.03573
     198    0.04976 -1090.36860 -1090.31884  -17.03701  -17.03623
     199    0.04737 -1090.36803 -1090.32066  -17.03700  -17.03626
     200    0.04332 -1090.34906 -1090.30574  -17.03670  -17.03603
     201    0.04366 -1090.34608 -1090.30242  -17.03666  -17.03598
     202    0.05500 -1090.35857 -1090.30357  -17.03685  -17.03599
     203    0.04716 -1090.33088 -1090.28372  -17.03642  -17.03568
     204    0.04889 -1090.33537 -1090.28648  -17.03649  -17.03573
     205    0.04663 -1090.32503 -1090.27840  -17.03633  -17.03560
     206    0.05019 -1090.29613 -1090.24594  -17.03588  -17.03509
     207    0.05597 -1090.30986 -1090.25389  -17.03609  -17.03522
     208    0.04490 -1090.31528 -1090.27038  -17.03618  -17.03547
     209    0.04845 -1090.31755 -1090.26910  -17.03621  -17.03545
     210    0.04778 -1090.34455 -1090.29677  -17.03663  -17.03589
     211    0.04496 -1090.32708 -1090.28212  -17.03636  -17.03566
     212    0.05029 -1090.32232 -1090.27203  -17.03629  -17.03550
     213    0.04567 -1090.31090 -1090.26523  -17.03611  -17.03539
     214    0.04365 -1090.31632 -1090.27267  -17.03619  -17.03551
     215    0.04498 -1090.33410 -1090.28912  -17.03647  -17.03577
     216    0.05218 -1090.31627 -1090.26409  -17.03619  -17.03538
     217    0.04445 -1090.31182 -1090.26737  -17.03612  -17.03543
     218    0.04774 -1090.33333 -1090.28559  -17.03646  -17.03571
     219    0.05038 -1090.33830 -1090.28792  -17.03654  -17.03575
     220    0.04348 -1090.31130 -1090.26782  -17.03611  -17.03543
     221    0.05091 -1090.31519 -1090.26428  -17.03617  -17.03538
     222    0.05657 -1090.32121 -1090.26464  -17.03627  -17.03539
     223    0.05078 -1090.31224 -1090.26146  -17.03613  -17.03534
     224    0.04956 -1090.32216 -1090.27260  -17.03628  -17.03551
     225    0.05189 -1090.33392 -1090.28203  -17.03647  -17.03566
     226    0.04575 -1090.32520 -1090.27945  -17.03633  -17.03562
     227    0.05614 -1090.33422 -1090.27808  -17.03647  -17.03560
     228    0.04931 -1090.33719 -1090.28788  -17.03652  -17.03575
     229    0.05019 -1090.30881 -1090.25862  -17.03608  -17.03529
     230    0.05577 -1090.30533 -1090.24956  -17.03602  -17.03515
     231    0.05009 -1090.30270 -1090.25261  -17.03598  -17.03520
     232    0.05075 -1090.33087 -1090.28012  -17.03642  -17.03563
     233    0.05439 -1090.33231 -1090.27792  -17.03644  -17.03559
     234    0.05614 -1090.31133 -1090.25519  -17.03611  -17.03524
     235    0.05566 -1090.31935 -1090.26369  -17.03624  -17.03537
     236    0.05940 -1090.33762 -1090.27822  -17.03653  -17.03560
     237    0.04694 -1090.30916 -1090.26222  -17.03608  -17.03535
     238    0.05641 -1090.34304 -1090.28663  -17.03661  -17.03573
     239    0.05062 -1090.33766 -1090.28704  -17.03653  -17.03573
     240    0.04932 -1090.31229 -1090.26297  -17.03613  -17.03536
     241    0.04889 -1090.31796 -1090.26907  -17.03622  -17.03545
     242    0.05025 -1090.31901 -1090.26876  -17.03623  -17.03545
     243    0.05297 -1090.29366 -1090.24069  -17.03584  -17.03501
     244    0.04850 -1090.29394 -1090.24544  -17.03584  -17.03508
     245    0.04756 -1090.30639 -1090.25883  -17.03604  -17.03529
     246    0.04609 -1090.32077 -1090.27468  -17.03626  -17.03554
     247    0.04895 -1090.32465 -1090.27570  -17.03632  -17.03556
     248    0.06063 -1090.33769 -1090.27706  -17.03653  -17.03558
     249    0.04557 -1090.30285 -1090.25728  -17.03598  -17.03527
     250    0.04878 -1090.29976 -1090.25098  -17.03593  -17.03517
     251    0.05188 -1090.33678 -1090.28490  -17.03651  -17.03570
     252    0.05126 -1090.35611 -1090.30485  -17.03681  -17.03601
     253    0.04864 -1090.35599 -1090.30735  -17.03681  -17.03605
     254    0.04616 -1090.35065 -1090.30449  -17.03673  -17.03601
     255    0.04757 -1090.33990 -1090.29233  -17.03656  -17.03582
     256    0.04878 -1090.29745 -1090.24867  -17.03590  -17.03514
     257    0.04705 -1090.29180 -1090.24475  -17.03581  -17.03507
     258    0.04234 -1090.26527 -1090.22293  -17.03539  -17.03473
     259    0.04865 -1090.27078 -1090.22213  -17.03548  -17.03472
     260    0.05130 -1090.29838 -1090.24708  -17.03591  -17.03511
     261    0.05050 -1090.31388 -1090.26338  -17.03615  -17.03537
     262    0.04848 -1090.31840 -1090.26992  -17.03622  -17.03547
     263    0.04423 -1090.32659 -1090.28236  -17.03635  -17.03566
     264    0.04892 -1090.31619 -1090.26727  -17.03619  -17.03543
     265    0.04667 -1090.32070 -1090.27403  -17.03626  -17.03553
     266    0.04910 -1090.30722 -1090.25812  -17.03605  -17.03528
     267    0.05314 -1090.32762 -1090.27448  -17.03637  -17.03554
     268    0.04990 -1090.32724 -1090.27734  -17.03636  -17.03558
     269    0.04616 -1090.30886 -1090.26270  -17.03608  -17.03535
     270    0.05111 -1090.29502 -1090.24391  -17.03586  -17.03506
     271    0.05423 -1090.29474 -1090.24051  -17.03586  -17.03501
     272    0.05328 -1090.28779 -1090.23451  -17.03575  -17.03491
     273    0.04307 -1090.26946 -1090.22639  -17.03546  -17.03479
     274    0.05379 -1090.31894 -1090.26515  -17.03623  -17.03539
     275    0.05075 -1090.31534 -1090.26459  -17.03618  -17.03538
     276    0.05484 -1090.29548 -1090.24064  -17.03587  -17.03501
     277    0.05625 -1090.29112 -1090.23487  -17.03580  -17.03492
     278    0.04901 -1090.28495 -1090.23594  -17.03570  -17.03494
     279    0.04432 -1090.28589 -1090.24157  -17.03572  -17.03502
     280    0.05617 -1090.27662 -1090.22045  -17.03557  -17.03469
     281    0.05094 -1090.27609 -1090.22515  -17.03556  -17.03477
     282    0.04595 -1090.29628 -1090.25033  -17.03588  -17.03516
     283    0.05322 -1090.28415 -1090.23093  -17.03569  -17.03486
     284    0.05199 -1090.29207 -1090.24008  -17.03581  -17.03500
     285    0.04662 -1090.27940 -1090.23278  -17.03562  -17.03489
     286    0.04552 -1090.28119 -1090.23567  -17.03564  -17.03493
     287    0.05306 -1090.29518 -1090.24212  -17.03586  -17.03503
     288    0.05497 -1090.28163 -1090.22666  -17.03565  -17.03479
     289    0.04716 -1090.26171 -1090.21455  -17.03534  -17.03460
     290    0.05403 -1090.29058 -1090.23655  -17.03579  -17.03495
     291    0.04844 -1090.27689 -1090.22845  -17.03558  -17.03482
     292    0.05660 -1090.26153 -1090.20493  -17.03534  -17.03445
     293    0.05497 -1090.27910 -1090.22413  -17.03561  -17.03475
     294    0.04421 -1090.27521 -1090.23100  -17.03555  -17.03486
     295    0.05098 -1090.28730 -1090.23632  -17.03574  -17.03494
     296    0.05281 -1090.30886 -1090.25605  -17.03608  -17.03525
     297    0.04854 -1090.30658 -1090.25804  -17.03604  -17.03528
     298    0.04586 -1090.27617 -1090.23031  -17.03557  -17.03485
     299    0.05995 -1090.27761 -1090.21766  -17.03559  -17.03465
     300    0.05525 -1090.26195 -1090.20670  -17.03534  -17.03448
     301    0.04401 -1090.25668 -1090.21267  -17.03526  -17.03457
     302    0.05042 -1090.30528 -1090.25486  -17.03602  -17.03523
     303    0.05148 -1090.30441 -1090.25293  -17.03601  -17.03520
     304    0.04779 -1090.28921 -1090.24142  -17.03577  -17.03502
     305    0.05536 -1090.30543 -1090.25007  -17.03602  -17.03516
     306    0.04526 -1090.26063 -1090.21537  -17.03532  -17.03462
     307    0.05234 -1090.27560 -1090.22326  -17.03556  -17.03474
     308    0.05860 -1090.28662 -1090.22802  -17.03573  -17.03481
     309    0.05280 -1090.26865 -1090.21585  -17.03545  -17.03462
     310    0.04660 -1090.27329 -1090.22669  -17.03552  -17.03479
     311    0.04304 -1090.26867 -1090.22563  -17.03545  -17.03478
     312    0.04809 -1090.26188 -1090.21379  -17.03534  -17.03459
     313    0.05104 -1090.26871 -1090.21767  -17.03545  -17.03465
     314    0.04447 -1090.29716 -1090.25269  -17.03589  -17.03520
     315    0.04485 -1090.31680 -1090.27195  -17.03620  -17.03550
     316    0.05341 -1090.27721 -1090.22380  -17.03558  -17.03475
     317    0.05128 -1090.27616 -1090.22488  -17.03556  -17.03476
     318    0.05515 -1090.30886 -1090.25371  -17.03608  -17.03521
     319    0.05047 -1090.30105 -1090.25058  -17.03595  -17.03517
     320    0.04311 -1090.29851 -1090.25540  -17.03591  -17.03524
     321    0.04855 -1090.29627 -1090.24772  -17.03588  -17.03512
     322    0.06060 -1090.30049 -1090.23989  -17.03595  -17.03500
     323    0.05226 -1090.28926 -1090.23700  -17.03577  -17.03495
     324    0.04551 -1090.27047 -1090.22496  -17.03548  -17.03477
     325    0.05704 -1090.29804 -1090.24100  -17.03591  -17.03502
     326    0.04962 -1090.27662 -1090.22700  -17.03557  -17.03480
     327    0.04895 -1090.28388 -1090.23493  -17.03569  -17.03492
     328    0.05232 -1090.28161 -1090.22929  -17.03565  -17.03483
     329    0.05385 -1090.28218 -1090.22833  -17.03566  -17.03482
     330    0.05696 -1090.28803 -1090.23107  -17.03575  -17.03486
     331    0.04966 -1090.25861 -1090.20895  -17.03529  -17.03451
     332    0.05832 -1090.29460 -1090.23628  -17.03585  -17.03494
     333    0.05392 -1090.30998 -1090.25606  -17.03609  -17.03525
     334    0.04264 -1090.28888 -1090.24624  -17.03576  -17.03510
     335    0.05288 -1090.29685 -1090.24397  -17.03589  -17.03506
     336    0.04671 -1090.31369 -1090.26698  -17.03615  -17.03542
     337    0.04811 -1090.30485 -1090.25674  -17.03601  -17.03526
     338    0.04802 -1090.32205 -1090.27403  -17.03628  -17.03553
     339    0.05435 -1090.34094 -1090.28659  -17.03658  -17.03573
     340    0.04253 -1090.32470 -1090.28217  -17.03632  -17.03566
     341    0.04588 -1090.29988 -1090.25400  -17.03594  -17.03522
     342    0.05252 -1090.31852 -1090.26600  -17.03623  -17.03541
     343    0.04686 -1090.28991 -1090.24305  -17.03578  -17.03505
     344    0.05059 -1090.27690 -1090.22631  -17.03558  -17.03479
     345    0.05311 -1090.29086 -1090.23775  -17.03579  -17.03496
     346    0.04846 -1090.29845 -1090.24999  -17.03591  -17.03516
     347    0.04553 -1090.29059 -1090.24506  -17.03579  -17.03508
     348    0.04616 -1090.28858 -1090.24242  -17.03576  -17.03504
     349    0.05045 -1090.31324 -1090.26279  -17.03614  -17.03536
     350    0.05283 -1090.31232 -1090.25949  -17.03613  -17.03530
     351    0.05133 -1090.30334 -1090.25201  -17.03599  -17.03519
     352    0.04933 -1090.25976 -1090.21043  -17.03531  -17.03454
     353    0.06043 -1090.27981 -1090.21938  -17.03562  -17.03468
     354    0.04750 -1090.29635 -1090.24885  -17.03588  -17.03514
     355    0.05158 -1090.31341 -1090.26183  -17.03615  -17.03534
     356    0.05362 -1090.33011 -1090.27649  -17.03641  -17.03557
     357    0.05709 -1090.33288 -1090.27579  -17.03645  -17.03556
     358    0.05304 -1090.31586 -1090.26282  -17.03619  -17.03536
     359    0.04907 -1090.35703 -1090.30796  -17.03683  -17.03606
     360    0.06309 -1090.35642 -1090.29333  -17.03682  -17.03583
     361    0.05077 -1090.34367 -1090.29290  -17.03662  -17.03583
     362    0.04669 -1090.36944 -1090.32275  -17.03702  -17.03629
     363    0.05220 -1090.35844 -1090.30624  -17.03685  -17.03603
     364    0.05186 -1090.32037 -1090.26851  -17.03626  -17.03545
     365    0.05108 -1090.34193 -1090.29085  -17.03659  -17.03579
     366    0.04117 -1090.33774 -1090.29657  -17.03653  -17.03588
     367    0.05309 -1090.33961 -1090.28652  -17.03656  -17.03573
     368    0.04589 -1090.33345 -1090.28756  -17.03646  -17.03574
     369    0.04718 -1090.30731 -1090.26013  -17.03605  -17.03531
     370    0.05597 -1090.32529 -1090.26932  -17.03633  -17.03546
     371    0.05317 -1090.32107 -1090.26790  -17.03627  -17.03544
     372    0.05068 -1090.32100 -1090.27032  -17.03627  -17.03547
     373    0.04512 -1090.33054 -1090.28542  -17.03641  -17.03571
     374    0.05027 -1090.33444 -1090.28417  -17.03648  -17.03569
     375    0.05137 -1090.31123 -1090.25986  -17.03611  -17.03531
     376    0.04619 -1090.32740 -1090.28121  -17.03637  -17.03564
     377    0.04741 -1090.35191 -1090.30450  -17.03675  -17.03601
     378    0.04974 -1090.34913 -1090.29939  -17.03671  -17.03593
     379    0.05240 -1090.34223 -1090.28983  -17.03660  -17.03578
     380    0.05067 -1090.32576 -1090.27509  -17.03634  -17.03555
     381    0.05432 -1090.30862 -1090.25430  -17.03607  -17.03522
     382    0.05110 -1090.30693 -1090.25583  -17.03605  -17.03525
     383    0.04094 -1090.29437 -1090.25343  -17.03585  -17.03521
     384    0.05290 -1090.31809 -1090.26519  -17.03622  -17.03539
     385    0.04593 -1090.30550 -1090.25957  -17.03602  -17.03531
     386    0.04226 -1090.32455 -1090.28229  -17.03632  -17.03566
     387    0.05187 -1090.33299 -1090.28112  -17.03645  -17.03564
     388    0.05221 -1090.34255 -1090.29034  -17.03660  -17.03579
     389    0.04148 -1090.35587 -1090.31439  -17.03681  -17.03616
     390    0.04983 -1090.35497 -1090.30514  -17.03680  -17.03602
     391    0.05626 -1090.36401 -1090.30775  -17.03694  -17.03606
     392    0.04639 -1090.35753 -1090.31114  -17.03684  -17.03611
     393    0.04215 -1090.33401 -1090.29186  -17.03647  -17.03581
     394    0.04781 -1090.31474 -1090.26693  -17.03617  -17.03542
     395    0.04520 -1090.34168 -1090.29648  -17.03659  -17.03588
     396    0.05532 -1090.35519 -1090.29987  -17.03680  -17.03594
     397    0.05054 -1090.32917 -1090.27863  -17.03639  -17.03560
     398    0.05295 -1090.34541 -1090.29246  -17.03665  -17.03582
     399    0.04273 -1090.32409 -1090.28136  -17.03631  -17.03565
     400    0.04402 -1090.31132 -1090.26730  -17.03611  -17.03543
     401    0.05393 -1090.30837 -1090.25444  -17.03607  -17.03523
     402    0.05112 -1090.31157 -1090.26045  -17.03612  -17.03532
     403    0.04754 -1090.32782 -1090.28028  -17.03637  -17.03563
     404    0.05316 -1090.33173 -1090.27857  -17.03643  -17.03560
     405    0.04740 -1090.32652 -1090.27912  -17.03635  -17.03561
     406    0.05056 -1090.34029 -1090.28973  -17.03657  -17.03578
     407    0.04920 -1090.34605 -1090.29685  -17.03666  -17.03589
     408    0.04235 -1090.31995 -1090.27760  -17.03625  -17.03559
     409    0.04843 -1090.32387 -1090.27544  -17.03631  -17.03555
     410    0.05373 -1090.34203 -1090.28830  -17.03659  -17.03575
     411    0.04717 -1090.35871 -1090.31154  -17.03685  -17.03612
     412    0.04671 -1090.36905 -1090.32234  -17.03702  -17.03629
     413    0.05326 -1090.34183 -1090.28857  -17.03659  -17.03576
     414    0.04653 -1090.34509 -1090.29856  -17.03664  -17.03591
     415    0.05051 -1090.36379 -1090.31328  -17.03693  -17.03615
     416    0.04892 -1090.34868 -1090.29976  -17.03670  -17.03593
     417    0.04176 -1090.33764 -1090.29588  -17.03653  -17.03587
     418    0.05020 -1090.35346 -1090.30326  -17.03677  -17.03599
     419    0.04980 -1090.34288 -1090.29308  -17.03661  -17.03583
     420    0.04416 -1090.31957 -1090.27541  -17.03624  -17.03555
     421    0.04515 -1090.30321 -1090.25806  -17.03599  -17.03528
     422    0.04887 -1090.32747 -1090.27860  -17.03637  -17.03560
     423    0.04875 -1090.33240 -1090.28365  -17.03644  -17.03568
     424    0.04290 -1090.32120 -1090.27830  -17.03627  -17.03560
     425    0.04711 -1090.34149 -1090.29438  -17.03659  -17.03585
     426    0.04301 -1090.31584 -1090.27283  -17.03619  -17.03551
     427    0.04708 -1090.33122 -1090.28414  -17.03643  -17.03569
     428    0.05030 -1090.34560 -1090.29530  -17.03665  -17.03586
     429    0.04279 -1090.32148 -1090.27869  -17.03627  -17.03560
     430    0.05231 -1090.31557 -1090.26326  -17.03618  -17.03536
     431    0.04464 -1090.31031 -1090.26567  -17.03610  -17.03540
     432    0.04381 -1090.31523 -1090.27142  -17.03618  -17.03549
     433    0.04882 -1090.31551 -1090.26669  -17.03618  -17.03542
     434    0.04646 -1090.30484 -1090.25838  -17.03601  -17.03529
     435    0.04427 -1090.30998 -1090.26571  -17.03609  -17.03540
     436    0.04479 -1090.33182 -1090.28703  -17.03643  -17.03573
     437    0.04725 -1090.33900 -1090.29175  -17.03655  -17.03581
     438    0.05260 -1090.33881 -1090.28621  -17.03654  -17.03572
     439    0.04755 -1090.33145 -1090.28390  -17.03643  -17.03569
     440    0.04163 -1090.30769 -1090.26606  -17.03606  -17.03541
     441    0.04394 -1090.32443 -1090.28049  -17.03632  -17.03563
     442    0.05459 -1090.34972 -1090.29513  -17.03671  -17.03586
     443    0.04842 -1090.32983 -1090.28141  -17.03640  -17.03565
     444    0.04850 -1090.32847 -1090.27997  -17.03638  -17.03562
     445    0.05236 -1090.31996 -1090.26760  -17.03625  -17.03543
     446    0.04795 -1090.32415 -1090.27620  -17.03631  -17.03557
     447    0.04847 -1090.33669 -1090.28822  -17.03651  -17.03575
     448    0.04468 -1090.32505 -1090.28037  -17.03633  -17.03563
     449    0.05218 -1090.30576 -1090.25358  -17.03603  -17.03521
     450    0.04330 -1090.30167 -1090.25837  -17.03596  -17.03529
     451    0.04933 -1090.31203 -1090.26270  -17.03613  -17.03535
     452    0.04475 -1090.31222 -1090.26747  -17.03613  -17.03543
     453    0.04717 -1090.31889 -1090.27172  -17.03623  -17.03550
     454    0.04769 -1090.31180 -1090.26411  -17.03612  -17.03538
     455    0.04987 -1090.31667 -1090.26680  -17.03620  -17.03542
     456    0.04754 -1090.33092 -1090.28338  -17.03642  -17.03568
     457    0.04778 -1090.33679 -1090.28901  -17.03651  -17.03577
     458    0.04829 -1090.31251 -1090.26422  -17.03613  -17.03538
     459    0.04835 -1090.30925 -1090.26090  -17.03608  -17.03533
     460    0.05427 -1090.33860 -1090.28433  -17.03654  -17.03569
     461    0.05034 -1090.32950 -1090.27916  -17.03640  -17.03561
     462    0.04631 -1090.31780 -1090.27149  -17.03622  -17.03549
     463    0.04749 -1090.35126 -1090.30377  -17.03674  -17.03600
     464    0.05348 -1090.33657 -1090.28309  -17.03651  -17.03567
     465    0.05030 -1090.34585 -1090.29555  -17.03665  -17.03587
     466    0.04103 -1090.33792 -1090.29689  -17.03653  -17.03589
     467    0.04595 -1090.31569 -1090.26974  -17.03618  -17.03546
     468    0.05288 -1090.32001 -1090.26713  -17.03625  -17.03542
     469    0.04912 -1090.28715 -1090.23803  -17.03574  -17.03497
     470    0.04921 -1090.29852 -1090.24931  -17.03591  -17.03515
     471    0.05356 -1090.29982 -1090.24626  -17.03593  -17.03510
     472    0.05188 -1090.30373 -1090.25185  -17.03600  -17.03519
     473    0.04383 -1090.29361 -1090.24978  -17.03584  -17.03515
     474    0.05329 -1090.30749 -1090.25420  -17.03605  -17.03522
     475    0.05134 -1090.33161 -1090.28027  -17.03643  -17.03563
     476    0.04876 -1090.32379 -1090.27503  -17.03631  -17.03555
     477    0.04399 -1090.33852 -1090.29453  -17.03654  -17.03585
     478    0.05390 -1090.33972 -1090.28582  -17.03656  -17.03572
     479    0.05236 -1090.34453 -1090.29217  -17.03663  -17.03582
     480    0.05090 -1090.32496 -1090.27406  -17.03633  -17.03553
     481    0.05033 -1090.28179 -1090.23146  -17.03565  -17.03487
     482    0.04905 -1090.29103 -1090.24198  -17.03580  -17.03503
     483    0.05722 -1090.29010 -1090.23288  -17.03578  -17.03489
     484    0.04543 -1090.25956 -1090.21413  -17.03531  -17.03460
     485    0.05007 -1090.29234 -1090.24227  -17.03582  -17.03504
     486    0.05327 -1090.30700 -1090.25373  -17.03605  -17.03521
     487    0.05074 -1090.29390 -1090.24316  -17.03584  -17.03505
     488    0.04876 -1090.28234 -1090.23358  -17.03566  -17.03490
     489    0.05212 -1090.28016 -1090.22804  -17.03563  -17.03481
     490    0.04549 -1090.30423 -1090.25874  -17.03600  -17.03529
     491    0.04816 -1090.32194 -1090.27378  -17.03628  -17.03553
     492    0.04972 -1090.33518 -1090.28546  -17.03649  -17.03571
     493    0.04478 -1090.32539 -1090.28061  -17.03633  -17.03563
     494    0.04633 -1090.34015 -1090.29382  -17.03656  -17.03584
     495    0.04870 -1090.34499 -1090.29629  -17.03664  -17.03588
     496    0.04854 -1090.34782 -1090.29928  -17.03668  -17.03593
     497    0.05026 -1090.34632 -1090.29606  -17.03666  -17.03588
     498    0.05292 -1090.33337 -1090.28045  -17.03646  -17.03563
     499    0.04764 -1090.36147 -1090.31383  -17.03690  -17.03615
     500    0.04825 -1090.34528 -1090.29703  -17.03665  -17.03589
     501    0.04282 -1090.32196 -1090.27914  -17.03628  -17.03561
     502    0.04733 -1090.35429 -1090.30696  -17.03679  -17.03605
     503    0.05606 -1090.37181 -1090.31575  -17.03706  -17.03618
     504    0.04900 -1090.37051 -1090.32151  -17.03704  -17.03627
     505    0.04975 -1090.36913 -1090.31938  -17.03702  -17.03624
     506    0.04623 -1090.36532 -1090.31909  -17.03696  -17.03624
     507    0.04673 -1090.33485 -1090.28812  -17.03648  -17.03575
     508    0.04612 -1090.34941 -1090.30329  -17.03671  -17.03599
     509    0.04772 -1090.37192 -1090.32420  -17.03706  -17.03632
     510    0.04593 -1090.34552 -1090.29959  -17.03665  -17.03593
     511    0.05755 -1090.35386 -1090.29631  -17.03678  -17.03588
     512    0.04955 -1090.37234 -1090.32279  -17.03707  -17.03629
     513    0.04298 -1090.36104 -1090.31806  -17.03689  -17.03622
     514    0.05216 -1090.36098 -1090.30882  -17.03689  -17.03608
     515    0.05290 -1090.34748 -1090.29458  -17.03668  -17.03585
     516    0.04616 -1090.32469 -1090.27853  -17.03632  -17.03560
     517    0.05006 -1090.34728 -1090.29722  -17.03668  -17.03589
     518    0.05008 -1090.32406 -1090.27398  -17.03631  -17.03553
     519    0.04691 -1090.32714 -1090.28023  -17.03636  -17.03563
     520    0.04844 -1090.35671 -1090.30827  -17.03682  -17.03607
     521    0.04684 -1090.35746 -1090.31062  -17.03684  -17.03610
     522    0.04643 -1090.35809 -1090.31166  -17.03685  -17.03612
     523    0.05249 -1090.35620 -1090.30371  -17.03682  -17.03600
     524    0.04466 -1090.33912 -1090.29446  -17.03655  -17.03585
     525    0.04858 -1090.33594 -1090.28736  -17.03650  -17.03574
     526    0.05022 -1090.35568 -1090.30546  -17.03681  -17.03602
     527    0.05167 -1090.37423 -1090.32256  -17.03710  -17.03629
     528    0.04819 -1090.36340 -1090.31521  -17.03693  -17.03618
     529    0.04893 -1090.37283 -1090.32390  -17.03708  -17.03631
     530    0.04725 -1090.37011 -1090.32286  -17.03703  -17.03629
     531    0.04609 -1090.37444 -1090.32835  -17.03710  -17.03638
