       0    0.00260 -1090.41326 -1090.41066  -17.03771  -17.03767
       1    0.02463 -1090.37304 -1090.34841  -17.03708  -17.03669
       2    0.04275 -1090.37846 -1090.33571  -17.03716  -17.03650
       3    0.04613 -1090.30224 -1090.25611  -17.03597  -17.03525
       4    0.05290 -1090.42442 -1090.37152  -17.03788  -17.03705
       5    0.03569 -1090.43424 -1090.39855  -17.03803  -17.03748
       6    0.04649 -1090.45756 -1090.41107  -17.03840  -17.03767
       7    0.04792 -1090.43452 -1090.38660  -17.03804  -17.03729
       8    0.04260 -1090.37742 -1090.33482  -17.03715  -17.03648
       9    0.04227 -1090.42979 -1090.38752  -17.03797  -17.03730
      10    0.04778 -1090.37904 -1090.33126  -17.03717  -17.03643
      11    0.05049 -1090.32735 -1090.27686  -17.03636  -17.03558
      12    0.06029 -1090.34387 -1090.28358  -17.03662  -17.03568
      13    0.04727 -1090.31691 -1090.26964  -17.03620  -17.03546
      14    0.05053 -1090.31456 -1090.26403  -17.03617  -17.03538
      15    0.06083 -1090.32661 -1090.26578  -17.03635  -17.03540
      16    0.05810 -1090.33235 -1090.27425  -17.03644  -17.03554
      17    0.05187 -1090.34913 -1090.29726  -17.03671  -17.03589
      18    0.05359 -1090.37803 -1090.32444  -17.03716  -17.03632
      19    0.05318 -1090.37687 -1090.32369  -17.03714  -17.03631
      20    0.05236 -1090.36707 -1090.31471  -17.03699  -17.03617
      21    0.05367 -1090.34247 -1090.28880  -17.03660  -17.03576
      22    0.05199 -1090.31611 -1090.26412  -17.03619  -17.03538
      23    0.05662 -1090.31724 -1090.26062  -17.03621  -17.03532
      24    0.05045 -1090.31485 -1090.26440  -17.03617  -17.03538
      25    0.04907 -1090.29170 -1090.24263  -17.03581  -17.03504
      26    0.06046 -1090.30666 -1090.24620  -17.03604  -17.03510
      27    0.05054 -1090.32974 -1090.27920  -17.03640  -17.03561
      28    0.05108 -1090.33694 -1090.28586  -17.03651  -17.03572
      29    0.05152 -1090.30387 -1090.25235  -17.03600  -17.03519
      30    0.05498 -1090.32201 -1090.26703  -17.03628  -17.03542
      31    0.05340 -1090.31721 -1090.26381  -17.03621  -17.03537
      32    0.05378 -1090.31644 -1090.26266  -17.03619  -17.03535
      33    0.05778 -1090.30663 -1090.24885  -17.03604  -17.03514
      34    0.05129 -1090.32890 -1090.27761  -17.03639  -17.03559
      35    0.05703 -1090.35568 -1090.29865  -17.03681  -17.03592
      36    0.05601 -1090.31439 -1090.25838  -17.03616  -17.03529
      37    0.05484 -1090.29119 -1090.23635  -17.03580  -17.03494
      38    0.05251 -1090.29340 -1090.24089  -17.03583  -17.03501
      39    0.04714 -1090.27215 -1090.22501  -17.03550  -17.03477
      40    0.05615 -1090.27922 -1090.22307  -17.03561  -17.03474
      41    0.05249 -1090.29876 -1090.24627  -17.03592  -17.03510
      42    0.05788 -1090.33971 -1090.28183  -17.03656  -17.03565
      43    0.06237 -1090.31460 -1090.25223  -17.03617  -17.03519
      44    0.05360 -1090.31814 -1090.26454  -17.03622  -17.03538
      45    0.06009 -1090.32727 -1090.26718  -17.03636  -17.03542
      46    0.06459 -1090.28592 -1090.22133  -17.03572  -17.03471
      47    0.05096 -1090.28627 -1090.23531  -17.03572  -17.03493
      48    0.06020 -1090.30292 -1090.24272  -17.03598  -17.03504
      49    0.06120 -1090.26606 -1090.20486  -17.03541  -17.03445
      50    0.05541 -1090.30166 -1090.24625  -17.03596  -17.03510
      51    0.04865 -1090.27403 -1090.22538  -17.03553  -17.03477
      52    0.05202 -1090.27436 -1090.22234  -17.03554  -17.03472
      53    0.05770 -1090.32578 -1090.26808  -17.03634  -17.03544
      54    0.05753 -1090.34800 -1090.29047  -17.03669  -17.03579
      55    0.05185 -1090.33811 -1090.28626  -17.03653  -17.03572
      56    0.04826 -1090.32579 -1090.27753  -17.03634  -17.03559
      57    0.05368 -1090.32687 -1090.27319  -17.03636  -17.03552
      58    0.04898 -1090.26727 -1090.21829  -17.03543  -17.03466
      59    0.05663 -1090.25826 -1090.20163  -17.03529  -17.03440
      60    0.05594 -1090.25605 -1090.20011  -17.03525  -17.03438
      61    0.05614 -1090.25973 -1090.20359  -17.03531  -17.03443
      62    0.05281 -1090.26143 -1090.20862  -17.03533  -17.03451
      63    0.04982 -1090.28948 -1090.23966  -17.03577  -17.03499
      64    0.05297 -1090.29534 -1090.24237  -17.03586  -17.03504
      65    0.05363 -1090.29909 -1090.24546  -17.03592  -17.03509
      66    0.05650 -1090.29010 -1090.23360  -17.03578  -17.03490
      67    0.05422 -1090.30322 -1090.24900  -17.03599  -17.03514
      68    0.05243 -1090.29576 -1090.24333  -17.03587  -17.03505
      69    0.06392 -1090.30939 -1090.24547  -17.03608  -17.03509
      70    0.04928 -1090.29694 -1090.24766  -17.03589  -17.03512
      71    0.05336 -1090.31068 -1090.25732  -17.03610  -17.03527
      72    0.05927 -1090.32597 -1090.26670  -17.03634  -17.03542
      73    0.04972 -1090.29472 -1090.24500  -17.03585  -17.03508
      74    0.05313 -1090.31031 -1090.25718  -17.03610  -17.03527
      75    0.05188 -1090.30822 -1090.25634  -17.03607  -17.03526
      76    0.05513 -1090.29772 -1090.24259  -17.03590  -17.03504
      77    0.05451 -1090.29443 -1090.23992  -17.03585  -17.03500
      78    0.05221 -1090.27732 -1090.22511  -17.03558  -17.03477
      79    0.05489 -1090.28897 -1090.23408  -17.03577  -17.03491
      80    0.05251 -1090.28053 -1090.22802  -17.03563  -17.03481
      81    0.05199 -1090.27760 -1090.22561  -17.03559  -17.03478
      82    0.06406 -1090.29953 -1090.23547  -17.03593  -17.03493
      83    0.04941 -1090.26015 -1090.21074  -17.03531  -17.03454
      84    0.05433 -1090.27207 -1090.21774  -17.03550  -17.03465
      85    0.05577 -1090.27289 -1090.21712  -17.03551  -17.03464
      86    0.06219 -1090.27886 -1090.21667  -17.03561  -17.03464
      87    0.05103 -1090.29257 -1090.24154  -17.03582  -17.03502
      88    0.05510 -1090.29443 -1090.23933  -17.03585  -17.03499
      89    0.05341 -1090.27846 -1090.22505  -17.03560  -17.03477
      90    0.05241 -1090.25524 -1090.20283  -17.03524  -17.03442
      91    0.05245 -1090.25377 -1090.20132  -17.03522  -17.03440
      92    0.05507 -1090.24469 -1090.18962  -17.03507  -17.03421
      93    0.05345 -1090.23084 -1090.17739  -17.03486  -17.03402
      94    0.05650 -1090.21719 -1090.16069  -17.03464  -17.03376
      95    0.05633 -1090.20545 -1090.14912  -17.03446  -17.03358
      96    0.05651 -1090.21230 -1090.15579  -17.03457  -17.03368
      97    0.05533 -1090.23905 -1090.18372  -17.03499  -17.03412
      98    0.06275 -1090.23541 -1090.17266  -17.03493  -17.03395
      99    0.06071 -1090.26597 -1090.20526  -17.03541  -17.03446
     100    0.05136 -1090.25193 -1090.20057  -17.03519  -17.03438
     101    0.05825 -1090.27350 -1090.21525  -17.03552  -17.03461
     102    0.05715 -1090.25006 -1090.19291  -17.03516  -17.03426
     103    0.05655 -1090.23883 -1090.18228  -17.03498  -17.03410
     104    0.06076 -1090.27262 -1090.21186  -17.03551  -17.03456
     105    0.05991 -1090.25813 -1090.19822  -17.03528  -17.03435
     106    0.05643 -1090.23487 -1090.17844  -17.03492  -17.03404
     107    0.06397 -1090.24549 -1090.18152  -17.03509  -17.03409
     108    0.05582 -1090.24337 -1090.18755  -17.03505  -17.03418
     109    0.05444 -1090.24638 -1090.19194  -17.03510  -17.03425
     110    0.06842 -1090.26608 -1090.19766  -17.03541  -17.03434
     111    0.05379 -1090.25027 -1090.19648  -17.03516  -17.03432
     112    0.05087 -1090.26551 -1090.21464  -17.03540  -17.03460
     113    0.06609 -1090.27882 -1090.21273  -17.03561  -17.03457
     114    0.05699 -1090.26525 -1090.20826  -17.03539  -17.03450
     115    0.05510 -1090.25327 -1090.19817  -17.03521  -17.03435
     116    0.04812 -1090.23807 -1090.18995  -17.03497  -17.03422
     117    0.05166 -1090.25689 -1090.20523  -17.03526  -17.03446
     118    0.05372 -1090.25539 -1090.20167  -17.03524  -17.03440
     119    0.05619 -1090.23506 -1090.17887  -17.03492  -17.03404
     120    0.04799 -1090.21212 -1090.16413  -17.03456  -17.03381
     121    0.05302 -1090.21406 -1090.16104  -17.03459  -17.03377
     122    0.05733 -1090.17478 -1090.11745  -17.03398  -17.03309
     123    0.05316 -1090.16416 -1090.11100  -17.03382  -17.03298
     124    0.04929 -1090.17784 -1090.12855  -17.03403  -17.03326
     125    0.05084 -1090.17905 -1090.12821  -17.03405  -17.03325
     126    0.06333 -1090.23449 -1090.17116  -17.03491  -17.03392
     127    0.05967 -1090.22207 -1090.16240  -17.03472  -17.03379
     128    0.05699 -1090.23499 -1090.17800  -17.03492  -17.03403
     129    0.05499 -1090.22797 -1090.17298  -17.03481  -17.03395
     130    0.06136 -1090.23677 -1090.17541  -17.03495  -17.03399
     131    0.05215 -1090.24016 -1090.18801  -17.03500  -17.03419
     132    0.05320 -1090.21688 -1090.16368  -17.03464  -17.03381
     133    0.06973 -1090.23181 -1090.16208  -17.03487  -17.03378
     134    0.06692 -1090.24232 -1090.17540  -17.03504  -17.03399
     135    0.05156 -1090.22941 -1090.17785  -17.03483  -17.03403
     136    0.05176 -1090.24046 -1090.18870  -17.03501  -17.03420
     137    0.05604 -1090.23593 -1090.17989  -17.03494  -17.03406
     138    0.06046 -1090.20820 -1090.14774  -17.03450  -17.03356
     139    0.06046 -1090.22923 -1090.16877  -17.03483  -17.03389
     140    0.05485 -1090.24169 -1090.18684  -17.03503  -17.03417
     141    0.05097 -1090.21712 -1090.16615  -17.03464  -17.03385
     142    0.05798 -1090.21442 -1090.15644  -17.03460  -17.03369
     143    0.06835 -1090.22450 -1090.15615  -17.03476  -17.03369
     144    0.04956 -1090.23388 -1090.18432  -17.03490  -17.03413
     145    0.05254 -1090.25037 -1090.19783  -17.03516  -17.03434
     146    0.05539 -1090.21966 -1090.16427  -17.03468  -17.03382
     147    0.06154 -1090.23454 -1090.17300  -17.03491  -17.03395
     148    0.05609 -1090.25531 -1090.19922  -17.03524  -17.03436
     149    0.05966 -1090.26758 -1090.20792  -17.03543  -17.03450
     150    0.05154 -1090.26101 -1090.20947  -17.03533  -17.03452
     151    0.05748 -1090.26794 -1090.21046  -17.03544  -17.03454
     152    0.04890 -1090.26620 -1090.21730  -17.03541  -17.03465
     153    0.05306 -1090.25841 -1090.20535  -17.03529  -17.03446
     154    0.06509 -1090.25977 -1090.19468  -17.03531  -17.03429
     155    0.05624 -1090.22730 -1090.17106  -17.03480  -17.03392
     156    0.05722 -1090.22245 -1090.16523  -17.03473  -17.03383
     157    0.05291 -1090.22325 -1090.17034  -17.03474  -17.03391
     158    0.05807 -1090.21810 -1090.16003  -17.03466  -17.03375
     159    0.05779 -1090.23777 -1090.17998  -17.03497  -17.03406
     160    0.05257 -1090.24414 -1090.19157  -17.03506  -17.03424
     161    0.05527 -1090.22869 -1090.17342  -17.03482  -17.03396
     162    0.05689 -1090.22565 -1090.16876  -17.03478  -17.03389
     163    0.05694 -1090.23496 -1090.17802  -17.03492  -17.03403
     164    0.04893 -1090.20257 -1090.15364  -17.03442  -17.03365
     165    0.05250 -1090.19844 -1090.14594  -17.03435  -17.03353
     166    0.05643 -1090.22089 -1090.16446  -17.03470  -17.03382
     167    0.05547 -1090.22435 -1090.16888  -17.03476  -17.03389
     168    0.05601 -1090.21714 -1090.16113  -17.03464  -17.03377
     169    0.05944 -1090.23305 -1090.17361  -17.03489  -17.03396
     170    0.05319 -1090.22748 -1090.17429  -17.03480  -17.03397
     171    0.05879 -1090.24883 -1090.19004  -17.03514  -17.03422
     172    0.07453 -1090.24914 -1090.17461  -17.03514  -17.03398
     173    0.05617 -1090.24947 -1090.19330  -17.03515  -17.03427
     174    0.05008 -1090.25024 -1090.20016  -17.03516  -17.03438
     175    0.05371 -1090.24968 -1090.19597  -17.03515  -17.03431
     176    0.05840 -1090.25487 -1090.19647  -17.03523  -17.03432
     177    0.05807 -1090.26615 -1090.20808  -17.03541  -17.03450
     178    0.05135 -1090.25630 -1090.20495  -17.03525  -17.03445
     179    0.06010 -1090.25626 -1090.19616  -17.03525  -17.03431
     180    0.06028 -1090.24272 -1090.18244  -17.03504  -17.03410
     181    0.04806 -1090.20628 -1090.15822  -17.03447  -17.03372
     182    0.05728 -1090.24048 -1090.18320  -17.03501  -17.03411
     183    0.05468 -1090.25058 -1090.19590  -17.03517  -17.03431
     184    0.05435 -1090.22291 -1090.16856  -17.03473  -17.03388
     185    0.06114 -1090.25068 -1090.18954  -17.03517  -17.03421
     186    0.05610 -1090.26015 -1090.20405  -17.03531  -17.03444
     187    0.05297 -1090.26981 -1090.21684  -17.03547  -17.03464
     188    0.05226 -1090.26104 -1090.20878  -17.03533  -17.03451
     189    0.05754 -1090.28305 -1090.22551  -17.03567  -17.03477
     190    0.04956 -1090.27706 -1090.22750  -17.03558  -17.03480
     191    0.06735 -1090.30364 -1090.23629  -17.03599  -17.03494
     192    0.05525 -1090.25767 -1090.20242  -17.03528  -17.03441
     193    0.05264 -1090.25439 -1090.20175  -17.03522  -17.03440
     194    0.05437 -1090.27126 -1090.21689  -17.03549  -17.03464
     195    0.06154 -1090.29703 -1090.23549  -17.03589  -17.03493
     196    0.06066 -1090.27514 -1090.21448  -17.03555  -17.03460
     197    0.04864 -1090.24349 -1090.19485  -17.03505  -17.03429
     198    0.05202 -1090.25724 -1090.20522  -17.03527  -17.03446
     199    0.05385 -1090.26069 -1090.20684  -17.03532  -17.03448
     200    0.05036 -1090.23788 -1090.18752  -17.03497  -17.03418
     201    0.05126 -1090.25537 -1090.20411  -17.03524  -17.03444
     202    0.05747 -1090.27435 -1090.21688  -17.03554  -17.03464
     203    0.05641 -1090.25001 -1090.19360  -17.03516  -17.03428
     204    0.06309 -1090.25363 -1090.19054  -17.03521  -17.03423
     205    0.04919 -1090.24449 -1090.19530  -17.03507  -17.03430
     206    0.05484 -1090.25902 -1090.20418  -17.03530  -17.03444
     207    0.05841 -1090.25267 -1090.19426  -17.03520  -17.03429
     208    0.06030 -1090.24677 -1090.18647  -17.03511  -17.03416
     209    0.05161 -1090.24294 -1090.19133  -17.03505  -17.03424
     210    0.05495 -1090.23228 -1090.17733  -17.03488  -17.03402
     211    0.06642 -1090.25478 -1090.18836  -17.03523  -17.03419
     212    0.05513 -1090.23494 -1090.17981  -17.03492  -17.03406
     213    0.05775 -1090.23835 -1090.18060  -17.03497  -17.03407
     214    0.05732 -1090.22299 -1090.16567  -17.03473  -17.03384
     215    0.06824 -1090.22942 -1090.16118  -17.03483  -17.03377
     216    0.05384 -1090.23913 -1090.18529  -17.03499  -17.03415
     217    0.05495 -1090.23546 -1090.18051  -17.03493  -17.03407
     218    0.06660 -1090.22567 -1090.15907  -17.03478  -17.03374
     219    0.05050 -1090.20973 -1090.15923  -17.03453  -17.03374
     220    0.04900 -1090.22708 -1090.17808  -17.03480  -17.03403
     221    0.05610 -1090.24500 -1090.18890  -17.03508  -17.03420
     222    0.05545 -1090.21178 -1090.15633  -17.03456  -17.03369
     223    0.04911 -1090.20357 -1090.15446  -17.03443  -17.03366
     224    0.05487 -1090.22799 -1090.17312  -17.03481  -17.03395
     225    0.06159 -1090.23145 -1090.16986  -17.03487  -17.03390
     226    0.05732 -1090.22750 -1090.17018  -17.03480  -17.03391
     227    0.06262 -1090.23467 -1090.17205  -17.03492  -17.03394
     228    0.05886 -1090.24100 -1090.18214  -17.03502  -17.03410
     229    0.04780 -1090.24618 -1090.19838  -17.03510  -17.03435
     230    0.06472 -1090.23202 -1090.16730  -17.03488  -17.03386
     231    0.06355 -1090.21951 -1090.15596  -17.03468  -17.03369
     232    0.06010 -1090.23461 -1090.17451  -17.03492  -17.03398
     233    0.05240 -1090.25202 -1090.19962  -17.03519  -17.03437
     234    0.05393 -1090.23629 -1090.18236  -17.03494  -17.03410
     235    0.06249 -1090.24122 -1090.17873  -17.03502  -17.03404
     236    0.05809 -1090.22946 -1090.17137  -17.03484  -17.03393
     237    0.05476 -1090.22853 -1090.17377  -17.03482  -17.03397
     238    0.05644 -1090.22088 -1090.16444  -17.03470  -17.03382
     239    0.05413 -1090.21910 -1090.16497  -17.03467  -17.03383
     240    0.05841 -1090.22318 -1090.16477  -17.03474  -17.03382
     241    0.05760 -1090.22242 -1090.16482  -17.03473  -17.03383
     242    0.05943 -1090.24761 -1090.18818  -17.03512  -17.03419
     243    0.05353 -1090.23979 -1090.18626  -17.03500  -17.03416
     244    0.06296 -1090.23730 -1090.17434  -17.03496  -17.03397
     245    0.05680 -1090.23780 -1090.18100  -17.03497  -17.03408
     246    0.05644 -1090.23147 -1090.17503  -17.03487  -17.03398
     247    0.05125 -1090.19734 -1090.14609  -17.03433  -17.03353
     248    0.05330 -1090.20629 -1090.15299  -17.03447  -17.03364
     249    0.06631 -1090.22169 -1090.15538  -17.03471  -17.03368
     250    0.05945 -1090.20637 -1090.14692  -17.03447  -17.03355
     251    0.05510 -1090.18502 -1090.12992  -17.03414  -17.03328
     252    0.06105 -1090.19788 -1090.13683  -17.03434  -17.03339
     253    0.06015 -1090.18234 -1090.12219  -17.03410  -17.03316
     254    0.05856 -1090.16746 -1090.10890  -17.03387  -17.03295
     255    0.05786 -1090.14816 -1090.09030  -17.03356  -17.03266
     256    0.05788 -1090.12605 -1090.06817  -17.03322  -17.03232
     257    0.05675 -1090.18472 -1090.12797  -17.03414  -17.03325
     258    0.05407 -1090.20875 -1090.15468  -17.03451  -17.03367
     259    0.05142 -1090.19988 -1090.14846  -17.03437  -17.03357
     260    0.06135 -1090.22431 -1090.16296  -17.03475  -17.03380
     261    0.06259 -1090.20494 -1090.14235  -17.03445  -17.03347
     262    0.05254 -1090.16729 -1090.11475  -17.03386  -17.03304
     263    0.06085 -1090.16038 -1090.09953  -17.03376  -17.03281
     264    0.05325 -1090.17344 -1090.12019  -17.03396  -17.03313
     265    0.05141 -1090.16012 -1090.10871  -17.03375  -17.03295
     266    0.06706 -1090.14320 -1090.07614  -17.03349  -17.03244
     267    0.05972 -1090.19920 -1090.13948  -17.03436  -17.03343
     268    0.05669 -1090.21404 -1090.15735  -17.03459  -17.03371
     269    0.05551 -1090.22079 -1090.16528  -17.03470  -17.03383
     270    0.06083 -1090.23194 -1090.17111  -17.03487  -17.03392
     271    0.06171 -1090.23121 -1090.16950  -17.03486  -17.03390
     272    0.05723 -1090.23468 -1090.17745  -17.03492  -17.03402
     273    0.05329 -1090.22345 -1090.17016  -17.03474  -17.03391
     274    0.05867 -1090.23138 -1090.17271  -17.03487  -17.03395
     275    0.05959 -1090.24510 -1090.18551  -17.03508  -17.03415
     276    0.04958 -1090.22525 -1090.17567  -17.03477  -17.03399
     277    0.05501 -1090.21056 -1090.15555  -17.03454  -17.03368
     278    0.06187 -1090.19913 -1090.13726  -17.03436  -17.03339
     279    0.05994 -1090.21415 -1090.15421  -17.03460  -17.03366
     280    0.04880 -1090.21833 -1090.16953  -17.03466  -17.03390
     281    0.05469 -1090.22121 -1090.16652  -17.03471  -17.03385
     282    0.05450 -1090.21011 -1090.15561  -17.03453  -17.03368
     283    0.05363 -1090.24470 -1090.19107  -17.03507  -17.03424
     284    0.06185 -1090.23906 -1090.17721  -17.03499  -17.03402
     285    0.05292 -1090.21888 -1090.16596  -17.03467  -17.03384
     286    0.06427 -1090.25480 -1090.19053  -17.03523  -17.03423
     287    0.05685 -1090.24135 -1090.18450  -17.03502  -17.03413
     288    0.04732 -1090.22769 -1090.18037  -17.03481  -17.03407
     289    0.05622 -1090.24589 -1090.18967  -17.03509  -17.03421
     290    0.05790 -1090.23726 -1090.17936  -17.03496  -17.03405
     291    0.05548 -1090.25272 -1090.19724  -17.03520  -17.03433
     292    0.05001 -1090.22027 -1090.17026  -17.03469  -17.03391
     293    0.05204 -1090.22954 -1090.17750  -17.03484  -17.03402
     294    0.05824 -1090.24028 -1090.18204  -17.03500  -17.03409
     295    0.05192 -1090.21718 -1090.16526  -17.03464  -17.03383
     296    0.06015 -1090.26284 -1090.20269  -17.03536  -17.03442
     297    0.06345 -1090.24704 -1090.18359  -17.03511  -17.03412
     298    0.05521 -1090.19873 -1090.14352  -17.03436  -17.03349
     299    0.05870 -1090.21019 -1090.15149  -17.03453  -17.03362
     300    0.05089 -1090.19654 -1090.14565  -17.03432  -17.03353
     301    0.06203 -1090.20870 -1090.14667  -17.03451  -17.03354
     302    0.06399 -1090.20785 -1090.14386  -17.03450  -17.03350
     303    0.04991 -1090.21154 -1090.16163  -17.03456  -17.03378
     304    0.05170 -1090.24063 -1090.18893  -17.03501  -17.03420
     305    0.05576 -1090.25776 -1090.20200  -17.03528  -17.03441
     306    0.05666 -1090.24831 -1090.19165  -17.03513  -17.03424
     307    0.05805 -1090.25736 -1090.19931  -17.03527  -17.03436
     308    0.04929 -1090.25139 -1090.20210  -17.03518  -17.03441
     309    0.05613 -1090.25190 -1090.19577  -17.03519  -17.03431
     310    0.05391 -1090.25552 -1090.20161  -17.03524  -17.03440
     311    0.05343 -1090.23887 -1090.18544  -17.03498  -17.03415
     312    0.05277 -1090.20911 -1090.15634  -17.03452  -17.03369
     313    0.05404 -1090.24750 -1090.19346  -17.03512  -17.03427
     314    0.06217 -1090.28394 -1090.22177  -17.03569  -17.03472
     315    0.04890 -1090.23817 -1090.18927  -17.03497  -17.03421
     316    0.05451 -1090.21805 -1090.16354  -17.03466  -17.03381
     317    0.06654 -1090.24641 -1090.17987  -17.03510  -17.03406
     318    0.05255 -1090.24303 -1090.19048  -17.03505  -17.03423
     319    0.05242 -1090.23210 -1090.17968  -17.03488  -17.03406
     320    0.06809 -1090.23821 -1090.17012  -17.03497  -17.03391
     321    0.05996 -1090.21131 -1090.15135  -17.03455  -17.03361
     322    0.05421 -1090.23167 -1090.17746  -17.03487  -17.03402
     323    0.05445 -1090.21926 -1090.16481  -17.03468  -17.03383
     324    0.05747 -1090.21759 -1090.16012  -17.03465  -17.03375
     325    0.06069 -1090.24694 -1090.18625  -17.03511  -17.03416
     326    0.05117 -1090.22501 -1090.17384  -17.03477  -17.03397
     327    0.05874 -1090.20400 -1090.14526  -17.03444  -17.03352
     328    0.06156 -1090.23446 -1090.17290  -17.03491  -17.03395
     329    0.06029 -1090.22389 -1090.16360  -17.03475  -17.03381
     330    0.05730 -1090.23359 -1090.17629  -17.03490  -17.03400
     331    0.05812 -1090.23753 -1090.17941  -17.03496  -17.03405
     332    0.05405 -1090.23508 -1090.18103  -17.03492  -17.03408
     333    0.05529 -1090.25256 -1090.19727  -17.03520  -17.03433
     334    0.05557 -1090.23347 -1090.17790  -17.03490  -17.03403
     335    0.05786 -1090.23080 -1090.17294  -17.03486  -17.03395
     336    0.06067 -1090.25325 -1090.19258  -17.03521  -17.03426
     337    0.05474 -1090.23143 -1090.17669  -17.03487  -17.03401
     338    0.05056 -1090.22234 -1090.17178  -17.03472  -17.03393
     339    0.05061 -1090.20476 -1090.15415  -17.03445  -17.03366
     340    0.05597 -1090.18712 -1090.13115  -17.03417  -17.03330
     341    0.05953 -1090.20620 -1090.14667  -17.03447  -17.03354
     342    0.05656 -1090.23165 -1090.17509  -17.03487  -17.03399
     343    0.05607 -1090.22278 -1090.16671  -17.03473  -17.03385
     344    0.05535 -1090.21302 -1090.15767  -17.03458  -17.03371
     345    0.05029 -1090.22881 -1090.17852  -17.03483  -17.03404
     346    0.06543 -1090.21147 -1090.14604  -17.03455  -17.03353
     347    0.05365 -1090.19997 -1090.14632  -17.03437  -17.03354
     348    0.06326 -1090.20859 -1090.14533  -17.03451  -17.03352
     349    0.05538 -1090.21600 -1090.16062  -17.03463  -17.03376
     350    0.06032 -1090.22915 -1090.16883  -17.03483  -17.03389
     351    0.06208 -1090.20844 -1090.14636  -17.03451  -17.03354
     352    0.05356 -1090.19125 -1090.13769  -17.03424  -17.03340
     353    0.05765 -1090.21965 -1090.16200  -17.03468  -17.03378
     354    0.06257 -1090.24700 -1090.18443  -17.03511  -17.03413
     355    0.05876 -1090.20474 -1090.14598  -17.03445  -17.03353
     356    0.05172 -1090.22569 -1090.17397  -17.03478  -17.03397
     357    0.05438 -1090.23062 -1090.17624  -17.03485  -17.03400
     358    0.05536 -1090.23457 -1090.17921  -17.03492  -17.03405
     359    0.05346 -1090.25884 -1090.20538  -17.03529  -17.03446
     360    0.05296 -1090.24045 -1090.18749  -17.03501  -17.03418
     361    0.05520 -1090.23664 -1090.18144  -17.03495  -17.03409
     362    0.06260 -1090.22603 -1090.16343  -17.03478  -17.03380
     363    0.05629 -1090.19176 -1090.13547  -17.03425  -17.03337
     364    0.04983 -1090.23291 -1090.18308  -17.03489  -17.03411
     365    0.06205 -1090.24774 -1090.18569  -17.03512  -17.03415
     366    0.05255 -1090.19890 -1090.14635  -17.03436  -17.03354
     367    0.05962 -1090.23210 -1090.17248  -17.03488  -17.03394
     368    0.04893 -1090.24276 -1090.19383  -17.03504  -17.03428
     369    0.05185 -1090.23727 -1090.18542  -17.03496  -17.03415
     370    0.05677 -1090.26199 -1090.20522  -17.03534  -17.03446
     371    0.04886 -1090.21882 -1090.16996  -17.03467  -17.03391
     372    0.05179 -1090.23746 -1090.18567  -17.03496  -17.03415
     373    0.05888 -1090.22416 -1090.16528  -17.03475  -17.03383
     374    0.05814 -1090.20888 -1090.15074  -17.03451  -17.03361
     375    0.05725 -1090.20453 -1090.14728  -17.03445  -17.03355
     376    0.05186 -1090.22306 -1090.17120  -17.03474  -17.03392
     377    0.06380 -1090.24777 -1090.18397  -17.03512  -17.03412
     378    0.05296 -1090.19920 -1090.14624  -17.03436  -17.03354
     379    0.05120 -1090.16926 -1090.11806  -17.03389  -17.03309
     380    0.05621 -1090.20451 -1090.14830  -17.03445  -17.03357
     381    0.05536 -1090.22278 -1090.16742  -17.03473  -17.03387
     382    0.06055 -1090.21170 -1090.15115  -17.03456  -17.03361
     383    0.05677 -1090.21270 -1090.15593  -17.03457  -17.03369
     384    0.04988 -1090.22956 -1090.17968  -17.03484  -17.03406
     385    0.05906 -1090.24667 -1090.18761  -17.03510  -17.03418
     386    0.05489 -1090.21666 -1090.16177  -17.03464  -17.03378
     387    0.06667 -1090.23292 -1090.16625  -17.03489  -17.03385
     388    0.06428 -1090.23882 -1090.17454  -17.03498  -17.03398
     389    0.05703 -1090.21403 -1090.15700  -17.03459  -17.03370
     390    0.05515 -1090.18994 -1090.13479  -17.03422  -17.03336
     391    0.06071 -1090.21862 -1090.15791  -17.03467  -17.03372
     392    0.06016 -1090.20183 -1090.14167  -17.03440  -17.03346
     393    0.05591 -1090.20882 -1090.15291  -17.03451  -17.03364
     394    0.07011 -1090.22751 -1090.15740  -17.03480  -17.03371
     395    0.05932 -1090.24220 -1090.18288  -17.03503  -17.03411
     396    0.05939 -1090.23829 -1090.17890  -17.03497  -17.03405
     397    0.06017 -1090.21130 -1090.15113  -17.03455  -17.03361
     398    0.06200 -1090.23758 -1090.17558  -17.03496  -17.03399
     399    0.05546 -1090.22399 -1090.16853  -17.03475  -17.03388
     400    0.05360 -1090.18333 -1090.12973  -17.03411  -17.03328
     401    0.06701 -1090.19969 -1090.13268  -17.03437  -17.03332
     402    0.05961 -1090.18500 -1090.12539  -17.03414  -17.03321
     403    0.06354 -1090.19744 -1090.13390  -17.03434  -17.03334
     404    0.05666 -1090.18975 -1090.13309  -17.03421  -17.03333
     405    0.05950 -1090.18616 -1090.12666  -17.03416  -17.03323
     406    0.06228 -1090.18281 -1090.12053  -17.03411  -17.03313
     407    0.05634 -1090.18267 -1090.12633  -17.03410  -17.03322
     408    0.05551 -1090.18015 -1090.12464  -17.03406  -17.03320
     409    0.05584 -1090.17751 -1090.12167  -17.03402  -17.03315
     410    0.06305 -1090.21308 -1090.15003  -17.03458  -17.03359
     411    0.06005 -1090.20086 -1090.14081  -17.03439  -17.03345
     412    0.05712 -1090.21302 -1090.15590  -17.03458  -17.03369
     413    0.05973 -1090.21931 -1090.15958  -17.03468  -17.03374
     414    0.06082 -1090.22735 -1090.16653  -17.03480  -17.03385
     415    0.05471 -1090.21168 -1090.15697  -17.03456  -17.03370
     416    0.05940 -1090.20981 -1090.15041  -17.03453  -17.03360
     417    0.06564 -1090.24401 -1090.17837  -17.03506  -17.03404
     418    0.06630 -1090.24968 -1090.18338  -17.03515  -17.03412
     419    0.05277 -1090.21642 -1090.16365  -17.03463  -17.03381
     420    0.06585 -1090.21973 -1090.15388  -17.03468  -17.03365
     421    0.05524 -1090.19949 -1090.14425  -17.03437  -17.03350
     422    0.05906 -1090.21452 -1090.15546  -17.03460  -17.03368
     423    0.05672 -1090.21026 -1090.15354  -17.03454  -17.03365
     424    0.05565 -1090.18062 -1090.12497  -17.03407  -17.03320
     425    0.05530 -1090.18838 -1090.13308  -17.03419  -17.03333
     426    0.05575 -1090.15963 -1090.10388  -17.03374  -17.03287
     427    0.05321 -1090.15469 -1090.10148  -17.03367  -17.03284
     428    0.05955 -1090.18353 -1090.12398  -17.03412  -17.03319
     429    0.05448 -1090.20337 -1090.14889  -17.03443  -17.03358
     430    0.05360 -1090.18844 -1090.13484  -17.03419  -17.03336
     431    0.05406 -1090.17232 -1090.11826  -17.03394  -17.03310
     432    0.06601 -1090.19374 -1090.12773  -17.03428  -17.03325
     433    0.06462 -1090.20322 -1090.13860  -17.03443  -17.03342
     434    0.05805 -1090.17286 -1090.11481  -17.03395  -17.03304
     435    0.05867 -1090.18819 -1090.12952  -17.03419  -17.03327
     436    0.04617 -1090.18329 -1090.13712  -17.03411  -17.03339
     437    0.05313 -1090.14741 -1090.09428  -17.03355  -17.03272
     438    0.05561 -1090.14508 -1090.08947  -17.03352  -17.03265
     439    0.05867 -1090.17304 -1090.11437  -17.03395  -17.03304
     440    0.05265 -1090.15838 -1090.10573  -17.03372  -17.03290
     441    0.06239 -1090.16598 -1090.10359  -17.03384  -17.03287
     442    0.06797 -1090.18115 -1090.11318  -17.03408  -17.03302
     443    0.05915 -1090.20594 -1090.14679  -17.03447  -17.03354
     444    0.05764 -1090.20620 -1090.14856  -17.03447  -17.03357
     445    0.05814 -1090.18630 -1090.12816  -17.03416  -17.03325
     446    0.05254 -1090.15568 -1090.10314  -17.03368  -17.03286
     447    0.06055 -1090.18135 -1090.12080  -17.03408  -17.03314
     448    0.06440 -1090.19149 -1090.12709  -17.03424  -17.03324
     449    0.05727 -1090.17864 -1090.12137  -17.03404  -17.03315
     450    0.05416 -1090.20023 -1090.14607  -17.03438  -17.03353
     451    0.05906 -1090.23019 -1090.17113  -17.03485  -17.03392
     452    0.05762 -1090.20127 -1090.14365  -17.03439  -17.03349
     453    0.05351 -1090.19929 -1090.14578  -17.03436  -17.03353
     454    0.05914 -1090.21652 -1090.15738  -17.03463  -17.03371
     455    0.05542 -1090.21339 -1090.15797  -17.03458  -17.03372
     456    0.05869 -1090.22233 -1090.16364  -17.03472  -17.03381
     457    0.05892 -1090.21631 -1090.15739  -17.03463  -17.03371
     458    0.05795 -1090.21974 -1090.16179  -17.03468  -17.03378
     459    0.06196 -1090.20901 -1090.14705  -17.03452  -17.03355
     460    0.05170 -1090.18201 -1090.13031  -17.03409  -17.03329
     461    0.05512 -1090.17982 -1090.12470  -17.03406  -17.03320
     462    0.06405 -1090.22431 -1090.16026  -17.03475  -17.03375
     463    0.05700 -1090.19501 -1090.13801  -17.03430  -17.03341
     464    0.05496 -1090.19577 -1090.14081  -17.03431  -17.03345
     465    0.05755 -1090.19890 -1090.14135  -17.03436  -17.03346
     466    0.05295 -1090.20002 -1090.14707  -17.03438  -17.03355
     467    0.05291 -1090.18512 -1090.13221  -17.03414  -17.03332
     468    0.06857 -1090.20228 -1090.13371  -17.03441  -17.03334
     469    0.06466 -1090.21163 -1090.14697  -17.03456  -17.03355
     470    0.05014 -1090.19529 -1090.14515  -17.03430  -17.03352
     471    0.05626 -1090.20299 -1090.14673  -17.03442  -17.03354
     472    0.06971 -1090.22332 -1090.15361  -17.03474  -17.03365
     473    0.05763 -1090.20451 -1090.14688  -17.03445  -17.03355
     474    0.05092 -1090.19301 -1090.14209  -17.03427  -17.03347
     475    0.05575 -1090.19959 -1090.14384  -17.03437  -17.03350
     476    0.05707 -1090.18936 -1090.13229  -17.03421  -17.03332
     477    0.05492 -1090.16912 -1090.11420  -17.03389  -17.03303
     478    0.04853 -1090.15161 -1090.10308  -17.03362  -17.03286
     479    0.06064 -1090.17385 -1090.11321  -17.03397  -17.03302
     480    0.05609 -1090.16117 -1090.10508  -17.03377  -17.03289
     481    0.06242 -1090.16241 -1090.09999  -17.03379  -17.03281
     482    0.05065 -1090.15618 -1090.10553  -17.03369  -17.03290
     483    0.05977 -1090.18882 -1090.12905  -17.03420  -17.03327
     484    0.05464 -1090.19859 -1090.14395  -17.03435  -17.03350
     485    0.05982 -1090.16811 -1090.10829  -17.03388  -17.03294
     486    0.05426 -1090.18192 -1090.12766  -17.03409  -17.03324
     487    0.06433 -1090.19544 -1090.13111  -17.03430  -17.03330
     488    0.06366 -1090.17630 -1090.11264  -17.03400  -17.03301
     489    0.05973 -1090.15228 -1090.09255  -17.03363  -17.03270
     490    0.05740 -1090.17805 -1090.12065  -17.03403  -17.03314
     491    0.05522 -1090.16542 -1090.11020  -17.03383  -17.03297
     492    0.06042 -1090.17484 -1090.11442  -17.03398  -17.03304
